2025-03-29 10:44:01 - Starting AppStart using Java 17.0.12 with PID 9096 (C:\Users\TJ-BU-702-P24\IdeaProjects\workplatform\build\classes\java\main started by TJ-BU-702-P24 in C:\Users\TJ-BU-702-P24\IdeaProjects\workplatform)
2025-03-29 10:44:01 - No active profile set, falling back to 1 default profile: "default"
2025-03-29 10:44:03 - Tomcat initialized with port 8080 (http)
2025-03-29 10:44:03 - Initializing ProtocolHandler ["http-nio-8080"]
2025-03-29 10:44:03 - Starting service [Tomcat]
2025-03-29 10:44:03 - Starting Servlet engine: [Apache Tomcat/10.1.34]
2025-03-29 10:44:03 - Initializing Spring embedded WebApplicationContext
2025-03-29 10:44:03 - Root WebApplicationContext: initialization completed in 1935 ms
2025-03-29 10:44:03 - HikariPool-1 - Starting...
2025-03-29 10:44:04 - HikariPool-1 - Added connection com.mysql.cj.jdbc.ConnectionImpl@2744dcae
2025-03-29 10:44:04 - HikariPool-1 - Start completed.
2025-03-29 10:44:05 - Starting ProtocolHandler ["http-nio-8080"]
2025-03-29 10:44:05 - Tomcat started on port 8080 (http) with context path '/'
2025-03-29 10:44:05 - Started AppStart in 4.137 seconds (process running for 4.933)
2025-03-29 10:46:42 - Initializing Spring DispatcherServlet 'dispatcherServlet'
2025-03-29 10:46:42 - Initializing Servlet 'dispatcherServlet'
2025-03-29 10:46:42 - Completed initialization in 1 ms
2025-03-29 10:46:43 -  log info 
2025-03-29 10:46:43 -  log info 
2025-03-29 11:25:57 -  log info 
2025-03-29 11:25:57 -  log info 
2025-03-29 11:40:26 - Starting AppStart using Java 17.0.12 with PID 1700 (C:\Users\TJ-BU-702-P24\IdeaProjects\workplatform\build\classes\java\main started by TJ-BU-702-P24 in C:\Users\TJ-BU-702-P24\IdeaProjects\workplatform)
2025-03-29 11:40:26 - No active profile set, falling back to 1 default profile: "default"
2025-03-29 11:40:28 - Tomcat initialized with port 8080 (http)
2025-03-29 11:40:28 - Initializing ProtocolHandler ["http-nio-8080"]
2025-03-29 11:40:28 - Starting service [Tomcat]
2025-03-29 11:40:28 - Starting Servlet engine: [Apache Tomcat/10.1.34]
2025-03-29 11:40:28 - Initializing Spring embedded WebApplicationContext
2025-03-29 11:40:28 - Root WebApplicationContext: initialization completed in 1714 ms
2025-03-29 11:40:28 - HikariPool-1 - Starting...
2025-03-29 11:40:28 - HikariPool-1 - Added connection com.mysql.cj.jdbc.ConnectionImpl@33e0c716
2025-03-29 11:40:28 - HikariPool-1 - Start completed.
2025-03-29 11:40:28 - HikariPool-1 - Shutdown initiated...
2025-03-29 11:40:28 - HikariPool-1 - Shutdown completed.
2025-03-29 11:40:28 - Stopping service [Tomcat]
2025-03-29 11:40:28 - 

Error starting ApplicationContext. To display the condition evaluation report re-run your application with 'debug' enabled.
2025-03-29 11:41:56 - Starting AppStart using Java 17.0.12 with PID 1288 (C:\Users\TJ-BU-702-P24\IdeaProjects\workplatform\build\classes\java\main started by TJ-BU-702-P24 in C:\Users\TJ-BU-702-P24\IdeaProjects\workplatform)
2025-03-29 11:41:56 - No active profile set, falling back to 1 default profile: "default"
2025-03-29 11:41:58 - Tomcat initialized with port 8080 (http)
2025-03-29 11:41:58 - Initializing ProtocolHandler ["http-nio-8080"]
2025-03-29 11:41:58 - Starting service [Tomcat]
2025-03-29 11:41:58 - Starting Servlet engine: [Apache Tomcat/10.1.34]
2025-03-29 11:41:58 - Initializing Spring embedded WebApplicationContext
2025-03-29 11:41:58 - Root WebApplicationContext: initialization completed in 1766 ms
2025-03-29 11:41:58 - HikariPool-1 - Starting...
2025-03-29 11:41:59 - HikariPool-1 - Added connection com.mysql.cj.jdbc.ConnectionImpl@6274f21c
2025-03-29 11:41:59 - HikariPool-1 - Start completed.
2025-03-29 11:41:59 - HikariPool-1 - Shutdown initiated...
2025-03-29 11:41:59 - HikariPool-1 - Shutdown completed.
2025-03-29 11:41:59 - Stopping service [Tomcat]
2025-03-29 11:41:59 - 

Error starting ApplicationContext. To display the condition evaluation report re-run your application with 'debug' enabled.
2025-03-29 11:47:08 - Starting AppStart using Java 17.0.12 with PID 5500 (C:\Users\TJ-BU-702-P24\IdeaProjects\workplatform\build\classes\java\main started by TJ-BU-702-P24 in C:\Users\TJ-BU-702-P24\IdeaProjects\workplatform)
2025-03-29 11:47:08 - No active profile set, falling back to 1 default profile: "default"
2025-03-29 11:47:09 - Tomcat initialized with port 8080 (http)
2025-03-29 11:47:09 - Initializing ProtocolHandler ["http-nio-8080"]
2025-03-29 11:47:09 - Starting service [Tomcat]
2025-03-29 11:47:09 - Starting Servlet engine: [Apache Tomcat/10.1.34]
2025-03-29 11:47:09 - Initializing Spring embedded WebApplicationContext
2025-03-29 11:47:09 - Root WebApplicationContext: initialization completed in 1791 ms
2025-03-29 11:47:10 - HikariPool-1 - Starting...
2025-03-29 11:47:10 - HikariPool-1 - Added connection com.mysql.cj.jdbc.ConnectionImpl@35cec305
2025-03-29 11:47:10 - HikariPool-1 - Start completed.
2025-03-29 11:47:10 - HikariPool-1 - Shutdown initiated...
2025-03-29 11:47:10 - HikariPool-1 - Shutdown completed.
2025-03-29 11:47:10 - Stopping service [Tomcat]
2025-03-29 11:47:10 - 

Error starting ApplicationContext. To display the condition evaluation report re-run your application with 'debug' enabled.
2025-03-29 11:47:25 - Starting AppStart using Java 17.0.12 with PID 6332 (C:\Users\TJ-BU-702-P24\IdeaProjects\workplatform\build\classes\java\main started by TJ-BU-702-P24 in C:\Users\TJ-BU-702-P24\IdeaProjects\workplatform)
2025-03-29 11:47:25 - No active profile set, falling back to 1 default profile: "default"
2025-03-29 11:47:27 - Tomcat initialized with port 8080 (http)
2025-03-29 11:47:27 - Initializing ProtocolHandler ["http-nio-8080"]
2025-03-29 11:47:27 - Starting service [Tomcat]
2025-03-29 11:47:27 - Starting Servlet engine: [Apache Tomcat/10.1.34]
2025-03-29 11:47:27 - Initializing Spring embedded WebApplicationContext
2025-03-29 11:47:27 - Root WebApplicationContext: initialization completed in 1843 ms
2025-03-29 11:47:27 - HikariPool-1 - Starting...
2025-03-29 11:47:27 - HikariPool-1 - Added connection com.mysql.cj.jdbc.ConnectionImpl@1d6a8386
2025-03-29 11:47:27 - HikariPool-1 - Start completed.
2025-03-29 11:47:28 - HikariPool-1 - Shutdown initiated...
2025-03-29 11:47:28 - HikariPool-1 - Shutdown completed.
2025-03-29 11:47:28 - Stopping service [Tomcat]
2025-03-29 11:47:28 - 

Error starting ApplicationContext. To display the condition evaluation report re-run your application with 'debug' enabled.
2025-03-29 14:01:23 - Starting AppStart using Java 17.0.12 with PID 2332 (C:\Users\TJ-BU-702-P24\IdeaProjects\workplatform\build\classes\java\main started by TJ-BU-702-P24 in C:\Users\TJ-BU-702-P24\IdeaProjects\workplatform)
2025-03-29 14:01:23 - No active profile set, falling back to 1 default profile: "default"
2025-03-29 14:01:25 - Tomcat initialized with port 8080 (http)
2025-03-29 14:01:25 - Initializing ProtocolHandler ["http-nio-8080"]
2025-03-29 14:01:25 - Starting service [Tomcat]
2025-03-29 14:01:25 - Starting Servlet engine: [Apache Tomcat/10.1.34]
2025-03-29 14:01:25 - Initializing Spring embedded WebApplicationContext
2025-03-29 14:01:25 - Root WebApplicationContext: initialization completed in 2011 ms
2025-03-29 14:01:25 - HikariPool-1 - Starting...
2025-03-29 14:01:25 - HikariPool-1 - Added connection com.mysql.cj.jdbc.ConnectionImpl@33e0c716
2025-03-29 14:01:25 - HikariPool-1 - Start completed.
2025-03-29 14:01:25 - HikariPool-1 - Shutdown initiated...
2025-03-29 14:01:25 - HikariPool-1 - Shutdown completed.
2025-03-29 14:01:25 - Stopping service [Tomcat]
2025-03-29 14:01:25 - 

Error starting ApplicationContext. To display the condition evaluation report re-run your application with 'debug' enabled.
2025-03-29 14:20:04 - Starting AppStart using Java 17.0.12 with PID 11620 (C:\Users\TJ-BU-702-P24\IdeaProjects\workplatform\build\classes\java\main started by TJ-BU-702-P24 in C:\Users\TJ-BU-702-P24\IdeaProjects\workplatform)
2025-03-29 14:20:04 - No active profile set, falling back to 1 default profile: "default"
2025-03-29 14:20:06 - Tomcat initialized with port 8080 (http)
2025-03-29 14:20:06 - Initializing ProtocolHandler ["http-nio-8080"]
2025-03-29 14:20:06 - Starting service [Tomcat]
2025-03-29 14:20:06 - Starting Servlet engine: [Apache Tomcat/10.1.34]
2025-03-29 14:20:06 - Initializing Spring embedded WebApplicationContext
2025-03-29 14:20:06 - Root WebApplicationContext: initialization completed in 1724 ms
2025-03-29 14:20:06 - HikariPool-1 - Starting...
2025-03-29 14:20:06 - HikariPool-1 - Added connection com.mysql.cj.jdbc.ConnectionImpl@237add
2025-03-29 14:20:06 - HikariPool-1 - Start completed.
2025-03-29 14:20:07 - HikariPool-1 - Shutdown initiated...
2025-03-29 14:20:07 - HikariPool-1 - Shutdown completed.
2025-03-29 14:20:07 - Stopping service [Tomcat]
2025-03-29 14:20:07 - 

Error starting ApplicationContext. To display the condition evaluation report re-run your application with 'debug' enabled.
2025-03-29 14:58:30 - Starting AppStart using Java 17.0.12 with PID 14296 (C:\Users\TJ-BU-702-P24\IdeaProjects\workplatform\build\classes\java\main started by TJ-BU-702-P24 in C:\Users\TJ-BU-702-P24\IdeaProjects\workplatform)
2025-03-29 14:58:30 - No active profile set, falling back to 1 default profile: "default"
2025-03-29 14:58:31 - 

Error starting ApplicationContext. To display the condition evaluation report re-run your application with 'debug' enabled.
2025-03-29 15:09:25 - Starting AppStart using Java 17.0.12 with PID 10928 (C:\Users\TJ-BU-702-P24\IdeaProjects\workplatform\build\classes\java\main started by TJ-BU-702-P24 in C:\Users\TJ-BU-702-P24\IdeaProjects\workplatform)
2025-03-29 15:09:25 - No active profile set, falling back to 1 default profile: "default"
2025-03-29 15:09:27 - Tomcat initialized with port 8080 (http)
2025-03-29 15:09:27 - Initializing ProtocolHandler ["http-nio-8080"]
2025-03-29 15:09:27 - Starting service [Tomcat]
2025-03-29 15:09:27 - Starting Servlet engine: [Apache Tomcat/10.1.34]
2025-03-29 15:09:27 - Initializing Spring embedded WebApplicationContext
2025-03-29 15:09:27 - Root WebApplicationContext: initialization completed in 2038 ms
2025-03-29 15:09:27 - HikariPool-1 - Starting...
2025-03-29 15:09:28 - HikariPool-1 - Added connection com.mysql.cj.jdbc.ConnectionImpl@62d40e31
2025-03-29 15:09:28 - HikariPool-1 - Start completed.
2025-03-29 15:09:29 - Starting ProtocolHandler ["http-nio-8080"]
2025-03-29 15:09:29 - Tomcat started on port 8080 (http) with context path '/'
2025-03-29 15:09:29 - Started AppStart in 4.293 seconds (process running for 5.111)
2025-03-29 15:09:36 - Initializing Spring DispatcherServlet 'dispatcherServlet'
2025-03-29 15:09:36 - Initializing Servlet 'dispatcherServlet'
2025-03-29 15:09:36 - Completed initialization in 1 ms
2025-03-29 15:09:37 -  log info 
2025-03-29 15:09:37 -  log info 
2025-03-29 15:12:00 - Starting AppStart using Java 17.0.12 with PID 14780 (C:\Users\TJ-BU-702-P24\IdeaProjects\workplatform\build\classes\java\main started by TJ-BU-702-P24 in C:\Users\TJ-BU-702-P24\IdeaProjects\workplatform)
2025-03-29 15:12:00 - No active profile set, falling back to 1 default profile: "default"
2025-03-29 15:12:02 - Tomcat initialized with port 8080 (http)
2025-03-29 15:12:02 - Initializing ProtocolHandler ["http-nio-8080"]
2025-03-29 15:12:02 - Starting service [Tomcat]
2025-03-29 15:12:02 - Starting Servlet engine: [Apache Tomcat/10.1.34]
2025-03-29 15:12:02 - Initializing Spring embedded WebApplicationContext
2025-03-29 15:12:02 - Root WebApplicationContext: initialization completed in 1947 ms
2025-03-29 15:12:02 - HikariPool-1 - Starting...
2025-03-29 15:12:03 - HikariPool-1 - Added connection com.mysql.cj.jdbc.ConnectionImpl@4cffd3fd
2025-03-29 15:12:03 - HikariPool-1 - Start completed.
2025-03-29 15:12:04 - Starting ProtocolHandler ["http-nio-8080"]
2025-03-29 15:12:04 - Tomcat started on port 8080 (http) with context path '/'
2025-03-29 15:12:04 - Started AppStart in 4.279 seconds (process running for 5.024)
2025-03-29 15:12:17 - Initializing Spring DispatcherServlet 'dispatcherServlet'
2025-03-29 15:12:17 - Initializing Servlet 'dispatcherServlet'
2025-03-29 15:12:17 - Completed initialization in 2 ms
2025-03-29 15:12:17 -  log info 
2025-03-29 15:12:17 -  log info 
2025-03-29 15:12:33 -  log info 
2025-03-29 15:12:33 -  log info 
2025-03-29 15:30:40 -  log info 
2025-03-29 15:30:40 -  log info 
2025-03-29 15:32:26 -  log info 
2025-03-29 15:32:26 -  log info 
2025-03-29 15:32:37 -  log info 
2025-03-29 15:32:37 -  log info 
2025-03-29 15:32:50 -  log info 
2025-03-29 15:32:50 -  log info 
2025-03-29 15:33:00 -  log info 
2025-03-29 15:33:00 -  log info 
2025-03-29 15:35:27 - Starting AppStart using Java 17.0.12 with PID 6936 (C:\Users\TJ-BU-702-P24\IdeaProjects\workplatform\build\classes\java\main started by TJ-BU-702-P24 in C:\Users\TJ-BU-702-P24\IdeaProjects\workplatform)
2025-03-29 15:35:27 - No active profile set, falling back to 1 default profile: "default"
2025-03-29 15:35:29 - Tomcat initialized with port 8080 (http)
2025-03-29 15:35:29 - Initializing ProtocolHandler ["http-nio-8080"]
2025-03-29 15:35:29 - Starting service [Tomcat]
2025-03-29 15:35:29 - Starting Servlet engine: [Apache Tomcat/10.1.34]
2025-03-29 15:35:29 - Initializing Spring embedded WebApplicationContext
2025-03-29 15:35:29 - Root WebApplicationContext: initialization completed in 1819 ms
2025-03-29 15:35:29 - HikariPool-1 - Starting...
2025-03-29 15:35:29 - HikariPool-1 - Added connection com.mysql.cj.jdbc.ConnectionImpl@650aa077
2025-03-29 15:35:29 - HikariPool-1 - Start completed.
2025-03-29 15:35:30 - Starting ProtocolHandler ["http-nio-8080"]
2025-03-29 15:35:30 - Tomcat started on port 8080 (http) with context path '/'
2025-03-29 15:35:30 - Started AppStart in 3.897 seconds (process running for 4.614)
2025-03-29 15:35:31 - Initializing Spring DispatcherServlet 'dispatcherServlet'
2025-03-29 15:35:31 - Initializing Servlet 'dispatcherServlet'
2025-03-29 15:35:31 - Completed initialization in 0 ms
2025-03-29 15:35:31 -  log info 
2025-03-29 15:35:31 -  log info 
2025-03-29 15:49:08 -  log info 
2025-03-29 15:49:08 -  log info 
2025-03-29 16:53:51 - Starting AppStart using Java 17.0.12 with PID 13216 (C:\Users\TJ-BU-702-P24\IdeaProjects\workplatform\build\classes\java\main started by TJ-BU-702-P24 in C:\Users\TJ-BU-702-P24\IdeaProjects\workplatform)
2025-03-29 16:53:51 - No active profile set, falling back to 1 default profile: "default"
2025-03-29 16:53:52 - Tomcat initialized with port 8080 (http)
2025-03-29 16:53:53 - Initializing ProtocolHandler ["http-nio-8080"]
2025-03-29 16:53:53 - Starting service [Tomcat]
2025-03-29 16:53:53 - Starting Servlet engine: [Apache Tomcat/10.1.34]
2025-03-29 16:53:53 - Initializing Spring embedded WebApplicationContext
2025-03-29 16:53:53 - Root WebApplicationContext: initialization completed in 1774 ms
2025-03-29 16:53:53 - HikariPool-1 - Starting...
2025-03-29 16:53:53 - HikariPool-1 - Added connection com.mysql.cj.jdbc.ConnectionImpl@5c48b72c
2025-03-29 16:53:53 - HikariPool-1 - Start completed.
2025-03-29 16:53:54 - Starting ProtocolHandler ["http-nio-8080"]
2025-03-29 16:53:54 - Tomcat started on port 8080 (http) with context path '/'
2025-03-29 16:53:54 - Started AppStart in 3.787 seconds (process running for 4.472)
2025-03-29 16:54:40 - Initializing Spring DispatcherServlet 'dispatcherServlet'
2025-03-29 16:54:40 - Initializing Servlet 'dispatcherServlet'
2025-03-29 16:54:40 - Completed initialization in 0 ms
2025-03-29 16:54:41 -  log info 
2025-03-29 16:54:41 -  log info 
