2025-04-11 08:00:56 - Starting AppStart using Java 17.0.12 with PID 35044 (C:\Users\ppo37\IdeaProjects\workplatform\build\classes\java\main started by ppo37 in C:\Users\ppo37\IdeaProjects\workplatform)
2025-04-11 08:00:56 - No active profile set, falling back to 1 default profile: "default"
2025-04-11 08:00:57 - Tomcat initialized with port 8080 (http)
2025-04-11 08:00:57 - Initializing ProtocolHandler ["http-nio-8080"]
2025-04-11 08:00:57 - Starting service [Tomcat]
2025-04-11 08:00:57 - Starting Servlet engine: [Apache Tomcat/10.1.34]
2025-04-11 08:00:57 - Initializing Spring embedded WebApplicationContext
2025-04-11 08:00:57 - Root WebApplicationContext: initialization completed in 1399 ms
2025-04-11 08:00:58 - HikariPool-1 - Starting...
2025-04-11 08:00:58 - HikariPool-1 - Added connection com.mysql.cj.jdbc.ConnectionImpl@1142d377
2025-04-11 08:00:58 - HikariPool-1 - Start completed.
2025-04-11 08:00:58 - Starting ProtocolHandler ["http-nio-8080"]
2025-04-11 08:00:58 - Tomcat started on port 8080 (http) with context path '/'
2025-04-11 08:00:58 - Started AppStart in 2.775 seconds (process running for 3.302)
2025-04-11 08:01:04 - Initializing Spring DispatcherServlet 'dispatcherServlet'
2025-04-11 08:01:04 - Initializing Servlet 'dispatcherServlet'
2025-04-11 08:01:04 - Completed initialization in 1 ms
2025-04-11 08:01:04 -  log info 
2025-04-11 08:01:04 -  log info 
2025-04-11 08:01:14 -  log info 
2025-04-11 08:01:14 -  log info 
2025-04-11 08:02:20 -  log info 
2025-04-11 08:02:20 -  log info 
2025-04-11 08:05:06 -  log info 
2025-04-11 08:05:06 -  log info 
2025-04-11 08:06:38 -  log info 
2025-04-11 08:06:38 -  log info 
2025-04-11 08:09:12 -  log info 
2025-04-11 08:09:12 -  log info 
