2025-03-23 00:09:00 -  log info 
2025-03-23 00:09:00 -  log info 
2025-03-23 00:09:06 -  log info 
2025-03-23 00:09:06 -  log info 
2025-03-23 00:20:16 - Starting AppStart using Java 17.0.12 with PID 26276 (C:\Users\ppo37\IdeaProjects\workplatform\build\classes\java\main started by ppo37 in C:\Users\ppo37\IdeaProjects\workplatform)
2025-03-23 00:20:16 - No active profile set, falling back to 1 default profile: "default"
2025-03-23 00:20:16 - Bootstrapping Spring Data JPA repositories in DEFAULT mode.
2025-03-23 00:20:16 - Finished Spring Data repository scanning in 14 ms. Found 0 JPA repository interfaces.
2025-03-23 00:20:17 - Tomcat initialized with port 8080 (http)
2025-03-23 00:20:17 - Initializing ProtocolHandler ["http-nio-8080"]
2025-03-23 00:20:17 - Starting service [Tomcat]
2025-03-23 00:20:17 - Starting Servlet engine: [Apache Tomcat/10.1.34]
2025-03-23 00:20:17 - Initializing Spring embedded WebApplicationContext
2025-03-23 00:20:17 - Root WebApplicationContext: initialization completed in 1002 ms
2025-03-23 00:20:17 - HikariPool-1 - Starting...
2025-03-23 00:20:17 - HikariPool-1 - Added connection com.mysql.cj.jdbc.ConnectionImpl@6380e9e9
2025-03-23 00:20:17 - HikariPool-1 - Start completed.
2025-03-23 00:20:18 - HHH000204: Processing PersistenceUnitInfo [name: default]
2025-03-23 00:20:18 - HHH000412: Hibernate ORM core version 6.6.5.Final
2025-03-23 00:20:18 - HHH000026: Second-level cache disabled
2025-03-23 00:20:18 - No LoadTimeWeaver setup: ignoring JPA class transformer
2025-03-23 00:20:18 - HHH10001005: Database info:
	Database JDBC URL [Connecting through datasource 'HikariDataSource (HikariPool-1)']
	Database driver: undefined/unknown
	Database version: 8.0.40
	Autocommit mode: undefined/unknown
	Isolation level: undefined/unknown
	Minimum pool size: undefined/unknown
	Maximum pool size: undefined/unknown
2025-03-23 00:20:18 - HHH000489: No JTA platform available (set 'hibernate.transaction.jta.platform' to enable JTA platform integration)
2025-03-23 00:20:18 - Initialized JPA EntityManagerFactory for persistence unit 'default'
2025-03-23 00:20:19 - Starting ProtocolHandler ["http-nio-8080"]
2025-03-23 00:20:19 - Tomcat started on port 8080 (http) with context path '/'
2025-03-23 00:20:19 - Started AppStart in 3.254 seconds (process running for 3.663)
2025-03-23 00:20:42 - Initializing Spring DispatcherServlet 'dispatcherServlet'
2025-03-23 00:20:42 - Initializing Servlet 'dispatcherServlet'
2025-03-23 00:20:42 - Completed initialization in 2 ms
2025-03-23 00:20:48 -  log info 
2025-03-23 00:20:48 -  log info 
2025-03-23 00:21:07 -  log info 
2025-03-23 00:21:07 -  log info 
2025-03-23 00:45:31 -  log info 
2025-03-23 00:45:31 -  log info 
2025-03-23 00:46:48 -  log info 
2025-03-23 00:46:48 -  log info 
2025-03-23 06:05:35 - Starting AppStart using Java 17.0.12 with PID 15768 (C:\Users\ppo37\IdeaProjects\workplatform\build\classes\java\main started by ppo37 in C:\Users\ppo37\IdeaProjects\workplatform)
2025-03-23 06:05:35 - No active profile set, falling back to 1 default profile: "default"
2025-03-23 06:05:35 - Bootstrapping Spring Data JPA repositories in DEFAULT mode.
2025-03-23 06:05:35 - Finished Spring Data repository scanning in 15 ms. Found 0 JPA repository interfaces.
2025-03-23 06:05:36 - Tomcat initialized with port 8080 (http)
2025-03-23 06:05:36 - Initializing ProtocolHandler ["http-nio-8080"]
2025-03-23 06:05:36 - Starting service [Tomcat]
2025-03-23 06:05:36 - Starting Servlet engine: [Apache Tomcat/10.1.34]
2025-03-23 06:05:36 - Initializing Spring embedded WebApplicationContext
2025-03-23 06:05:36 - Root WebApplicationContext: initialization completed in 1012 ms
2025-03-23 06:05:36 - HikariPool-1 - Starting...
2025-03-23 06:05:36 - HikariPool-1 - Added connection com.mysql.cj.jdbc.ConnectionImpl@285a4fe3
2025-03-23 06:05:36 - HikariPool-1 - Start completed.
2025-03-23 06:05:36 - HHH000204: Processing PersistenceUnitInfo [name: default]
2025-03-23 06:05:37 - HHH000412: Hibernate ORM core version 6.6.5.Final
2025-03-23 06:05:37 - HHH000026: Second-level cache disabled
2025-03-23 06:05:37 - No LoadTimeWeaver setup: ignoring JPA class transformer
2025-03-23 06:05:37 - HHH10001005: Database info:
	Database JDBC URL [Connecting through datasource 'HikariDataSource (HikariPool-1)']
	Database driver: undefined/unknown
	Database version: 8.0.40
	Autocommit mode: undefined/unknown
	Isolation level: undefined/unknown
	Minimum pool size: undefined/unknown
	Maximum pool size: undefined/unknown
2025-03-23 06:05:37 - HHH000489: No JTA platform available (set 'hibernate.transaction.jta.platform' to enable JTA platform integration)
2025-03-23 06:05:37 - Initialized JPA EntityManagerFactory for persistence unit 'default'
2025-03-23 06:05:38 - Starting ProtocolHandler ["http-nio-8080"]
2025-03-23 06:05:38 - Tomcat started on port 8080 (http) with context path '/'
2025-03-23 06:05:38 - Started AppStart in 3.431 seconds (process running for 3.853)
2025-03-23 06:05:44 - Initializing Spring DispatcherServlet 'dispatcherServlet'
2025-03-23 06:05:44 - Initializing Servlet 'dispatcherServlet'
2025-03-23 06:05:44 - Completed initialization in 0 ms
2025-03-23 06:06:06 -  log info 
2025-03-23 06:06:06 -  log info 
2025-03-23 06:06:12 -  log info 
2025-03-23 06:06:12 -  log info 
2025-03-23 06:06:17 -  log info 
2025-03-23 06:06:17 -  log info 
2025-03-23 10:31:08 -  log info 
2025-03-23 10:31:08 -  log info 
2025-03-23 10:31:13 -  log info 
2025-03-23 10:31:13 -  log info 
2025-03-23 10:43:41 -  log info 
2025-03-23 10:43:41 -  log info 
2025-03-23 10:53:45 -  log info 
2025-03-23 10:53:45 -  log info 
2025-03-23 10:53:52 -  log info 
2025-03-23 10:53:52 -  log info 
2025-03-23 11:09:03 -  log info 
2025-03-23 11:09:03 -  log info 
2025-03-23 11:12:00 -  log info 
2025-03-23 11:12:00 -  log info 
2025-03-23 11:13:47 -  log info 
2025-03-23 11:13:47 -  log info 
2025-03-23 11:14:34 -  log info 
2025-03-23 11:14:34 -  log info 
2025-03-23 11:18:30 -  log info 
2025-03-23 11:18:30 -  log info 
2025-03-23 11:18:33 -  log info 
2025-03-23 11:18:33 -  log info 
2025-03-23 11:20:39 -  log info 
2025-03-23 11:20:39 -  log info 
2025-03-23 11:20:45 -  log info 
2025-03-23 11:20:45 -  log info 
2025-03-23 11:23:39 -  log info 
2025-03-23 11:23:39 -  log info 
2025-03-23 11:26:25 -  log info 
2025-03-23 11:26:25 -  log info 
2025-03-23 11:31:22 -  log info 
2025-03-23 11:31:22 -  log info 
2025-03-23 11:35:19 -  log info 
2025-03-23 11:35:19 -  log info 
2025-03-23 11:46:26 - Starting AppStart using Java 17.0.12 with PID 17540 (C:\Users\ppo37\IdeaProjects\workplatform\build\classes\java\main started by ppo37 in C:\Users\ppo37\IdeaProjects\workplatform)
2025-03-23 11:46:26 - No active profile set, falling back to 1 default profile: "default"
2025-03-23 11:46:27 - Bootstrapping Spring Data JPA repositories in DEFAULT mode.
2025-03-23 11:46:27 - Finished Spring Data repository scanning in 16 ms. Found 0 JPA repository interfaces.
2025-03-23 11:46:27 - Tomcat initialized with port 8080 (http)
2025-03-23 11:46:27 - Initializing ProtocolHandler ["http-nio-8080"]
2025-03-23 11:46:27 - Starting service [Tomcat]
2025-03-23 11:46:27 - Starting Servlet engine: [Apache Tomcat/10.1.34]
2025-03-23 11:46:27 - Initializing Spring embedded WebApplicationContext
2025-03-23 11:46:27 - Root WebApplicationContext: initialization completed in 1175 ms
2025-03-23 11:46:27 - HikariPool-1 - Starting...
2025-03-23 11:46:27 - HikariPool-1 - Added connection com.mysql.cj.jdbc.ConnectionImpl@2589d787
2025-03-23 11:46:27 - HikariPool-1 - Start completed.
2025-03-23 11:46:28 - HHH000204: Processing PersistenceUnitInfo [name: default]
2025-03-23 11:46:28 - HHH000412: Hibernate ORM core version 6.6.5.Final
2025-03-23 11:46:28 - HHH000026: Second-level cache disabled
2025-03-23 11:46:28 - No LoadTimeWeaver setup: ignoring JPA class transformer
2025-03-23 11:46:28 - HHH10001005: Database info:
	Database JDBC URL [Connecting through datasource 'HikariDataSource (HikariPool-1)']
	Database driver: undefined/unknown
	Database version: 8.0.40
	Autocommit mode: undefined/unknown
	Isolation level: undefined/unknown
	Minimum pool size: undefined/unknown
	Maximum pool size: undefined/unknown
2025-03-23 11:46:29 - HHH000489: No JTA platform available (set 'hibernate.transaction.jta.platform' to enable JTA platform integration)
2025-03-23 11:46:29 - Initialized JPA EntityManagerFactory for persistence unit 'default'
2025-03-23 11:46:29 - Starting ProtocolHandler ["http-nio-8080"]
2025-03-23 11:46:29 - Tomcat started on port 8080 (http) with context path '/'
2025-03-23 11:46:29 - Started AppStart in 3.32 seconds (process running for 3.737)
2025-03-23 11:46:48 - Initializing Spring DispatcherServlet 'dispatcherServlet'
2025-03-23 11:46:48 - Initializing Servlet 'dispatcherServlet'
2025-03-23 11:46:48 - Completed initialization in 1 ms
2025-03-23 11:47:27 -  log info 
2025-03-23 11:47:27 -  log info 
2025-03-23 11:47:31 -  log info 
2025-03-23 11:47:31 -  log info 
2025-03-23 11:51:06 -  log info 
2025-03-23 11:51:06 -  log info 
2025-03-23 11:57:01 -  log info 
2025-03-23 11:57:01 -  log info 
2025-03-23 11:57:29 -  log info 
2025-03-23 11:57:29 -  log info 
2025-03-23 12:12:59 -  log info 
2025-03-23 12:12:59 -  log info 
2025-03-23 12:54:24 -  log info 
2025-03-23 12:54:24 -  log info 
2025-03-23 12:54:36 -  log info 
2025-03-23 12:54:36 -  log info 
2025-03-23 13:36:51 - Starting AppStart using Java 17.0.12 with PID 15764 (C:\Users\ppo37\IdeaProjects\workplatform\build\classes\java\main started by ppo37 in C:\Users\ppo37\IdeaProjects\workplatform)
2025-03-23 13:36:51 - No active profile set, falling back to 1 default profile: "default"
2025-03-23 13:36:52 - Bootstrapping Spring Data JPA repositories in DEFAULT mode.
2025-03-23 13:36:52 - Finished Spring Data repository scanning in 17 ms. Found 0 JPA repository interfaces.
2025-03-23 13:36:52 - Tomcat initialized with port 8080 (http)
2025-03-23 13:36:52 - Initializing ProtocolHandler ["http-nio-8080"]
2025-03-23 13:36:52 - Starting service [Tomcat]
2025-03-23 13:36:52 - Starting Servlet engine: [Apache Tomcat/10.1.34]
2025-03-23 13:36:52 - Initializing Spring embedded WebApplicationContext
2025-03-23 13:36:52 - Root WebApplicationContext: initialization completed in 1305 ms
2025-03-23 13:36:52 - HikariPool-1 - Starting...
2025-03-23 13:36:53 - HikariPool-1 - Added connection com.mysql.cj.jdbc.ConnectionImpl@2589d787
2025-03-23 13:36:53 - HikariPool-1 - Start completed.
2025-03-23 13:36:53 - HHH000204: Processing PersistenceUnitInfo [name: default]
2025-03-23 13:36:53 - HHH000412: Hibernate ORM core version 6.6.5.Final
2025-03-23 13:36:53 - HHH000026: Second-level cache disabled
2025-03-23 13:36:54 - No LoadTimeWeaver setup: ignoring JPA class transformer
2025-03-23 13:36:54 - HHH10001005: Database info:
	Database JDBC URL [Connecting through datasource 'HikariDataSource (HikariPool-1)']
	Database driver: undefined/unknown
	Database version: 8.0.40
	Autocommit mode: undefined/unknown
	Isolation level: undefined/unknown
	Minimum pool size: undefined/unknown
	Maximum pool size: undefined/unknown
2025-03-23 13:36:54 - HHH000489: No JTA platform available (set 'hibernate.transaction.jta.platform' to enable JTA platform integration)
2025-03-23 13:36:54 - Initialized JPA EntityManagerFactory for persistence unit 'default'
2025-03-23 13:36:54 - Starting ProtocolHandler ["http-nio-8080"]
2025-03-23 13:36:54 - Tomcat started on port 8080 (http) with context path '/'
2025-03-23 13:36:54 - Started AppStart in 3.707 seconds (process running for 4.123)
2025-03-23 13:37:04 - Initializing Spring DispatcherServlet 'dispatcherServlet'
2025-03-23 13:37:04 - Initializing Servlet 'dispatcherServlet'
2025-03-23 13:37:04 - Completed initialization in 1 ms
2025-03-23 13:48:11 - Starting AppStart using Java 17.0.12 with PID 8724 (C:\Users\ppo37\IdeaProjects\workplatform\build\classes\java\main started by ppo37 in C:\Users\ppo37\IdeaProjects\workplatform)
2025-03-23 13:48:11 - No active profile set, falling back to 1 default profile: "default"
2025-03-23 13:48:11 - Bootstrapping Spring Data JPA repositories in DEFAULT mode.
2025-03-23 13:48:11 - Finished Spring Data repository scanning in 15 ms. Found 0 JPA repository interfaces.
2025-03-23 13:48:12 - Tomcat initialized with port 8080 (http)
2025-03-23 13:48:12 - Initializing ProtocolHandler ["http-nio-8080"]
2025-03-23 13:48:12 - Starting service [Tomcat]
2025-03-23 13:48:12 - Starting Servlet engine: [Apache Tomcat/10.1.34]
2025-03-23 13:48:12 - Initializing Spring embedded WebApplicationContext
2025-03-23 13:48:12 - Root WebApplicationContext: initialization completed in 1011 ms
2025-03-23 13:48:12 - HikariPool-1 - Starting...
2025-03-23 13:48:12 - HikariPool-1 - Added connection com.mysql.cj.jdbc.ConnectionImpl@367d34c0
2025-03-23 13:48:12 - HikariPool-1 - Start completed.
2025-03-23 13:48:13 - HHH000204: Processing PersistenceUnitInfo [name: default]
2025-03-23 13:48:13 - HHH000412: Hibernate ORM core version 6.6.5.Final
2025-03-23 13:48:13 - HHH000026: Second-level cache disabled
2025-03-23 13:48:13 - No LoadTimeWeaver setup: ignoring JPA class transformer
2025-03-23 13:48:13 - HHH10001005: Database info:
	Database JDBC URL [Connecting through datasource 'HikariDataSource (HikariPool-1)']
	Database driver: undefined/unknown
	Database version: 8.0.40
	Autocommit mode: undefined/unknown
	Isolation level: undefined/unknown
	Minimum pool size: undefined/unknown
	Maximum pool size: undefined/unknown
2025-03-23 13:48:13 - HHH000489: No JTA platform available (set 'hibernate.transaction.jta.platform' to enable JTA platform integration)
2025-03-23 13:48:13 - Initialized JPA EntityManagerFactory for persistence unit 'default'
2025-03-23 13:48:14 - Starting ProtocolHandler ["http-nio-8080"]
2025-03-23 13:48:14 - Tomcat started on port 8080 (http) with context path '/'
2025-03-23 13:48:14 - Started AppStart in 3.284 seconds (process running for 3.704)
2025-03-23 13:48:15 - Initializing Spring DispatcherServlet 'dispatcherServlet'
2025-03-23 13:48:15 - Initializing Servlet 'dispatcherServlet'
2025-03-23 13:48:15 - Completed initialization in 0 ms
2025-03-23 13:49:30 - Starting AppStart using Java 17.0.12 with PID 1072 (C:\Users\ppo37\IdeaProjects\workplatform\build\classes\java\main started by ppo37 in C:\Users\ppo37\IdeaProjects\workplatform)
2025-03-23 13:49:30 - No active profile set, falling back to 1 default profile: "default"
2025-03-23 13:49:31 - Bootstrapping Spring Data JPA repositories in DEFAULT mode.
2025-03-23 13:49:31 - Finished Spring Data repository scanning in 15 ms. Found 0 JPA repository interfaces.
2025-03-23 13:49:31 - Tomcat initialized with port 8080 (http)
2025-03-23 13:49:31 - Initializing ProtocolHandler ["http-nio-8080"]
2025-03-23 13:49:31 - Starting service [Tomcat]
2025-03-23 13:49:31 - Starting Servlet engine: [Apache Tomcat/10.1.34]
2025-03-23 13:49:31 - Initializing Spring embedded WebApplicationContext
2025-03-23 13:49:31 - Root WebApplicationContext: initialization completed in 991 ms
2025-03-23 13:49:31 - HikariPool-1 - Starting...
2025-03-23 13:49:31 - HikariPool-1 - Added connection com.mysql.cj.jdbc.ConnectionImpl@367d34c0
2025-03-23 13:49:31 - HikariPool-1 - Start completed.
2025-03-23 13:49:32 - HHH000204: Processing PersistenceUnitInfo [name: default]
2025-03-23 13:49:32 - HHH000412: Hibernate ORM core version 6.6.5.Final
2025-03-23 13:49:32 - HHH000026: Second-level cache disabled
2025-03-23 13:49:32 - No LoadTimeWeaver setup: ignoring JPA class transformer
2025-03-23 13:49:32 - HHH10001005: Database info:
	Database JDBC URL [Connecting through datasource 'HikariDataSource (HikariPool-1)']
	Database driver: undefined/unknown
	Database version: 8.0.40
	Autocommit mode: undefined/unknown
	Isolation level: undefined/unknown
	Minimum pool size: undefined/unknown
	Maximum pool size: undefined/unknown
2025-03-23 13:49:33 - HHH000489: No JTA platform available (set 'hibernate.transaction.jta.platform' to enable JTA platform integration)
2025-03-23 13:49:33 - Initialized JPA EntityManagerFactory for persistence unit 'default'
2025-03-23 13:49:33 - Starting ProtocolHandler ["http-nio-8080"]
2025-03-23 13:49:33 - Tomcat started on port 8080 (http) with context path '/'
2025-03-23 13:49:33 - Started AppStart in 3.133 seconds (process running for 3.545)
2025-03-23 13:49:56 - Initializing Spring DispatcherServlet 'dispatcherServlet'
2025-03-23 13:49:56 - Initializing Servlet 'dispatcherServlet'
2025-03-23 13:49:56 - Completed initialization in 1 ms
2025-03-23 15:39:24 - Starting AppStart using Java 17.0.12 with PID 29400 (C:\Users\ppo37\IdeaProjects\workplatform\build\classes\java\main started by ppo37 in C:\Users\ppo37\IdeaProjects\workplatform)
2025-03-23 15:39:24 - No active profile set, falling back to 1 default profile: "default"
2025-03-23 15:39:25 - Bootstrapping Spring Data JPA repositories in DEFAULT mode.
2025-03-23 15:39:25 - Finished Spring Data repository scanning in 14 ms. Found 0 JPA repository interfaces.
2025-03-23 15:39:25 - Tomcat initialized with port 8080 (http)
2025-03-23 15:39:25 - Initializing ProtocolHandler ["http-nio-8080"]
2025-03-23 15:39:25 - Starting service [Tomcat]
2025-03-23 15:39:25 - Starting Servlet engine: [Apache Tomcat/10.1.34]
2025-03-23 15:39:25 - Initializing Spring embedded WebApplicationContext
2025-03-23 15:39:25 - Root WebApplicationContext: initialization completed in 995 ms
2025-03-23 15:39:25 - HikariPool-1 - Starting...
2025-03-23 15:39:25 - HikariPool-1 - Added connection com.mysql.cj.jdbc.ConnectionImpl@de77146
2025-03-23 15:39:25 - HikariPool-1 - Start completed.
2025-03-23 15:39:26 - HHH000204: Processing PersistenceUnitInfo [name: default]
2025-03-23 15:39:26 - HHH000412: Hibernate ORM core version 6.6.5.Final
2025-03-23 15:39:26 - HHH000026: Second-level cache disabled
2025-03-23 15:39:26 - No LoadTimeWeaver setup: ignoring JPA class transformer
2025-03-23 15:39:26 - HHH10001005: Database info:
	Database JDBC URL [Connecting through datasource 'HikariDataSource (HikariPool-1)']
	Database driver: undefined/unknown
	Database version: 8.0.40
	Autocommit mode: undefined/unknown
	Isolation level: undefined/unknown
	Minimum pool size: undefined/unknown
	Maximum pool size: undefined/unknown
2025-03-23 15:39:27 - HHH000489: No JTA platform available (set 'hibernate.transaction.jta.platform' to enable JTA platform integration)
2025-03-23 15:39:27 - Initialized JPA EntityManagerFactory for persistence unit 'default'
2025-03-23 15:39:27 - Starting ProtocolHandler ["http-nio-8080"]
2025-03-23 15:39:27 - Tomcat started on port 8080 (http) with context path '/'
2025-03-23 15:39:27 - Started AppStart in 3.186 seconds (process running for 3.649)
2025-03-23 15:39:40 - Initializing Spring DispatcherServlet 'dispatcherServlet'
2025-03-23 15:39:40 - Initializing Servlet 'dispatcherServlet'
2025-03-23 15:39:40 - Completed initialization in 1 ms
2025-03-23 15:46:17 -  log info 
2025-03-23 15:46:17 -  log info 
2025-03-23 15:46:19 -  log info 
2025-03-23 15:46:19 -  log info 
2025-03-23 16:45:50 -  log info 
2025-03-23 16:45:50 -  log info 
2025-03-23 16:47:52 -  log info 
2025-03-23 16:47:52 -  log info 
2025-03-23 16:48:03 -  log info 
2025-03-23 16:48:03 -  log info 
2025-03-23 16:49:03 -  log info 
2025-03-23 16:49:03 -  log info 
2025-03-23 16:53:28 - Starting AppStart using Java 17.0.12 with PID 25856 (C:\Users\ppo37\IdeaProjects\workplatform\build\classes\java\main started by ppo37 in C:\Users\ppo37\IdeaProjects\workplatform)
2025-03-23 16:53:28 - No active profile set, falling back to 1 default profile: "default"
2025-03-23 16:53:29 - Bootstrapping Spring Data JPA repositories in DEFAULT mode.
2025-03-23 16:53:29 - Finished Spring Data repository scanning in 16 ms. Found 0 JPA repository interfaces.
2025-03-23 16:53:29 - Tomcat initialized with port 8080 (http)
2025-03-23 16:53:29 - Initializing ProtocolHandler ["http-nio-8080"]
2025-03-23 16:53:29 - Starting service [Tomcat]
2025-03-23 16:53:29 - Starting Servlet engine: [Apache Tomcat/10.1.34]
2025-03-23 16:53:30 - Initializing Spring embedded WebApplicationContext
2025-03-23 16:53:30 - Root WebApplicationContext: initialization completed in 1595 ms
2025-03-23 16:53:30 - HikariPool-1 - Starting...
2025-03-23 16:53:30 - HikariPool-1 - Added connection com.mysql.cj.jdbc.ConnectionImpl@34c7232c
2025-03-23 16:53:30 - HikariPool-1 - Start completed.
2025-03-23 16:53:31 - HHH000204: Processing PersistenceUnitInfo [name: default]
2025-03-23 16:53:31 - HHH000412: Hibernate ORM core version 6.6.5.Final
2025-03-23 16:53:31 - HHH000026: Second-level cache disabled
2025-03-23 16:53:31 - No LoadTimeWeaver setup: ignoring JPA class transformer
2025-03-23 16:53:31 - HHH10001005: Database info:
	Database JDBC URL [Connecting through datasource 'HikariDataSource (HikariPool-1)']
	Database driver: undefined/unknown
	Database version: 8.0.40
	Autocommit mode: undefined/unknown
	Isolation level: undefined/unknown
	Minimum pool size: undefined/unknown
	Maximum pool size: undefined/unknown
2025-03-23 16:53:32 - HHH000489: No JTA platform available (set 'hibernate.transaction.jta.platform' to enable JTA platform integration)
2025-03-23 16:53:32 - Initialized JPA EntityManagerFactory for persistence unit 'default'
2025-03-23 16:53:33 - Starting ProtocolHandler ["http-nio-8080"]
2025-03-23 16:53:33 - Tomcat started on port 8080 (http) with context path '/'
2025-03-23 16:53:33 - Started AppStart in 5.199 seconds (process running for 5.817)
2025-03-23 16:53:33 - Initializing Spring DispatcherServlet 'dispatcherServlet'
2025-03-23 16:53:33 - Initializing Servlet 'dispatcherServlet'
2025-03-23 16:53:33 - Completed initialization in 1 ms
2025-03-23 16:53:51 -  log info 
2025-03-23 16:53:51 -  log info 
2025-03-23 16:58:50 -  log info 
2025-03-23 16:58:50 -  log info 
2025-03-23 16:59:00 -  log info 
2025-03-23 16:59:00 -  log info 
2025-03-23 17:01:17 -  log info 
2025-03-23 17:01:17 -  log info 
2025-03-23 17:08:46 -  log info 
2025-03-23 17:08:46 -  log info 
2025-03-23 17:17:09 -  log info 
2025-03-23 17:17:09 -  log info 
2025-03-23 17:17:15 -  log info 
2025-03-23 17:17:15 -  log info 
2025-03-23 17:34:29 -  log info 
2025-03-23 17:34:29 -  log info 
2025-03-23 17:34:34 -  log info 
2025-03-23 17:34:34 -  log info 
2025-03-23 17:46:04 -  log info 
2025-03-23 17:46:04 -  log info 
2025-03-23 17:46:24 -  log info 
2025-03-23 17:46:24 -  log info 
2025-03-23 17:46:30 -  log info 
2025-03-23 17:46:30 -  log info 
2025-03-23 17:51:19 -  log info 
2025-03-23 17:51:19 -  log info 
2025-03-23 17:57:22 - Starting AppStart using Java 17.0.12 with PID 2800 (C:\Users\ppo37\IdeaProjects\workplatform\build\classes\java\main started by ppo37 in C:\Users\ppo37\IdeaProjects\workplatform)
2025-03-23 17:57:22 - No active profile set, falling back to 1 default profile: "default"
2025-03-23 17:57:23 - Bootstrapping Spring Data JPA repositories in DEFAULT mode.
2025-03-23 17:57:23 - Finished Spring Data repository scanning in 15 ms. Found 0 JPA repository interfaces.
2025-03-23 17:57:23 - Tomcat initialized with port 8080 (http)
2025-03-23 17:57:23 - Initializing ProtocolHandler ["http-nio-8080"]
2025-03-23 17:57:23 - Starting service [Tomcat]
2025-03-23 17:57:23 - Starting Servlet engine: [Apache Tomcat/10.1.34]
2025-03-23 17:57:24 - Initializing Spring embedded WebApplicationContext
2025-03-23 17:57:24 - Root WebApplicationContext: initialization completed in 1034 ms
2025-03-23 17:57:24 - HikariPool-1 - Starting...
2025-03-23 17:57:24 - HikariPool-1 - Added connection com.mysql.cj.jdbc.ConnectionImpl@de77146
2025-03-23 17:57:24 - HikariPool-1 - Start completed.
2025-03-23 17:57:24 - HHH000204: Processing PersistenceUnitInfo [name: default]
2025-03-23 17:57:24 - HHH000412: Hibernate ORM core version 6.6.5.Final
2025-03-23 17:57:24 - HHH000026: Second-level cache disabled
2025-03-23 17:57:25 - No LoadTimeWeaver setup: ignoring JPA class transformer
2025-03-23 17:57:25 - HHH10001005: Database info:
	Database JDBC URL [Connecting through datasource 'HikariDataSource (HikariPool-1)']
	Database driver: undefined/unknown
	Database version: 8.0.40
	Autocommit mode: undefined/unknown
	Isolation level: undefined/unknown
	Minimum pool size: undefined/unknown
	Maximum pool size: undefined/unknown
2025-03-23 17:57:25 - HHH000489: No JTA platform available (set 'hibernate.transaction.jta.platform' to enable JTA platform integration)
2025-03-23 17:57:25 - Initialized JPA EntityManagerFactory for persistence unit 'default'
2025-03-23 17:57:26 - Starting ProtocolHandler ["http-nio-8080"]
2025-03-23 17:57:26 - Tomcat started on port 8080 (http) with context path '/'
2025-03-23 17:57:26 - Started AppStart in 3.334 seconds (process running for 3.761)
2025-03-23 17:58:25 - Starting AppStart using Java 17.0.12 with PID 28016 (C:\Users\ppo37\IdeaProjects\workplatform\build\classes\java\main started by ppo37 in C:\Users\ppo37\IdeaProjects\workplatform)
2025-03-23 17:58:25 - No active profile set, falling back to 1 default profile: "default"
2025-03-23 17:58:26 - Bootstrapping Spring Data JPA repositories in DEFAULT mode.
2025-03-23 17:58:26 - Finished Spring Data repository scanning in 16 ms. Found 0 JPA repository interfaces.
2025-03-23 17:58:26 - Tomcat initialized with port 8080 (http)
2025-03-23 17:58:26 - Initializing ProtocolHandler ["http-nio-8080"]
2025-03-23 17:58:26 - Starting service [Tomcat]
2025-03-23 17:58:26 - Starting Servlet engine: [Apache Tomcat/10.1.34]
2025-03-23 17:58:27 - Initializing Spring embedded WebApplicationContext
2025-03-23 17:58:27 - Root WebApplicationContext: initialization completed in 1042 ms
2025-03-23 17:58:27 - HikariPool-1 - Starting...
2025-03-23 17:58:27 - HikariPool-1 - Added connection com.mysql.cj.jdbc.ConnectionImpl@6de7778f
2025-03-23 17:58:27 - HikariPool-1 - Start completed.
2025-03-23 17:58:27 - HHH000204: Processing PersistenceUnitInfo [name: default]
2025-03-23 17:58:27 - HHH000412: Hibernate ORM core version 6.6.5.Final
2025-03-23 17:58:28 - HHH000026: Second-level cache disabled
2025-03-23 17:58:28 - No LoadTimeWeaver setup: ignoring JPA class transformer
2025-03-23 17:58:28 - HHH10001005: Database info:
	Database JDBC URL [Connecting through datasource 'HikariDataSource (HikariPool-1)']
	Database driver: undefined/unknown
	Database version: 8.0.40
	Autocommit mode: undefined/unknown
	Isolation level: undefined/unknown
	Minimum pool size: undefined/unknown
	Maximum pool size: undefined/unknown
2025-03-23 17:58:28 - HHH000489: No JTA platform available (set 'hibernate.transaction.jta.platform' to enable JTA platform integration)
2025-03-23 17:58:28 - Initialized JPA EntityManagerFactory for persistence unit 'default'
2025-03-23 17:58:29 - Starting ProtocolHandler ["http-nio-8080"]
2025-03-23 17:58:29 - Tomcat started on port 8080 (http) with context path '/'
2025-03-23 17:58:29 - Started AppStart in 3.502 seconds (process running for 3.967)
2025-03-23 17:58:49 - Initializing Spring DispatcherServlet 'dispatcherServlet'
2025-03-23 17:58:49 - Initializing Servlet 'dispatcherServlet'
2025-03-23 17:58:49 - Completed initialization in 1 ms
2025-03-23 17:58:57 -  log info 
2025-03-23 17:58:57 -  log info 
2025-03-23 17:59:06 -  log info 
2025-03-23 17:59:06 -  log info 
2025-03-23 18:06:17 - Starting AppStart using Java 17.0.12 with PID 23252 (C:\Users\ppo37\IdeaProjects\workplatform\build\classes\java\main started by ppo37 in C:\Users\ppo37\IdeaProjects\workplatform)
2025-03-23 18:06:17 - No active profile set, falling back to 1 default profile: "default"
2025-03-23 18:06:17 - Bootstrapping Spring Data JPA repositories in DEFAULT mode.
2025-03-23 18:06:17 - Finished Spring Data repository scanning in 17 ms. Found 0 JPA repository interfaces.
2025-03-23 18:06:18 - Tomcat initialized with port 8080 (http)
2025-03-23 18:06:18 - Initializing ProtocolHandler ["http-nio-8080"]
2025-03-23 18:06:18 - Starting service [Tomcat]
2025-03-23 18:06:18 - Starting Servlet engine: [Apache Tomcat/10.1.34]
2025-03-23 18:06:18 - Initializing Spring embedded WebApplicationContext
2025-03-23 18:06:18 - Root WebApplicationContext: initialization completed in 1131 ms
2025-03-23 18:06:18 - HikariPool-1 - Starting...
2025-03-23 18:06:18 - HikariPool-1 - Added connection com.mysql.cj.jdbc.ConnectionImpl@11f23038
2025-03-23 18:06:18 - HikariPool-1 - Start completed.
2025-03-23 18:06:19 - HHH000204: Processing PersistenceUnitInfo [name: default]
2025-03-23 18:06:19 - HHH000412: Hibernate ORM core version 6.6.5.Final
2025-03-23 18:06:19 - HHH000026: Second-level cache disabled
2025-03-23 18:06:19 - No LoadTimeWeaver setup: ignoring JPA class transformer
2025-03-23 18:06:19 - HHH10001005: Database info:
	Database JDBC URL [Connecting through datasource 'HikariDataSource (HikariPool-1)']
	Database driver: undefined/unknown
	Database version: 8.0.40
	Autocommit mode: undefined/unknown
	Isolation level: undefined/unknown
	Minimum pool size: undefined/unknown
	Maximum pool size: undefined/unknown
2025-03-23 18:06:19 - HHH000489: No JTA platform available (set 'hibernate.transaction.jta.platform' to enable JTA platform integration)
2025-03-23 18:06:19 - Initialized JPA EntityManagerFactory for persistence unit 'default'
2025-03-23 18:06:20 - Starting ProtocolHandler ["http-nio-8080"]
2025-03-23 18:06:20 - Tomcat started on port 8080 (http) with context path '/'
2025-03-23 18:06:20 - Started AppStart in 3.577 seconds (process running for 4.038)
2025-03-23 18:06:20 - Initializing Spring DispatcherServlet 'dispatcherServlet'
2025-03-23 18:06:20 - Initializing Servlet 'dispatcherServlet'
2025-03-23 18:06:20 - Completed initialization in 1 ms
2025-03-23 18:06:20 -  log info 
2025-03-23 18:06:20 -  log info 
2025-03-23 18:06:30 -  log info 
2025-03-23 18:06:30 -  log info 
2025-03-23 18:08:41 - Starting AppStart using Java 17.0.12 with PID 11072 (C:\Users\ppo37\IdeaProjects\workplatform\build\classes\java\main started by ppo37 in C:\Users\ppo37\IdeaProjects\workplatform)
2025-03-23 18:08:41 - No active profile set, falling back to 1 default profile: "default"
2025-03-23 18:08:41 - Bootstrapping Spring Data JPA repositories in DEFAULT mode.
2025-03-23 18:08:41 - Finished Spring Data repository scanning in 15 ms. Found 0 JPA repository interfaces.
2025-03-23 18:08:41 - Tomcat initialized with port 8080 (http)
2025-03-23 18:08:41 - Initializing ProtocolHandler ["http-nio-8080"]
2025-03-23 18:08:42 - Starting service [Tomcat]
2025-03-23 18:08:42 - Starting Servlet engine: [Apache Tomcat/10.1.34]
2025-03-23 18:08:42 - Initializing Spring embedded WebApplicationContext
2025-03-23 18:08:42 - Root WebApplicationContext: initialization completed in 992 ms
2025-03-23 18:08:42 - HikariPool-1 - Starting...
2025-03-23 18:08:42 - HikariPool-1 - Added connection com.mysql.cj.jdbc.ConnectionImpl@6de7778f
2025-03-23 18:08:42 - HikariPool-1 - Start completed.
2025-03-23 18:08:42 - HHH000204: Processing PersistenceUnitInfo [name: default]
2025-03-23 18:08:42 - HHH000412: Hibernate ORM core version 6.6.5.Final
2025-03-23 18:08:42 - HHH000026: Second-level cache disabled
2025-03-23 18:08:43 - No LoadTimeWeaver setup: ignoring JPA class transformer
2025-03-23 18:08:43 - HHH10001005: Database info:
	Database JDBC URL [Connecting through datasource 'HikariDataSource (HikariPool-1)']
	Database driver: undefined/unknown
	Database version: 8.0.40
	Autocommit mode: undefined/unknown
	Isolation level: undefined/unknown
	Minimum pool size: undefined/unknown
	Maximum pool size: undefined/unknown
2025-03-23 18:08:43 - HHH000489: No JTA platform available (set 'hibernate.transaction.jta.platform' to enable JTA platform integration)
2025-03-23 18:08:43 - Initialized JPA EntityManagerFactory for persistence unit 'default'
2025-03-23 18:08:43 - Starting ProtocolHandler ["http-nio-8080"]
2025-03-23 18:08:43 - Tomcat started on port 8080 (http) with context path '/'
2025-03-23 18:08:43 - Started AppStart in 3.11 seconds (process running for 3.523)
2025-03-23 18:09:26 - Initializing Spring DispatcherServlet 'dispatcherServlet'
2025-03-23 18:09:26 - Initializing Servlet 'dispatcherServlet'
2025-03-23 18:09:26 - Completed initialization in 1 ms
2025-03-23 18:09:27 -  log info 
2025-03-23 18:09:27 -  log info 
2025-03-23 18:09:40 -  log info 
2025-03-23 18:09:40 -  log info 
2025-03-23 18:09:48 -  log info 
2025-03-23 18:09:48 -  log info 
2025-03-23 18:15:06 -  log info 
2025-03-23 18:15:06 -  log info 
2025-03-23 18:15:13 -  log info 
2025-03-23 18:15:13 -  log info 
2025-03-23 18:19:03 - Starting AppStart using Java 17.0.12 with PID 20428 (C:\Users\ppo37\IdeaProjects\workplatform\build\classes\java\main started by ppo37 in C:\Users\ppo37\IdeaProjects\workplatform)
2025-03-23 18:19:03 - No active profile set, falling back to 1 default profile: "default"
2025-03-23 18:19:04 - Bootstrapping Spring Data JPA repositories in DEFAULT mode.
2025-03-23 18:19:04 - Finished Spring Data repository scanning in 15 ms. Found 0 JPA repository interfaces.
2025-03-23 18:19:04 - Tomcat initialized with port 8080 (http)
2025-03-23 18:19:04 - Initializing ProtocolHandler ["http-nio-8080"]
2025-03-23 18:19:04 - Starting service [Tomcat]
2025-03-23 18:19:04 - Starting Servlet engine: [Apache Tomcat/10.1.34]
2025-03-23 18:19:04 - Initializing Spring embedded WebApplicationContext
2025-03-23 18:19:04 - Root WebApplicationContext: initialization completed in 1197 ms
2025-03-23 18:19:05 - HikariPool-1 - Starting...
2025-03-23 18:19:05 - HikariPool-1 - Added connection com.mysql.cj.jdbc.ConnectionImpl@6de7778f
2025-03-23 18:19:05 - HikariPool-1 - Start completed.
2025-03-23 18:19:05 - HHH000204: Processing PersistenceUnitInfo [name: default]
2025-03-23 18:19:05 - HHH000412: Hibernate ORM core version 6.6.5.Final
2025-03-23 18:19:05 - HHH000026: Second-level cache disabled
2025-03-23 18:19:06 - No LoadTimeWeaver setup: ignoring JPA class transformer
2025-03-23 18:19:06 - HHH10001005: Database info:
	Database JDBC URL [Connecting through datasource 'HikariDataSource (HikariPool-1)']
	Database driver: undefined/unknown
	Database version: 8.0.40
	Autocommit mode: undefined/unknown
	Isolation level: undefined/unknown
	Minimum pool size: undefined/unknown
	Maximum pool size: undefined/unknown
2025-03-23 18:19:06 - HHH000489: No JTA platform available (set 'hibernate.transaction.jta.platform' to enable JTA platform integration)
2025-03-23 18:19:06 - Initialized JPA EntityManagerFactory for persistence unit 'default'
2025-03-23 18:19:07 - Starting ProtocolHandler ["http-nio-8080"]
2025-03-23 18:19:07 - Tomcat started on port 8080 (http) with context path '/'
2025-03-23 18:19:07 - Started AppStart in 3.639 seconds (process running for 4.08)
2025-03-23 18:19:07 - Initializing Spring DispatcherServlet 'dispatcherServlet'
2025-03-23 18:19:07 - Initializing Servlet 'dispatcherServlet'
2025-03-23 18:19:07 - Completed initialization in 1 ms
2025-03-23 18:19:07 -  log info 
2025-03-23 18:19:07 -  log info 
2025-03-23 18:19:11 -  log info 
2025-03-23 18:19:11 -  log info 
2025-03-23 18:22:59 -  log info 
2025-03-23 18:22:59 -  log info 
2025-03-23 18:23:04 -  log info 
2025-03-23 18:23:04 -  log info 
2025-03-23 18:23:09 -  log info 
2025-03-23 18:23:09 -  log info 
2025-03-23 18:24:17 -  log info 
2025-03-23 18:24:17 -  log info 
2025-03-23 18:24:32 -  log info 
2025-03-23 18:24:32 -  log info 
2025-03-23 18:24:55 -  log info 
2025-03-23 18:24:55 -  log info 
2025-03-23 18:25:03 -  log info 
2025-03-23 18:25:03 -  log info 
2025-03-23 18:25:25 -  log info 
2025-03-23 18:25:25 -  log info 
2025-03-23 18:53:24 -  log info 
2025-03-23 18:53:24 -  log info 
2025-03-23 19:00:55 - Starting AppStart using Java 17.0.12 with PID 2036 (C:\Users\ppo37\IdeaProjects\workplatform\build\classes\java\main started by ppo37 in C:\Users\ppo37\IdeaProjects\workplatform)
2025-03-23 19:00:55 - No active profile set, falling back to 1 default profile: "default"
2025-03-23 19:00:56 - Bootstrapping Spring Data JPA repositories in DEFAULT mode.
2025-03-23 19:00:56 - Finished Spring Data repository scanning in 16 ms. Found 0 JPA repository interfaces.
2025-03-23 19:00:56 - Tomcat initialized with port 8080 (http)
2025-03-23 19:00:56 - Initializing ProtocolHandler ["http-nio-8080"]
2025-03-23 19:00:56 - Starting service [Tomcat]
2025-03-23 19:00:56 - Starting Servlet engine: [Apache Tomcat/10.1.34]
2025-03-23 19:00:56 - Initializing Spring embedded WebApplicationContext
2025-03-23 19:00:56 - Root WebApplicationContext: initialization completed in 1038 ms
2025-03-23 19:00:57 - HikariPool-1 - Starting...
2025-03-23 19:00:57 - HikariPool-1 - Added connection com.mysql.cj.jdbc.ConnectionImpl@11f23038
2025-03-23 19:00:57 - HikariPool-1 - Start completed.
2025-03-23 19:00:57 - HHH000204: Processing PersistenceUnitInfo [name: default]
2025-03-23 19:00:57 - HHH000412: Hibernate ORM core version 6.6.5.Final
2025-03-23 19:00:57 - HHH000026: Second-level cache disabled
2025-03-23 19:00:58 - No LoadTimeWeaver setup: ignoring JPA class transformer
2025-03-23 19:00:58 - HHH10001005: Database info:
	Database JDBC URL [Connecting through datasource 'HikariDataSource (HikariPool-1)']
	Database driver: undefined/unknown
	Database version: 8.0.40
	Autocommit mode: undefined/unknown
	Isolation level: undefined/unknown
	Minimum pool size: undefined/unknown
	Maximum pool size: undefined/unknown
2025-03-23 19:00:58 - HHH000489: No JTA platform available (set 'hibernate.transaction.jta.platform' to enable JTA platform integration)
2025-03-23 19:00:58 - Initialized JPA EntityManagerFactory for persistence unit 'default'
2025-03-23 19:00:58 - Starting ProtocolHandler ["http-nio-8080"]
2025-03-23 19:00:58 - Tomcat started on port 8080 (http) with context path '/'
2025-03-23 19:00:58 - Started AppStart in 3.228 seconds (process running for 3.64)
2025-03-23 19:01:36 - Initializing Spring DispatcherServlet 'dispatcherServlet'
2025-03-23 19:01:36 - Initializing Servlet 'dispatcherServlet'
2025-03-23 19:01:36 - Completed initialization in 1 ms
2025-03-23 19:01:42 -  log info 
2025-03-23 19:01:42 -  log info 
2025-03-23 19:01:48 -  log info 
2025-03-23 19:01:48 -  log info 
2025-03-23 19:02:47 -  log info 
2025-03-23 19:02:47 -  log info 
2025-03-23 19:02:57 -  log info 
2025-03-23 19:02:57 -  log info 
2025-03-23 19:08:19 - Starting AppStart using Java 17.0.12 with PID 12564 (C:\Users\ppo37\IdeaProjects\workplatform\build\classes\java\main started by ppo37 in C:\Users\ppo37\IdeaProjects\workplatform)
2025-03-23 19:08:19 - No active profile set, falling back to 1 default profile: "default"
2025-03-23 19:08:20 - Bootstrapping Spring Data JPA repositories in DEFAULT mode.
2025-03-23 19:08:20 - Finished Spring Data repository scanning in 14 ms. Found 0 JPA repository interfaces.
2025-03-23 19:08:20 - Tomcat initialized with port 8080 (http)
2025-03-23 19:08:20 - Initializing ProtocolHandler ["http-nio-8080"]
2025-03-23 19:08:20 - Starting service [Tomcat]
2025-03-23 19:08:20 - Starting Servlet engine: [Apache Tomcat/10.1.34]
2025-03-23 19:08:20 - Initializing Spring embedded WebApplicationContext
2025-03-23 19:08:20 - Root WebApplicationContext: initialization completed in 1064 ms
2025-03-23 19:08:20 - HikariPool-1 - Starting...
2025-03-23 19:08:21 - HikariPool-1 - Added connection com.mysql.cj.jdbc.ConnectionImpl@de77146
2025-03-23 19:08:21 - HikariPool-1 - Start completed.
2025-03-23 19:08:21 - HHH000204: Processing PersistenceUnitInfo [name: default]
2025-03-23 19:08:21 - HHH000412: Hibernate ORM core version 6.6.5.Final
2025-03-23 19:08:21 - HHH000026: Second-level cache disabled
2025-03-23 19:08:22 - No LoadTimeWeaver setup: ignoring JPA class transformer
2025-03-23 19:08:22 - HHH10001005: Database info:
	Database JDBC URL [Connecting through datasource 'HikariDataSource (HikariPool-1)']
	Database driver: undefined/unknown
	Database version: 8.0.40
	Autocommit mode: undefined/unknown
	Isolation level: undefined/unknown
	Minimum pool size: undefined/unknown
	Maximum pool size: undefined/unknown
2025-03-23 19:08:22 - HHH000489: No JTA platform available (set 'hibernate.transaction.jta.platform' to enable JTA platform integration)
2025-03-23 19:08:22 - Initialized JPA EntityManagerFactory for persistence unit 'default'
2025-03-23 19:08:22 - Starting ProtocolHandler ["http-nio-8080"]
2025-03-23 19:08:22 - Tomcat started on port 8080 (http) with context path '/'
2025-03-23 19:08:22 - Started AppStart in 3.35 seconds (process running for 3.761)
2025-03-23 19:08:27 - Initializing Spring DispatcherServlet 'dispatcherServlet'
2025-03-23 19:08:27 - Initializing Servlet 'dispatcherServlet'
2025-03-23 19:08:27 - Completed initialization in 0 ms
2025-03-23 19:08:39 -  log info 
2025-03-23 19:08:39 -  log info 
2025-03-23 19:32:06 -  log info 
2025-03-23 19:32:06 -  log info 
2025-03-23 19:32:12 -  log info 
2025-03-23 19:32:12 -  log info 
2025-03-23 19:32:24 -  log info 
2025-03-23 19:32:24 -  log info 
2025-03-23 19:53:20 -  log info 
2025-03-23 19:53:20 -  log info 
2025-03-23 19:53:31 -  log info 
2025-03-23 19:53:31 -  log info 
2025-03-23 20:38:30 -  log info 
2025-03-23 20:38:30 -  log info 
2025-03-23 20:40:54 -  log info 
2025-03-23 20:40:54 -  log info 
2025-03-23 20:41:03 -  log info 
2025-03-23 20:41:03 -  log info 
2025-03-23 20:41:27 -  log info 
2025-03-23 20:41:27 -  log info 
2025-03-23 20:41:36 -  log info 
2025-03-23 20:41:36 -  log info 
2025-03-23 20:53:22 - Starting AppStart using Java 17.0.12 with PID 3452 (C:\Users\ppo37\IdeaProjects\workplatform\build\classes\java\main started by ppo37 in C:\Users\ppo37\IdeaProjects\workplatform)
2025-03-23 20:53:22 - No active profile set, falling back to 1 default profile: "default"
2025-03-23 20:53:23 - Bootstrapping Spring Data JPA repositories in DEFAULT mode.
2025-03-23 20:53:23 - Finished Spring Data repository scanning in 15 ms. Found 0 JPA repository interfaces.
2025-03-23 20:53:23 - Tomcat initialized with port 8080 (http)
2025-03-23 20:53:23 - Initializing ProtocolHandler ["http-nio-8080"]
2025-03-23 20:53:23 - Starting service [Tomcat]
2025-03-23 20:53:23 - Starting Servlet engine: [Apache Tomcat/10.1.34]
2025-03-23 20:53:23 - Initializing Spring embedded WebApplicationContext
2025-03-23 20:53:23 - Root WebApplicationContext: initialization completed in 994 ms
2025-03-23 20:53:23 - HikariPool-1 - Starting...
2025-03-23 20:53:23 - HikariPool-1 - Added connection com.mysql.cj.jdbc.ConnectionImpl@de77146
2025-03-23 20:53:23 - HikariPool-1 - Start completed.
2025-03-23 20:53:24 - HHH000204: Processing PersistenceUnitInfo [name: default]
2025-03-23 20:53:24 - HHH000412: Hibernate ORM core version 6.6.5.Final
2025-03-23 20:53:24 - HHH000026: Second-level cache disabled
2025-03-23 20:53:24 - No LoadTimeWeaver setup: ignoring JPA class transformer
2025-03-23 20:53:24 - HHH10001005: Database info:
	Database JDBC URL [Connecting through datasource 'HikariDataSource (HikariPool-1)']
	Database driver: undefined/unknown
	Database version: 8.0.40
	Autocommit mode: undefined/unknown
	Isolation level: undefined/unknown
	Minimum pool size: undefined/unknown
	Maximum pool size: undefined/unknown
2025-03-23 20:53:24 - HHH000489: No JTA platform available (set 'hibernate.transaction.jta.platform' to enable JTA platform integration)
2025-03-23 20:53:24 - Initialized JPA EntityManagerFactory for persistence unit 'default'
2025-03-23 20:53:25 - Starting ProtocolHandler ["http-nio-8080"]
2025-03-23 20:53:25 - Tomcat started on port 8080 (http) with context path '/'
2025-03-23 20:53:25 - Started AppStart in 3.136 seconds (process running for 3.549)
2025-03-23 20:57:14 - Initializing Spring DispatcherServlet 'dispatcherServlet'
2025-03-23 20:57:14 - Initializing Servlet 'dispatcherServlet'
2025-03-23 20:57:14 - Completed initialization in 2 ms
2025-03-23 20:58:45 -  log info 
2025-03-23 20:58:45 -  log info 
2025-03-23 21:05:22 -  log info 
2025-03-23 21:05:22 -  log info 
2025-03-23 21:05:32 -  log info 
2025-03-23 21:05:32 -  log info 
2025-03-23 21:05:40 -  log info 
2025-03-23 21:05:40 -  log info 
2025-03-23 21:05:50 -  log info 
2025-03-23 21:05:50 -  log info 
2025-03-23 21:05:58 -  log info 
2025-03-23 21:05:58 -  log info 
2025-03-23 21:06:23 -  log info 
2025-03-23 21:06:23 -  log info 
2025-03-23 21:06:29 -  log info 
2025-03-23 21:06:30 -  log info 
2025-03-23 21:06:41 -  log info 
2025-03-23 21:06:41 -  log info 
2025-03-23 21:06:47 -  log info 
2025-03-23 21:06:47 -  log info 
2025-03-23 21:19:45 -  log info 
2025-03-23 21:19:45 -  log info 
2025-03-23 21:19:54 -  log info 
2025-03-23 21:19:55 -  log info 
2025-03-23 21:23:20 - Starting AppStart using Java 17.0.12 with PID 26220 (C:\Users\ppo37\IdeaProjects\workplatform\build\classes\java\main started by ppo37 in C:\Users\ppo37\IdeaProjects\workplatform)
2025-03-23 21:23:20 - No active profile set, falling back to 1 default profile: "default"
2025-03-23 21:23:21 - Bootstrapping Spring Data JPA repositories in DEFAULT mode.
2025-03-23 21:23:21 - Finished Spring Data repository scanning in 15 ms. Found 0 JPA repository interfaces.
2025-03-23 21:23:21 - Tomcat initialized with port 8080 (http)
2025-03-23 21:23:21 - Initializing ProtocolHandler ["http-nio-8080"]
2025-03-23 21:23:21 - Starting service [Tomcat]
2025-03-23 21:23:21 - Starting Servlet engine: [Apache Tomcat/10.1.34]
2025-03-23 21:23:21 - Initializing Spring embedded WebApplicationContext
2025-03-23 21:23:21 - Root WebApplicationContext: initialization completed in 994 ms
2025-03-23 21:23:21 - HikariPool-1 - Starting...
2025-03-23 21:23:22 - HikariPool-1 - Added connection com.mysql.cj.jdbc.ConnectionImpl@de77146
2025-03-23 21:23:22 - HikariPool-1 - Start completed.
2025-03-23 21:23:22 - HHH000204: Processing PersistenceUnitInfo [name: default]
2025-03-23 21:23:22 - HHH000412: Hibernate ORM core version 6.6.5.Final
2025-03-23 21:23:22 - HHH000026: Second-level cache disabled
2025-03-23 21:23:23 - No LoadTimeWeaver setup: ignoring JPA class transformer
2025-03-23 21:23:23 - HHH10001005: Database info:
	Database JDBC URL [Connecting through datasource 'HikariDataSource (HikariPool-1)']
	Database driver: undefined/unknown
	Database version: 8.0.40
	Autocommit mode: undefined/unknown
	Isolation level: undefined/unknown
	Minimum pool size: undefined/unknown
	Maximum pool size: undefined/unknown
2025-03-23 21:23:23 - HHH000489: No JTA platform available (set 'hibernate.transaction.jta.platform' to enable JTA platform integration)
2025-03-23 21:23:23 - Initialized JPA EntityManagerFactory for persistence unit 'default'
2025-03-23 21:23:23 - Starting ProtocolHandler ["http-nio-8080"]
2025-03-23 21:23:23 - Tomcat started on port 8080 (http) with context path '/'
2025-03-23 21:23:23 - Started AppStart in 3.296 seconds (process running for 3.714)
2025-03-23 21:23:31 - Initializing Spring DispatcherServlet 'dispatcherServlet'
2025-03-23 21:23:31 - Initializing Servlet 'dispatcherServlet'
2025-03-23 21:23:31 - Completed initialization in 1 ms
2025-03-23 21:23:33 -  log info 
2025-03-23 21:23:33 -  log info 
2025-03-23 21:23:41 -  log info 
2025-03-23 21:23:41 -  log info 
2025-03-23 21:23:45 -  log info 
2025-03-23 21:23:45 -  log info 
2025-03-23 21:24:10 -  log info 
2025-03-23 21:24:10 -  log info 
2025-03-23 21:24:21 -  log info 
2025-03-23 21:24:21 -  log info 
2025-03-23 21:25:13 -  log info 
2025-03-23 21:25:13 -  log info 
2025-03-23 21:30:17 - Starting AppStart using Java 17.0.12 with PID 17364 (C:\Users\ppo37\IdeaProjects\workplatform\build\classes\java\main started by ppo37 in C:\Users\ppo37\IdeaProjects\workplatform)
2025-03-23 21:30:17 - No active profile set, falling back to 1 default profile: "default"
2025-03-23 21:30:18 - Bootstrapping Spring Data JPA repositories in DEFAULT mode.
2025-03-23 21:30:18 - Finished Spring Data repository scanning in 14 ms. Found 0 JPA repository interfaces.
2025-03-23 21:30:18 - Tomcat initialized with port 8080 (http)
2025-03-23 21:30:18 - Initializing ProtocolHandler ["http-nio-8080"]
2025-03-23 21:30:18 - Starting service [Tomcat]
2025-03-23 21:30:18 - Starting Servlet engine: [Apache Tomcat/10.1.34]
2025-03-23 21:30:18 - Initializing Spring embedded WebApplicationContext
2025-03-23 21:30:18 - Root WebApplicationContext: initialization completed in 992 ms
2025-03-23 21:30:18 - HikariPool-1 - Starting...
2025-03-23 21:30:18 - HikariPool-1 - Added connection com.mysql.cj.jdbc.ConnectionImpl@de77146
2025-03-23 21:30:18 - HikariPool-1 - Start completed.
2025-03-23 21:30:19 - HHH000204: Processing PersistenceUnitInfo [name: default]
2025-03-23 21:30:19 - HHH000412: Hibernate ORM core version 6.6.5.Final
2025-03-23 21:30:19 - HHH000026: Second-level cache disabled
2025-03-23 21:30:19 - No LoadTimeWeaver setup: ignoring JPA class transformer
2025-03-23 21:30:19 - HHH10001005: Database info:
	Database JDBC URL [Connecting through datasource 'HikariDataSource (HikariPool-1)']
	Database driver: undefined/unknown
	Database version: 8.0.40
	Autocommit mode: undefined/unknown
	Isolation level: undefined/unknown
	Minimum pool size: undefined/unknown
	Maximum pool size: undefined/unknown
2025-03-23 21:30:20 - HHH000489: No JTA platform available (set 'hibernate.transaction.jta.platform' to enable JTA platform integration)
2025-03-23 21:30:20 - Initialized JPA EntityManagerFactory for persistence unit 'default'
2025-03-23 21:30:20 - Starting ProtocolHandler ["http-nio-8080"]
2025-03-23 21:30:20 - Tomcat started on port 8080 (http) with context path '/'
2025-03-23 21:30:20 - Started AppStart in 3.175 seconds (process running for 3.599)
2025-03-23 21:30:29 - Initializing Spring DispatcherServlet 'dispatcherServlet'
2025-03-23 21:30:29 - Initializing Servlet 'dispatcherServlet'
2025-03-23 21:30:29 - Completed initialization in 1 ms
2025-03-23 21:30:35 -  log info 
2025-03-23 21:30:35 -  log info 
2025-03-23 21:30:40 -  log info 
2025-03-23 21:30:40 -  log info 
2025-03-23 21:31:02 -  log info 
2025-03-23 21:31:02 -  log info 
2025-03-23 21:31:09 -  log info 
2025-03-23 21:31:09 -  log info 
2025-03-23 21:42:52 -  log info 
2025-03-23 21:42:52 -  log info 
2025-03-23 21:49:00 - Starting AppStart using Java 17.0.12 with PID 29616 (C:\Users\ppo37\IdeaProjects\workplatform\build\classes\java\main started by ppo37 in C:\Users\ppo37\IdeaProjects\workplatform)
2025-03-23 21:49:00 - No active profile set, falling back to 1 default profile: "default"
2025-03-23 21:49:01 - Bootstrapping Spring Data JPA repositories in DEFAULT mode.
2025-03-23 21:49:01 - Finished Spring Data repository scanning in 16 ms. Found 0 JPA repository interfaces.
2025-03-23 21:49:01 - Tomcat initialized with port 8080 (http)
2025-03-23 21:49:01 - Initializing ProtocolHandler ["http-nio-8080"]
2025-03-23 21:49:01 - Starting service [Tomcat]
2025-03-23 21:49:01 - Starting Servlet engine: [Apache Tomcat/10.1.34]
2025-03-23 21:49:01 - Initializing Spring embedded WebApplicationContext
2025-03-23 21:49:01 - Root WebApplicationContext: initialization completed in 1148 ms
2025-03-23 21:49:01 - HikariPool-1 - Starting...
2025-03-23 21:49:02 - HikariPool-1 - Added connection com.mysql.cj.jdbc.ConnectionImpl@6de7778f
2025-03-23 21:49:02 - HikariPool-1 - Start completed.
2025-03-23 21:49:02 - HHH000204: Processing PersistenceUnitInfo [name: default]
2025-03-23 21:49:02 - HHH000412: Hibernate ORM core version 6.6.5.Final
2025-03-23 21:49:02 - HHH000026: Second-level cache disabled
2025-03-23 21:49:02 - No LoadTimeWeaver setup: ignoring JPA class transformer
2025-03-23 21:49:02 - HHH10001005: Database info:
	Database JDBC URL [Connecting through datasource 'HikariDataSource (HikariPool-1)']
	Database driver: undefined/unknown
	Database version: 8.0.40
	Autocommit mode: undefined/unknown
	Isolation level: undefined/unknown
	Minimum pool size: undefined/unknown
	Maximum pool size: undefined/unknown
2025-03-23 21:49:03 - HHH000489: No JTA platform available (set 'hibernate.transaction.jta.platform' to enable JTA platform integration)
2025-03-23 21:49:03 - Initialized JPA EntityManagerFactory for persistence unit 'default'
2025-03-23 21:49:03 - Starting ProtocolHandler ["http-nio-8080"]
2025-03-23 21:49:03 - Tomcat started on port 8080 (http) with context path '/'
2025-03-23 21:49:03 - Started AppStart in 3.566 seconds (process running for 4.024)
2025-03-23 21:49:03 - Initializing Spring DispatcherServlet 'dispatcherServlet'
2025-03-23 21:49:03 - Initializing Servlet 'dispatcherServlet'
2025-03-23 21:49:03 - Completed initialization in 1 ms
2025-03-23 21:49:03 -  log info 
2025-03-23 21:49:03 -  log info 
2025-03-23 21:49:07 -  log info 
2025-03-23 21:49:07 -  log info 
2025-03-23 21:49:32 -  log info 
2025-03-23 21:49:32 -  log info 
2025-03-23 21:49:40 -  log info 
2025-03-23 21:49:40 -  log info 
2025-03-23 21:50:47 -  log info 
2025-03-23 21:50:47 -  log info 
2025-03-23 22:27:04 -  log info 
2025-03-23 22:27:04 -  log info 
2025-03-23 22:27:09 -  log info 
2025-03-23 22:27:09 -  log info 
2025-03-23 22:27:14 -  log info 
2025-03-23 22:27:14 -  log info 
2025-03-23 22:27:18 -  log info 
2025-03-23 22:27:18 -  log info 
2025-03-23 22:28:35 -  log info 
2025-03-23 22:28:35 -  log info 
2025-03-23 22:29:13 -  log info 
2025-03-23 22:29:13 -  log info 
2025-03-23 22:29:43 -  log info 
2025-03-23 22:29:43 -  log info 
2025-03-23 22:29:48 -  log info 
2025-03-23 22:29:48 -  log info 
2025-03-23 22:37:33 - Starting AppStart using Java 17.0.12 with PID 9920 (C:\Users\ppo37\IdeaProjects\workplatform\build\classes\java\main started by ppo37 in C:\Users\ppo37\IdeaProjects\workplatform)
2025-03-23 22:37:33 - No active profile set, falling back to 1 default profile: "default"
2025-03-23 22:37:34 - Bootstrapping Spring Data JPA repositories in DEFAULT mode.
2025-03-23 22:37:34 - Finished Spring Data repository scanning in 17 ms. Found 0 JPA repository interfaces.
2025-03-23 22:37:34 - Tomcat initialized with port 8080 (http)
2025-03-23 22:37:34 - Initializing ProtocolHandler ["http-nio-8080"]
2025-03-23 22:37:34 - Starting service [Tomcat]
2025-03-23 22:37:34 - Starting Servlet engine: [Apache Tomcat/10.1.34]
2025-03-23 22:37:34 - Initializing Spring embedded WebApplicationContext
2025-03-23 22:37:34 - Root WebApplicationContext: initialization completed in 1353 ms
2025-03-23 22:37:35 - HikariPool-1 - Starting...
2025-03-23 22:37:35 - HikariPool-1 - Added connection com.mysql.cj.jdbc.ConnectionImpl@691567ea
2025-03-23 22:37:35 - HikariPool-1 - Start completed.
2025-03-23 22:37:35 - HHH000204: Processing PersistenceUnitInfo [name: default]
2025-03-23 22:37:35 - HHH000412: Hibernate ORM core version 6.6.5.Final
2025-03-23 22:37:35 - HHH000026: Second-level cache disabled
2025-03-23 22:37:36 - No LoadTimeWeaver setup: ignoring JPA class transformer
2025-03-23 22:37:36 - HHH10001005: Database info:
	Database JDBC URL [Connecting through datasource 'HikariDataSource (HikariPool-1)']
	Database driver: undefined/unknown
	Database version: 8.0.40
	Autocommit mode: undefined/unknown
	Isolation level: undefined/unknown
	Minimum pool size: undefined/unknown
	Maximum pool size: undefined/unknown
2025-03-23 22:37:36 - HHH000489: No JTA platform available (set 'hibernate.transaction.jta.platform' to enable JTA platform integration)
2025-03-23 22:37:36 - Initialized JPA EntityManagerFactory for persistence unit 'default'
2025-03-23 22:37:37 - Starting ProtocolHandler ["http-nio-8080"]
2025-03-23 22:37:37 - Tomcat started on port 8080 (http) with context path '/'
2025-03-23 22:37:37 - Started AppStart in 3.849 seconds (process running for 4.328)
2025-03-23 22:38:24 - Initializing Spring DispatcherServlet 'dispatcherServlet'
2025-03-23 22:38:24 - Initializing Servlet 'dispatcherServlet'
2025-03-23 22:38:24 - Completed initialization in 0 ms
2025-03-23 22:38:26 -  log info 
2025-03-23 22:38:26 -  log info 
2025-03-23 22:38:56 -  log info 
2025-03-23 22:38:56 -  log info 
2025-03-23 22:39:12 -  log info 
2025-03-23 22:39:12 -  log info 
2025-03-23 23:13:58 - Starting AppStart using Java 17.0.12 with PID 29076 (C:\Users\ppo37\IdeaProjects\workplatform\build\classes\java\main started by ppo37 in C:\Users\ppo37\IdeaProjects\workplatform)
2025-03-23 23:13:58 - No active profile set, falling back to 1 default profile: "default"
2025-03-23 23:13:59 - Bootstrapping Spring Data JPA repositories in DEFAULT mode.
2025-03-23 23:13:59 - Finished Spring Data repository scanning in 16 ms. Found 0 JPA repository interfaces.
2025-03-23 23:13:59 - Tomcat initialized with port 8080 (http)
2025-03-23 23:13:59 - Initializing ProtocolHandler ["http-nio-8080"]
2025-03-23 23:13:59 - Starting service [Tomcat]
2025-03-23 23:13:59 - Starting Servlet engine: [Apache Tomcat/10.1.34]
2025-03-23 23:13:59 - Initializing Spring embedded WebApplicationContext
2025-03-23 23:13:59 - Root WebApplicationContext: initialization completed in 1168 ms
2025-03-23 23:14:00 - HikariPool-1 - Starting...
2025-03-23 23:14:00 - HikariPool-1 - Added connection com.mysql.cj.jdbc.ConnectionImpl@26f0141
2025-03-23 23:14:00 - HikariPool-1 - Start completed.
2025-03-23 23:14:00 - HHH000204: Processing PersistenceUnitInfo [name: default]
2025-03-23 23:14:00 - HHH000412: Hibernate ORM core version 6.6.5.Final
2025-03-23 23:14:00 - HHH000026: Second-level cache disabled
2025-03-23 23:14:01 - No LoadTimeWeaver setup: ignoring JPA class transformer
2025-03-23 23:14:01 - HHH10001005: Database info:
	Database JDBC URL [Connecting through datasource 'HikariDataSource (HikariPool-1)']
	Database driver: undefined/unknown
	Database version: 8.0.40
	Autocommit mode: undefined/unknown
	Isolation level: undefined/unknown
	Minimum pool size: undefined/unknown
	Maximum pool size: undefined/unknown
2025-03-23 23:14:01 - HHH000489: No JTA platform available (set 'hibernate.transaction.jta.platform' to enable JTA platform integration)
2025-03-23 23:14:01 - Initialized JPA EntityManagerFactory for persistence unit 'default'
2025-03-23 23:14:01 - Starting ProtocolHandler ["http-nio-8080"]
2025-03-23 23:14:01 - Tomcat started on port 8080 (http) with context path '/'
2025-03-23 23:14:01 - Started AppStart in 3.461 seconds (process running for 3.935)
2025-03-23 23:14:02 - Initializing Spring DispatcherServlet 'dispatcherServlet'
2025-03-23 23:14:02 - Initializing Servlet 'dispatcherServlet'
2025-03-23 23:14:02 - Completed initialization in 1 ms
2025-03-23 23:14:04 -  log info 
2025-03-23 23:14:04 -  log info 
2025-03-23 23:14:40 -  log info 
2025-03-23 23:14:40 -  log info 
2025-03-23 23:14:46 -  log info 
2025-03-23 23:14:46 -  log info 
2025-03-23 23:17:19 - Starting AppStart using Java 17.0.12 with PID 15144 (C:\Users\ppo37\IdeaProjects\workplatform\build\classes\java\main started by ppo37 in C:\Users\ppo37\IdeaProjects\workplatform)
2025-03-23 23:17:19 - No active profile set, falling back to 1 default profile: "default"
2025-03-23 23:17:20 - Bootstrapping Spring Data JPA repositories in DEFAULT mode.
2025-03-23 23:17:20 - Finished Spring Data repository scanning in 15 ms. Found 0 JPA repository interfaces.
2025-03-23 23:17:20 - Tomcat initialized with port 8080 (http)
2025-03-23 23:17:20 - Initializing ProtocolHandler ["http-nio-8080"]
2025-03-23 23:17:20 - Starting service [Tomcat]
2025-03-23 23:17:20 - Starting Servlet engine: [Apache Tomcat/10.1.34]
2025-03-23 23:17:20 - Initializing Spring embedded WebApplicationContext
2025-03-23 23:17:20 - Root WebApplicationContext: initialization completed in 1007 ms
2025-03-23 23:17:20 - HikariPool-1 - Starting...
2025-03-23 23:17:20 - HikariPool-1 - Added connection com.mysql.cj.jdbc.ConnectionImpl@285a4fe3
2025-03-23 23:17:20 - HikariPool-1 - Start completed.
2025-03-23 23:17:21 - HHH000204: Processing PersistenceUnitInfo [name: default]
2025-03-23 23:17:21 - HHH000412: Hibernate ORM core version 6.6.5.Final
2025-03-23 23:17:21 - HHH000026: Second-level cache disabled
2025-03-23 23:17:21 - No LoadTimeWeaver setup: ignoring JPA class transformer
2025-03-23 23:17:21 - HHH10001005: Database info:
	Database JDBC URL [Connecting through datasource 'HikariDataSource (HikariPool-1)']
	Database driver: undefined/unknown
	Database version: 8.0.40
	Autocommit mode: undefined/unknown
	Isolation level: undefined/unknown
	Minimum pool size: undefined/unknown
	Maximum pool size: undefined/unknown
2025-03-23 23:17:21 - HHH000489: No JTA platform available (set 'hibernate.transaction.jta.platform' to enable JTA platform integration)
2025-03-23 23:17:21 - Initialized JPA EntityManagerFactory for persistence unit 'default'
2025-03-23 23:17:22 - Starting ProtocolHandler ["http-nio-8080"]
2025-03-23 23:17:22 - Tomcat started on port 8080 (http) with context path '/'
2025-03-23 23:17:22 - Started AppStart in 3.124 seconds (process running for 3.55)
2025-03-23 23:17:27 - Initializing Spring DispatcherServlet 'dispatcherServlet'
2025-03-23 23:17:27 - Initializing Servlet 'dispatcherServlet'
2025-03-23 23:17:27 - Completed initialization in 1 ms
2025-03-23 23:17:32 -  log info 
2025-03-23 23:17:32 -  log info 
2025-03-23 23:17:38 -  log info 
2025-03-23 23:17:38 -  log info 
2025-03-23 23:18:10 -  log info 
2025-03-23 23:18:10 -  log info 
2025-03-23 23:18:22 -  log info 
2025-03-23 23:18:22 -  log info 
2025-03-23 23:18:26 -  log info 
2025-03-23 23:18:26 -  log info 
2025-03-23 23:18:47 -  log info 
2025-03-23 23:18:47 -  log info 
2025-03-23 23:18:52 -  log info 
2025-03-23 23:18:52 -  log info 
2025-03-23 23:19:52 -  log info 
2025-03-23 23:19:52 -  log info 
2025-03-23 23:21:40 - Starting AppStart using Java 17.0.12 with PID 28040 (C:\Users\ppo37\IdeaProjects\workplatform\build\classes\java\main started by ppo37 in C:\Users\ppo37\IdeaProjects\workplatform)
2025-03-23 23:21:40 - No active profile set, falling back to 1 default profile: "default"
2025-03-23 23:21:41 - Bootstrapping Spring Data JPA repositories in DEFAULT mode.
2025-03-23 23:21:41 - Finished Spring Data repository scanning in 17 ms. Found 0 JPA repository interfaces.
2025-03-23 23:21:41 - Tomcat initialized with port 8080 (http)
2025-03-23 23:21:41 - Initializing ProtocolHandler ["http-nio-8080"]
2025-03-23 23:21:41 - Starting service [Tomcat]
2025-03-23 23:21:41 - Starting Servlet engine: [Apache Tomcat/10.1.34]
2025-03-23 23:21:41 - Initializing Spring embedded WebApplicationContext
2025-03-23 23:21:41 - Root WebApplicationContext: initialization completed in 1145 ms
2025-03-23 23:21:41 - HikariPool-1 - Starting...
2025-03-23 23:21:42 - HikariPool-1 - Added connection com.mysql.cj.jdbc.ConnectionImpl@11f23038
2025-03-23 23:21:42 - HikariPool-1 - Start completed.
2025-03-23 23:21:42 - HHH000204: Processing PersistenceUnitInfo [name: default]
2025-03-23 23:21:42 - HHH000412: Hibernate ORM core version 6.6.5.Final
2025-03-23 23:21:42 - HHH000026: Second-level cache disabled
2025-03-23 23:21:42 - No LoadTimeWeaver setup: ignoring JPA class transformer
2025-03-23 23:21:43 - HHH10001005: Database info:
	Database JDBC URL [Connecting through datasource 'HikariDataSource (HikariPool-1)']
	Database driver: undefined/unknown
	Database version: 8.0.40
	Autocommit mode: undefined/unknown
	Isolation level: undefined/unknown
	Minimum pool size: undefined/unknown
	Maximum pool size: undefined/unknown
2025-03-23 23:21:43 - HHH000489: No JTA platform available (set 'hibernate.transaction.jta.platform' to enable JTA platform integration)
2025-03-23 23:21:43 - Initialized JPA EntityManagerFactory for persistence unit 'default'
2025-03-23 23:21:43 - Starting ProtocolHandler ["http-nio-8080"]
2025-03-23 23:21:43 - Tomcat started on port 8080 (http) with context path '/'
2025-03-23 23:21:43 - Started AppStart in 3.489 seconds (process running for 3.977)
2025-03-23 23:21:43 - Initializing Spring DispatcherServlet 'dispatcherServlet'
2025-03-23 23:21:43 - Initializing Servlet 'dispatcherServlet'
2025-03-23 23:21:43 - Completed initialization in 1 ms
2025-03-23 23:21:44 -  log info 
2025-03-23 23:21:44 -  log info 
2025-03-23 23:21:46 -  log info 
2025-03-23 23:21:46 -  log info 
2025-03-23 23:22:13 -  log info 
2025-03-23 23:22:13 -  log info 
2025-03-23 23:22:18 -  log info 
2025-03-23 23:22:18 -  log info 
2025-03-23 23:22:44 -  log info 
2025-03-23 23:22:44 -  log info 
2025-03-23 23:22:50 -  log info 
2025-03-23 23:22:50 -  log info 
2025-03-23 23:23:31 -  log info 
2025-03-23 23:23:31 -  log info 
2025-03-23 23:23:41 -  log info 
2025-03-23 23:23:41 -  log info 
2025-03-23 23:23:54 -  log info 
2025-03-23 23:23:54 -  log info 
2025-03-23 23:24:19 -  log info 
2025-03-23 23:24:19 -  log info 
2025-03-23 23:24:43 -  log info 
2025-03-23 23:24:43 -  log info 
2025-03-23 23:26:29 -  log info 
2025-03-23 23:26:29 -  log info 
2025-03-23 23:26:34 -  log info 
2025-03-23 23:26:34 -  log info 
2025-03-23 23:34:31 -  log info 
2025-03-23 23:34:31 -  log info 
2025-03-23 23:34:38 -  log info 
2025-03-23 23:34:38 -  log info 
2025-03-23 23:37:33 -  log info 
2025-03-23 23:37:34 -  log info 
2025-03-23 23:37:45 -  log info 
2025-03-23 23:37:45 -  log info 
2025-03-23 23:38:02 -  log info 
2025-03-23 23:38:02 -  log info 
2025-03-23 23:38:08 -  log info 
2025-03-23 23:38:08 -  log info 
2025-03-23 23:39:37 -  log info 
2025-03-23 23:39:37 -  log info 
2025-03-23 23:39:48 -  log info 
2025-03-23 23:39:48 -  log info 
