2025-03-24 15:43:14 - Starting AppStart using Java 17.0.12 with PID 7540 (C:\Users\tj-bu-702-12\Desktop\jeenimari\workplatform\build\classes\java\main started by tj-bu-702-12 in C:\Users\tj-bu-702-12\Desktop\jeenimari\workplatform)
2025-03-24 15:43:14 - No active profile set, falling back to 1 default profile: "default"
2025-03-24 15:43:16 - Bootstrapping Spring Data JPA repositories in DEFAULT mode.
2025-03-24 15:43:16 - Finished Spring Data repository scanning in 38 ms. Found 0 JPA repository interfaces.
2025-03-24 15:43:18 - Tomcat initialized with port 8080 (http)
2025-03-24 15:43:18 - Initializing ProtocolHandler ["http-nio-8080"]
2025-03-24 15:43:18 - Starting service [Tomcat]
2025-03-24 15:43:18 - Starting Servlet engine: [Apache Tomcat/10.1.34]
2025-03-24 15:43:18 - Initializing Spring embedded WebApplicationContext
2025-03-24 15:43:18 - Root WebApplicationContext: initialization completed in 3413 ms
2025-03-24 15:43:18 - HikariPool-1 - Starting...
2025-03-24 15:43:19 - HikariPool-1 - Added connection com.mysql.cj.jdbc.ConnectionImpl@2589d787
2025-03-24 15:43:19 - HikariPool-1 - Start completed.
2025-03-24 15:43:19 - HHH000204: Processing PersistenceUnitInfo [name: default]
2025-03-24 15:43:19 - HHH000412: Hibernate ORM core version 6.6.5.Final
2025-03-24 15:43:19 - HHH000026: Second-level cache disabled
2025-03-24 15:43:20 - No LoadTimeWeaver setup: ignoring JPA class transformer
2025-03-24 15:43:21 - HHH10001005: Database info:
	Database JDBC URL [Connecting through datasource 'HikariDataSource (HikariPool-1)']
	Database driver: undefined/unknown
	Database version: 8.0.40
	Autocommit mode: undefined/unknown
	Isolation level: undefined/unknown
	Minimum pool size: undefined/unknown
	Maximum pool size: undefined/unknown
2025-03-24 15:43:22 - HHH000489: No JTA platform available (set 'hibernate.transaction.jta.platform' to enable JTA platform integration)
2025-03-24 15:43:22 - Initialized JPA EntityManagerFactory for persistence unit 'default'
2025-03-24 15:43:24 - Starting ProtocolHandler ["http-nio-8080"]
2025-03-24 15:43:24 - Tomcat started on port 8080 (http) with context path '/'
2025-03-24 15:43:24 - Started AppStart in 10.96 seconds (process running for 12.033)
2025-03-24 15:47:06 - Initializing Spring DispatcherServlet 'dispatcherServlet'
2025-03-24 15:47:06 - Initializing Servlet 'dispatcherServlet'
2025-03-24 15:47:06 - Completed initialization in 2 ms
2025-03-24 15:47:07 -  log info 
2025-03-24 15:47:07 -  log info 
2025-03-24 17:03:02 - Starting AppStart using Java 17.0.12 with PID 37356 (C:\Users\tj-bu-702-18\IdeaProjects\workplatform2\build\classes\java\main started by tj-bu-702-18 in C:\Users\tj-bu-702-18\IdeaProjects\workplatform2)
2025-03-24 17:03:02 - No active profile set, falling back to 1 default profile: "default"
2025-03-24 17:03:02 - Bootstrapping Spring Data JPA repositories in DEFAULT mode.
2025-03-24 17:03:02 - Finished Spring Data repository scanning in 16 ms. Found 0 JPA repository interfaces.
2025-03-24 17:03:03 - Tomcat initialized with port 8080 (http)
2025-03-24 17:03:03 - Initializing ProtocolHandler ["http-nio-8080"]
2025-03-24 17:03:03 - Starting service [Tomcat]
2025-03-24 17:03:03 - Starting Servlet engine: [Apache Tomcat/10.1.34]
2025-03-24 17:03:03 - Initializing Spring embedded WebApplicationContext
2025-03-24 17:03:03 - Root WebApplicationContext: initialization completed in 1337 ms
2025-03-24 17:03:03 - HikariPool-1 - Starting...
2025-03-24 17:03:03 - HikariPool-1 - Added connection com.mysql.cj.jdbc.ConnectionImpl@71936a92
2025-03-24 17:03:03 - HikariPool-1 - Start completed.
2025-03-24 17:03:04 - HHH000204: Processing PersistenceUnitInfo [name: default]
2025-03-24 17:03:04 - HHH000412: Hibernate ORM core version 6.6.5.Final
2025-03-24 17:03:04 - HHH000026: Second-level cache disabled
2025-03-24 17:03:04 - No LoadTimeWeaver setup: ignoring JPA class transformer
2025-03-24 17:03:04 - HHH10001005: Database info:
	Database JDBC URL [Connecting through datasource 'HikariDataSource (HikariPool-1)']
	Database driver: undefined/unknown
	Database version: 8.0.41
	Autocommit mode: undefined/unknown
	Isolation level: undefined/unknown
	Minimum pool size: undefined/unknown
	Maximum pool size: undefined/unknown
2025-03-24 17:03:04 - HHH000489: No JTA platform available (set 'hibernate.transaction.jta.platform' to enable JTA platform integration)
2025-03-24 17:03:04 - Initialized JPA EntityManagerFactory for persistence unit 'default'
2025-03-24 17:03:05 - Starting ProtocolHandler ["http-nio-8080"]
2025-03-24 17:03:05 - Tomcat started on port 8080 (http) with context path '/'
2025-03-24 17:03:05 - Started AppStart in 3.702 seconds (process running for 4.232)
2025-03-24 17:03:11 - Initializing Spring DispatcherServlet 'dispatcherServlet'
2025-03-24 17:03:11 - Initializing Servlet 'dispatcherServlet'
2025-03-24 17:03:11 - Completed initialization in 1 ms
2025-03-24 17:10:37 - Starting AppStart using Java 17.0.12 with PID 34856 (C:\Users\tj-bu-702-18\IdeaProjects\workplatform2\build\classes\java\main started by tj-bu-702-18 in C:\Users\tj-bu-702-18\IdeaProjects\workplatform2)
2025-03-24 17:10:37 - No active profile set, falling back to 1 default profile: "default"
2025-03-24 17:10:37 - Bootstrapping Spring Data JPA repositories in DEFAULT mode.
2025-03-24 17:10:37 - Finished Spring Data repository scanning in 16 ms. Found 0 JPA repository interfaces.
2025-03-24 17:10:38 - Tomcat initialized with port 8080 (http)
2025-03-24 17:10:38 - Initializing ProtocolHandler ["http-nio-8080"]
2025-03-24 17:10:38 - Starting service [Tomcat]
2025-03-24 17:10:38 - Starting Servlet engine: [Apache Tomcat/10.1.34]
2025-03-24 17:10:38 - Initializing Spring embedded WebApplicationContext
2025-03-24 17:10:38 - Root WebApplicationContext: initialization completed in 1324 ms
2025-03-24 17:10:38 - HikariPool-1 - Starting...
2025-03-24 17:10:38 - HikariPool-1 - Added connection com.mysql.cj.jdbc.ConnectionImpl@50ec4bfc
2025-03-24 17:10:38 - HikariPool-1 - Start completed.
2025-03-24 17:10:39 - HHH000204: Processing PersistenceUnitInfo [name: default]
2025-03-24 17:10:39 - HHH000412: Hibernate ORM core version 6.6.5.Final
2025-03-24 17:10:39 - HHH000026: Second-level cache disabled
2025-03-24 17:10:39 - No LoadTimeWeaver setup: ignoring JPA class transformer
2025-03-24 17:10:39 - HHH10001005: Database info:
	Database JDBC URL [Connecting through datasource 'HikariDataSource (HikariPool-1)']
	Database driver: undefined/unknown
	Database version: 8.0.41
	Autocommit mode: undefined/unknown
	Isolation level: undefined/unknown
	Minimum pool size: undefined/unknown
	Maximum pool size: undefined/unknown
2025-03-24 17:10:39 - HHH000489: No JTA platform available (set 'hibernate.transaction.jta.platform' to enable JTA platform integration)
2025-03-24 17:10:39 - Initialized JPA EntityManagerFactory for persistence unit 'default'
2025-03-24 17:10:40 - Starting ProtocolHandler ["http-nio-8080"]
2025-03-24 17:10:40 - Tomcat started on port 8080 (http) with context path '/'
2025-03-24 17:10:40 - Started AppStart in 3.768 seconds (process running for 4.311)
2025-03-24 17:10:49 - Initializing Spring DispatcherServlet 'dispatcherServlet'
2025-03-24 17:10:49 - Initializing Servlet 'dispatcherServlet'
2025-03-24 17:10:49 - Completed initialization in 1 ms
2025-03-24 17:20:36 - Starting AppStart using Java 17.0.12 with PID 32276 (C:\Users\tj-bu-702-18\IdeaProjects\workplatform2\build\classes\java\main started by tj-bu-702-18 in C:\Users\tj-bu-702-18\IdeaProjects\workplatform2)
2025-03-24 17:20:36 - No active profile set, falling back to 1 default profile: "default"
2025-03-24 17:20:37 - Bootstrapping Spring Data JPA repositories in DEFAULT mode.
2025-03-24 17:20:37 - Finished Spring Data repository scanning in 16 ms. Found 0 JPA repository interfaces.
2025-03-24 17:20:37 - Tomcat initialized with port 8080 (http)
2025-03-24 17:20:37 - Initializing ProtocolHandler ["http-nio-8080"]
2025-03-24 17:20:37 - Starting service [Tomcat]
2025-03-24 17:20:37 - Starting Servlet engine: [Apache Tomcat/10.1.34]
2025-03-24 17:20:37 - Initializing Spring embedded WebApplicationContext
2025-03-24 17:20:37 - Root WebApplicationContext: initialization completed in 1401 ms
2025-03-24 17:20:37 - HikariPool-1 - Starting...
2025-03-24 17:20:38 - HikariPool-1 - Added connection com.mysql.cj.jdbc.ConnectionImpl@7558633
2025-03-24 17:20:38 - HikariPool-1 - Start completed.
2025-03-24 17:20:38 - HHH000204: Processing PersistenceUnitInfo [name: default]
2025-03-24 17:20:38 - HHH000412: Hibernate ORM core version 6.6.5.Final
2025-03-24 17:20:38 - HHH000026: Second-level cache disabled
2025-03-24 17:20:38 - No LoadTimeWeaver setup: ignoring JPA class transformer
2025-03-24 17:20:38 - HHH10001005: Database info:
	Database JDBC URL [Connecting through datasource 'HikariDataSource (HikariPool-1)']
	Database driver: undefined/unknown
	Database version: 8.0.41
	Autocommit mode: undefined/unknown
	Isolation level: undefined/unknown
	Minimum pool size: undefined/unknown
	Maximum pool size: undefined/unknown
2025-03-24 17:20:39 - HHH000489: No JTA platform available (set 'hibernate.transaction.jta.platform' to enable JTA platform integration)
2025-03-24 17:20:39 - Initialized JPA EntityManagerFactory for persistence unit 'default'
2025-03-24 17:20:39 - Starting ProtocolHandler ["http-nio-8080"]
2025-03-24 17:20:39 - Tomcat started on port 8080 (http) with context path '/'
2025-03-24 17:20:39 - Started AppStart in 3.834 seconds (process running for 4.41)
2025-03-24 17:20:40 - Initializing Spring DispatcherServlet 'dispatcherServlet'
2025-03-24 17:20:40 - Initializing Servlet 'dispatcherServlet'
2025-03-24 17:20:40 - Completed initialization in 1 ms
2025-03-24 17:40:58 - Starting AppStart using Java 17.0.12 with PID 9788 (C:\Users\tj-bu-702-18\IdeaProjects\workplatform2\build\classes\java\main started by tj-bu-702-18 in C:\Users\tj-bu-702-18\IdeaProjects\workplatform2)
2025-03-24 17:40:58 - No active profile set, falling back to 1 default profile: "default"
2025-03-24 17:40:59 - Bootstrapping Spring Data JPA repositories in DEFAULT mode.
2025-03-24 17:40:59 - Finished Spring Data repository scanning in 37 ms. Found 0 JPA repository interfaces.
2025-03-24 17:41:00 - Tomcat initialized with port 8080 (http)
2025-03-24 17:41:00 - Initializing ProtocolHandler ["http-nio-8080"]
2025-03-24 17:41:00 - Starting service [Tomcat]
2025-03-24 17:41:00 - Starting Servlet engine: [Apache Tomcat/10.1.34]
2025-03-24 17:41:00 - Initializing Spring embedded WebApplicationContext
2025-03-24 17:41:00 - Root WebApplicationContext: initialization completed in 2189 ms
2025-03-24 17:41:00 - HikariPool-1 - Starting...
2025-03-24 17:41:01 - HikariPool-1 - Added connection com.mysql.cj.jdbc.ConnectionImpl@61359e87
2025-03-24 17:41:01 - HikariPool-1 - Start completed.
2025-03-24 17:41:01 - HHH000204: Processing PersistenceUnitInfo [name: default]
2025-03-24 17:41:01 - HHH000412: Hibernate ORM core version 6.6.5.Final
2025-03-24 17:41:01 - HHH000026: Second-level cache disabled
2025-03-24 17:41:02 - No LoadTimeWeaver setup: ignoring JPA class transformer
2025-03-24 17:41:02 - HHH10001005: Database info:
	Database JDBC URL [Connecting through datasource 'HikariDataSource (HikariPool-1)']
	Database driver: undefined/unknown
	Database version: 8.0.41
	Autocommit mode: undefined/unknown
	Isolation level: undefined/unknown
	Minimum pool size: undefined/unknown
	Maximum pool size: undefined/unknown
2025-03-24 17:41:03 - HHH000489: No JTA platform available (set 'hibernate.transaction.jta.platform' to enable JTA platform integration)
2025-03-24 17:41:03 - Initialized JPA EntityManagerFactory for persistence unit 'default'
2025-03-24 17:41:04 - Starting ProtocolHandler ["http-nio-8080"]
2025-03-24 17:41:04 - Tomcat started on port 8080 (http) with context path '/'
2025-03-24 17:41:04 - Started AppStart in 6.099 seconds (process running for 6.64)
2025-03-24 17:41:05 - Initializing Spring DispatcherServlet 'dispatcherServlet'
2025-03-24 17:41:05 - Initializing Servlet 'dispatcherServlet'
2025-03-24 17:41:05 - Completed initialization in 1 ms
2025-03-24 17:41:05 -  log info 
2025-03-24 17:41:05 -  log info 
2025-03-24 17:41:15 - 일반메세지 : ChattingDto(mstype=0, rno=2, msDate=null, loginMno=0, mname=test, mscontent=null, mno=100001, msg=zzzz, msno=0, msdate=null, pdate=null, rname=null, rtype=null, mnameList=null, msgList=null, fno=0, fname=null, flocation=null, fdate=null, type=null, message=null, rooms=null, action=null)
2025-03-24 17:41:18 - 일반메세지 : ChattingDto(mstype=0, rno=2, msDate=null, loginMno=0, mname=test, mscontent=null, mno=100001, msg=ggg, msno=0, msdate=null, pdate=null, rname=null, rtype=null, mnameList=null, msgList=null, fno=0, fname=null, flocation=null, fdate=null, type=null, message=null, rooms=null, action=null)
2025-03-24 17:55:00 - Starting AppStart using Java 17.0.12 with PID 1908 (C:\Users\TJ-BU-702-P24\IdeaProjects\workplatform\build\classes\java\main started by TJ-BU-702-P24 in C:\Users\TJ-BU-702-P24\IdeaProjects\workplatform)
2025-03-24 17:55:00 - No active profile set, falling back to 1 default profile: "default"
2025-03-24 17:55:02 - Tomcat initialized with port 8080 (http)
2025-03-24 17:55:02 - Initializing ProtocolHandler ["http-nio-8080"]
2025-03-24 17:55:02 - Starting service [Tomcat]
2025-03-24 17:55:02 - Starting Servlet engine: [Apache Tomcat/10.1.34]
2025-03-24 17:55:02 - Initializing Spring embedded WebApplicationContext
2025-03-24 17:55:02 - Root WebApplicationContext: initialization completed in 1777 ms
2025-03-24 17:55:02 - Stopping service [Tomcat]
2025-03-24 17:55:02 - 

Error starting ApplicationContext. To display the condition evaluation report re-run your application with 'debug' enabled.
2025-03-24 17:56:53 - Starting AppStart using Java 17.0.12 with PID 8656 (C:\Users\TJ-BU-702-P24\IdeaProjects\workplatform\build\classes\java\main started by TJ-BU-702-P24 in C:\Users\TJ-BU-702-P24\IdeaProjects\workplatform)
2025-03-24 17:56:53 - No active profile set, falling back to 1 default profile: "default"
2025-03-24 17:56:55 - Tomcat initialized with port 8080 (http)
2025-03-24 17:56:55 - Initializing ProtocolHandler ["http-nio-8080"]
2025-03-24 17:56:55 - Starting service [Tomcat]
2025-03-24 17:56:55 - Starting Servlet engine: [Apache Tomcat/10.1.34]
2025-03-24 17:56:55 - Initializing Spring embedded WebApplicationContext
2025-03-24 17:56:55 - Root WebApplicationContext: initialization completed in 1709 ms
2025-03-24 17:56:55 - Stopping service [Tomcat]
2025-03-24 17:56:55 - 

Error starting ApplicationContext. To display the condition evaluation report re-run your application with 'debug' enabled.
2025-03-24 17:58:07 - Starting AppStart using Java 17.0.12 with PID 10268 (C:\Users\TJ-BU-702-P24\IdeaProjects\workplatform\build\classes\java\main started by TJ-BU-702-P24 in C:\Users\TJ-BU-702-P24\IdeaProjects\workplatform)
2025-03-24 17:58:07 - No active profile set, falling back to 1 default profile: "default"
2025-03-24 17:58:09 - Tomcat initialized with port 8080 (http)
2025-03-24 17:58:09 - Initializing ProtocolHandler ["http-nio-8080"]
2025-03-24 17:58:09 - Starting service [Tomcat]
2025-03-24 17:58:09 - Starting Servlet engine: [Apache Tomcat/10.1.34]
2025-03-24 17:58:09 - Initializing Spring embedded WebApplicationContext
2025-03-24 17:58:09 - Root WebApplicationContext: initialization completed in 1743 ms
2025-03-24 17:58:09 - HikariPool-1 - Starting...
2025-03-24 17:58:10 - HikariPool-1 - Added connection com.mysql.cj.jdbc.ConnectionImpl@3b97907c
2025-03-24 17:58:10 - HikariPool-1 - Start completed.
2025-03-24 17:58:11 - Starting ProtocolHandler ["http-nio-8080"]
2025-03-24 17:58:11 - Tomcat started on port 8080 (http) with context path '/'
2025-03-24 17:58:11 - Started AppStart in 3.696 seconds (process running for 4.39)
2025-03-24 18:02:40 - Starting AppStart using Java 17.0.12 with PID 2112 (C:\Users\TJ-BU-702-P24\IdeaProjects\workplatform\build\classes\java\main started by TJ-BU-702-P24 in C:\Users\TJ-BU-702-P24\IdeaProjects\workplatform)
2025-03-24 18:02:40 - No active profile set, falling back to 1 default profile: "default"
2025-03-24 18:02:41 - Tomcat initialized with port 8080 (http)
2025-03-24 18:02:41 - Initializing ProtocolHandler ["http-nio-8080"]
2025-03-24 18:02:41 - Starting service [Tomcat]
2025-03-24 18:02:41 - Starting Servlet engine: [Apache Tomcat/10.1.34]
2025-03-24 18:02:41 - Initializing Spring embedded WebApplicationContext
2025-03-24 18:02:41 - Root WebApplicationContext: initialization completed in 1702 ms
2025-03-24 18:02:42 - Stopping service [Tomcat]
2025-03-24 18:02:42 - 

Error starting ApplicationContext. To display the condition evaluation report re-run your application with 'debug' enabled.
2025-03-24 18:03:46 - Starting AppStart using Java 17.0.12 with PID 11320 (C:\Users\TJ-BU-702-P24\IdeaProjects\workplatform\build\classes\java\main started by TJ-BU-702-P24 in C:\Users\TJ-BU-702-P24\IdeaProjects\workplatform)
2025-03-24 18:03:46 - No active profile set, falling back to 1 default profile: "default"
2025-03-24 18:03:48 - Tomcat initialized with port 8080 (http)
2025-03-24 18:03:48 - Initializing ProtocolHandler ["http-nio-8080"]
2025-03-24 18:03:48 - Starting service [Tomcat]
2025-03-24 18:03:48 - Starting Servlet engine: [Apache Tomcat/10.1.34]
2025-03-24 18:03:48 - Initializing Spring embedded WebApplicationContext
2025-03-24 18:03:48 - Root WebApplicationContext: initialization completed in 1824 ms
2025-03-24 18:03:48 - Stopping service [Tomcat]
2025-03-24 18:03:48 - 

Error starting ApplicationContext. To display the condition evaluation report re-run your application with 'debug' enabled.
2025-03-24 18:05:59 - Starting AppStart using Java 17.0.12 with PID 1072 (C:\Users\TJ-BU-702-P24\IdeaProjects\workplatform\build\classes\java\main started by TJ-BU-702-P24 in C:\Users\TJ-BU-702-P24\IdeaProjects\workplatform)
2025-03-24 18:05:59 - No active profile set, falling back to 1 default profile: "default"
2025-03-24 18:06:01 - Tomcat initialized with port 8080 (http)
2025-03-24 18:06:01 - Initializing ProtocolHandler ["http-nio-8080"]
2025-03-24 18:06:01 - Starting service [Tomcat]
2025-03-24 18:06:01 - Starting Servlet engine: [Apache Tomcat/10.1.34]
2025-03-24 18:06:01 - Initializing Spring embedded WebApplicationContext
2025-03-24 18:06:01 - Root WebApplicationContext: initialization completed in 1844 ms
2025-03-24 18:06:01 - Stopping service [Tomcat]
2025-03-24 18:06:01 - 

Error starting ApplicationContext. To display the condition evaluation report re-run your application with 'debug' enabled.
2025-03-24 18:06:52 - Starting AppStart using Java 17.0.12 with PID 7524 (C:\Users\TJ-BU-702-P24\IdeaProjects\workplatform\build\classes\java\main started by TJ-BU-702-P24 in C:\Users\TJ-BU-702-P24\IdeaProjects\workplatform)
2025-03-24 18:06:52 - No active profile set, falling back to 1 default profile: "default"
2025-03-24 18:06:54 - Tomcat initialized with port 8080 (http)
2025-03-24 18:06:54 - Initializing ProtocolHandler ["http-nio-8080"]
2025-03-24 18:06:54 - Starting service [Tomcat]
2025-03-24 18:06:54 - Starting Servlet engine: [Apache Tomcat/10.1.34]
2025-03-24 18:06:54 - Initializing Spring embedded WebApplicationContext
2025-03-24 18:06:54 - Root WebApplicationContext: initialization completed in 1740 ms
2025-03-24 18:06:54 - Stopping service [Tomcat]
2025-03-24 18:06:54 - 

Error starting ApplicationContext. To display the condition evaluation report re-run your application with 'debug' enabled.
2025-03-24 18:07:59 - Starting AppStart using Java 17.0.12 with PID 12936 (C:\Users\TJ-BU-702-P24\IdeaProjects\workplatform\build\classes\java\main started by TJ-BU-702-P24 in C:\Users\TJ-BU-702-P24\IdeaProjects\workplatform)
2025-03-24 18:07:59 - No active profile set, falling back to 1 default profile: "default"
2025-03-24 18:08:01 - Tomcat initialized with port 8080 (http)
2025-03-24 18:08:01 - Initializing ProtocolHandler ["http-nio-8080"]
2025-03-24 18:08:01 - Starting service [Tomcat]
2025-03-24 18:08:01 - Starting Servlet engine: [Apache Tomcat/10.1.34]
2025-03-24 18:08:01 - Initializing Spring embedded WebApplicationContext
2025-03-24 18:08:01 - Root WebApplicationContext: initialization completed in 1735 ms
2025-03-24 18:08:01 - HikariPool-1 - Starting...
2025-03-24 18:08:01 - HikariPool-1 - Added connection com.mysql.cj.jdbc.ConnectionImpl@6cbb175
2025-03-24 18:08:01 - HikariPool-1 - Start completed.
2025-03-24 18:08:02 - Starting ProtocolHandler ["http-nio-8080"]
2025-03-24 18:08:02 - Tomcat started on port 8080 (http) with context path '/'
2025-03-24 18:08:02 - Started AppStart in 3.688 seconds (process running for 4.436)
2025-03-24 18:09:20 - Initializing Spring DispatcherServlet 'dispatcherServlet'
2025-03-24 18:09:20 - Initializing Servlet 'dispatcherServlet'
2025-03-24 18:09:20 - Completed initialization in 2 ms
2025-03-24 18:09:20 -  log info 
2025-03-24 18:09:20 -  log info 
2025-03-24 18:09:24 -  log info 
2025-03-24 18:09:24 -  log info 
2025-03-24 18:10:35 -  log info 
2025-03-24 18:10:35 -  log info 
2025-03-24 18:10:54 -  log info 
2025-03-24 18:10:54 -  log info 
2025-03-24 18:11:06 - 일반메세지 : ChattingDto(mstype=0, rno=1, msDate=null, loginMno=0, mname=test, mscontent=null, mno=100001, msg=ZZZZZ, msno=0, msdate=null, pdate=null, rname=null, rtype=null, mnameList=null, msgList=null, fno=0, fname=null, flocation=null, fdate=null, type=null, message=null, rooms=null, action=null)
2025-03-24 18:11:10 - 파일메세지 : ChattingDto(mstype=1, rno=1, msDate=null, loginMno=0, mname=test, mscontent=null, mno=100001, msg=, msno=0, msdate=null, pdate=null, rname=null, rtype=null, mnameList=null, msgList=null, fno=0, fname=null, flocation=b3171356-43fe-4d75-b6e5-3121509568aa_로그인구현1.jpg, fdate=null, type=null, message=null, rooms=null, action=null)
2025-03-24 18:11:18 -  log info 
2025-03-24 18:11:18 -  log info 
2025-03-24 18:11:25 - 일반메세지 : ChattingDto(mstype=0, rno=1, msDate=null, loginMno=0, mname=test, mscontent=null, mno=100001, msg=GGGG, msno=0, msdate=null, pdate=null, rname=null, rtype=null, mnameList=null, msgList=null, fno=0, fname=null, flocation=null, fdate=null, type=null, message=null, rooms=null, action=null)
2025-03-24 18:12:03 -  log info 
2025-03-24 18:12:03 -  log info 
2025-03-24 18:15:53 - Starting AppStart using Java 17.0.12 with PID 11836 (C:\Users\TJ-BU-702-P24\IdeaProjects\workplatform\build\classes\java\main started by TJ-BU-702-P24 in C:\Users\TJ-BU-702-P24\IdeaProjects\workplatform)
2025-03-24 18:15:53 - No active profile set, falling back to 1 default profile: "default"
2025-03-24 18:15:55 - Tomcat initialized with port 8080 (http)
2025-03-24 18:15:55 - Initializing ProtocolHandler ["http-nio-8080"]
2025-03-24 18:15:55 - Starting service [Tomcat]
2025-03-24 18:15:55 - Starting Servlet engine: [Apache Tomcat/10.1.34]
2025-03-24 18:15:55 - Initializing Spring embedded WebApplicationContext
2025-03-24 18:15:55 - Root WebApplicationContext: initialization completed in 1933 ms
2025-03-24 18:15:56 - HikariPool-1 - Starting...
2025-03-24 18:15:56 - HikariPool-1 - Added connection com.mysql.cj.jdbc.ConnectionImpl@3cdff901
2025-03-24 18:15:56 - HikariPool-1 - Start completed.
2025-03-24 18:15:57 - Starting ProtocolHandler ["http-nio-8080"]
2025-03-24 18:15:57 - Tomcat started on port 8080 (http) with context path '/'
2025-03-24 18:15:57 - Started AppStart in 4.029 seconds (process running for 4.708)
2025-03-24 18:17:46 - Starting AppStart using Java 17.0.12 with PID 4644 (C:\Users\TJ-BU-702-P24\IdeaProjects\workplatform\build\classes\java\main started by TJ-BU-702-P24 in C:\Users\TJ-BU-702-P24\IdeaProjects\workplatform)
2025-03-24 18:17:46 - No active profile set, falling back to 1 default profile: "default"
2025-03-24 18:17:47 - Tomcat initialized with port 8080 (http)
2025-03-24 18:17:47 - Initializing ProtocolHandler ["http-nio-8080"]
2025-03-24 18:17:47 - Starting service [Tomcat]
2025-03-24 18:17:47 - Starting Servlet engine: [Apache Tomcat/10.1.34]
2025-03-24 18:17:47 - Initializing Spring embedded WebApplicationContext
2025-03-24 18:17:47 - Root WebApplicationContext: initialization completed in 1789 ms
2025-03-24 18:17:48 - HikariPool-1 - Starting...
2025-03-24 18:17:48 - HikariPool-1 - Added connection com.mysql.cj.jdbc.ConnectionImpl@5c18d6d4
2025-03-24 18:17:48 - HikariPool-1 - Start completed.
2025-03-24 18:17:49 - Starting ProtocolHandler ["http-nio-8080"]
2025-03-24 18:17:49 - Tomcat started on port 8080 (http) with context path '/'
2025-03-24 18:17:49 - Started AppStart in 3.942 seconds (process running for 4.619)
2025-03-24 18:30:37 - Initializing Spring DispatcherServlet 'dispatcherServlet'
2025-03-24 18:30:37 - Initializing Servlet 'dispatcherServlet'
2025-03-24 18:30:37 - Completed initialization in 1 ms
2025-03-24 18:58:05 - Starting AppStart using Java 17.0.12 with PID 14144 (C:\Users\TJ-BU-702-P24\IdeaProjects\workplatform\build\classes\java\main started by TJ-BU-702-P24 in C:\Users\TJ-BU-702-P24\IdeaProjects\workplatform)
2025-03-24 18:58:05 - No active profile set, falling back to 1 default profile: "default"
2025-03-24 18:58:07 - Tomcat initialized with port 8080 (http)
2025-03-24 18:58:07 - Initializing ProtocolHandler ["http-nio-8080"]
2025-03-24 18:58:07 - Starting service [Tomcat]
2025-03-24 18:58:07 - Starting Servlet engine: [Apache Tomcat/10.1.34]
2025-03-24 18:58:07 - Initializing Spring embedded WebApplicationContext
2025-03-24 18:58:07 - Root WebApplicationContext: initialization completed in 1757 ms
2025-03-24 18:58:07 - HikariPool-1 - Starting...
2025-03-24 18:58:07 - HikariPool-1 - Added connection com.mysql.cj.jdbc.ConnectionImpl@1ac730cd
2025-03-24 18:58:07 - HikariPool-1 - Start completed.
2025-03-24 18:58:08 - Starting ProtocolHandler ["http-nio-8080"]
2025-03-24 18:58:08 - Tomcat started on port 8080 (http) with context path '/'
2025-03-24 18:58:08 - Started AppStart in 3.767 seconds (process running for 4.78)
2025-03-24 18:59:07 - Initializing Spring DispatcherServlet 'dispatcherServlet'
2025-03-24 18:59:07 - Initializing Servlet 'dispatcherServlet'
2025-03-24 18:59:07 - Completed initialization in 1 ms
2025-03-24 18:59:07 -  log info 
2025-03-24 18:59:07 -  log info 
2025-03-24 18:59:10 -  log info 
2025-03-24 18:59:10 -  log info 
2025-03-24 18:59:24 -  log info 
2025-03-24 18:59:24 -  log info 
2025-03-24 19:03:24 -  log info 
2025-03-24 19:03:24 -  log info 
2025-03-24 19:57:17 -  log info 
2025-03-24 19:57:17 -  log info 
