2025-04-02 06:35:58 - Starting AppStart using Java 17.0.12 with PID 23012 (C:\Users\ppo37\IdeaProjects\workplatform\build\classes\java\main started by ppo37 in C:\Users\ppo37\IdeaProjects\workplatform)
2025-04-02 06:35:58 - No active profile set, falling back to 1 default profile: "default"
2025-04-02 06:35:59 - Tomcat initialized with port 8080 (http)
2025-04-02 06:35:59 - Initializing ProtocolHandler ["http-nio-8080"]
2025-04-02 06:35:59 - Starting service [Tomcat]
2025-04-02 06:35:59 - Starting Servlet engine: [Apache Tomcat/10.1.34]
2025-04-02 06:36:00 - Initializing Spring embedded WebApplicationContext
2025-04-02 06:36:00 - Root WebApplicationContext: initialization completed in 1408 ms
2025-04-02 06:36:00 - HikariPool-1 - Starting...
2025-04-02 06:36:00 - HikariPool-1 - Added connection com.mysql.cj.jdbc.ConnectionImpl@7ce29a2d
2025-04-02 06:36:00 - HikariPool-1 - Start completed.
2025-04-02 06:36:01 - Starting ProtocolHandler ["http-nio-8080"]
2025-04-02 06:36:01 - Tomcat started on port 8080 (http) with context path '/'
2025-04-02 06:36:01 - Started AppStart in 3.004 seconds (process running for 3.541)
2025-04-02 06:36:04 - Initializing Spring DispatcherServlet 'dispatcherServlet'
2025-04-02 06:36:04 - Initializing Servlet 'dispatcherServlet'
2025-04-02 06:36:04 - Completed initialization in 1 ms
2025-04-02 06:36:56 - Starting AppStart using Java 17.0.12 with PID 30800 (C:\Users\ppo37\IdeaProjects\workplatform\build\classes\java\main started by ppo37 in C:\Users\ppo37\IdeaProjects\workplatform)
2025-04-02 06:36:56 - No active profile set, falling back to 1 default profile: "default"
2025-04-02 06:36:57 - Tomcat initialized with port 8080 (http)
2025-04-02 06:36:57 - Initializing ProtocolHandler ["http-nio-8080"]
2025-04-02 06:36:57 - Starting service [Tomcat]
2025-04-02 06:36:57 - Starting Servlet engine: [Apache Tomcat/10.1.34]
2025-04-02 06:36:57 - Initializing Spring embedded WebApplicationContext
2025-04-02 06:36:57 - Root WebApplicationContext: initialization completed in 1222 ms
2025-04-02 06:36:57 - HikariPool-1 - Starting...
2025-04-02 06:36:58 - HikariPool-1 - Added connection com.mysql.cj.jdbc.ConnectionImpl@650aa077
2025-04-02 06:36:58 - HikariPool-1 - Start completed.
2025-04-02 06:36:58 - Starting ProtocolHandler ["http-nio-8080"]
2025-04-02 06:36:58 - Tomcat started on port 8080 (http) with context path '/'
2025-04-02 06:36:58 - Started AppStart in 2.954 seconds (process running for 3.414)
2025-04-02 06:38:20 - Initializing Spring DispatcherServlet 'dispatcherServlet'
2025-04-02 06:38:20 - Initializing Servlet 'dispatcherServlet'
2025-04-02 06:38:20 - Completed initialization in 0 ms
2025-04-02 06:38:21 -  log info 
2025-04-02 06:38:21 -  log info 
2025-04-02 06:38:29 -  log info 
2025-04-02 06:38:29 -  log info 
