2025-03-25 14:53:24 - Starting AppStart using Java 17.0.12 with PID 11728 (C:\Users\TJ-BU-702-P24\IdeaProjects\workplatform\build\classes\java\main started by TJ-BU-702-P24 in C:\Users\TJ-BU-702-P24\IdeaProjects\workplatform)
2025-03-25 14:53:24 - No active profile set, falling back to 1 default profile: "default"
2025-03-25 14:53:26 - Tomcat initialized with port 8080 (http)
2025-03-25 14:53:26 - Initializing ProtocolHandler ["http-nio-8080"]
2025-03-25 14:53:26 - Starting service [Tomcat]
2025-03-25 14:53:26 - Starting Servlet engine: [Apache Tomcat/10.1.34]
2025-03-25 14:53:26 - Initializing Spring embedded WebApplicationContext
2025-03-25 14:53:26 - Root WebApplicationContext: initialization completed in 1714 ms
2025-03-25 14:53:26 - HikariPool-1 - Starting...
2025-03-25 14:53:27 - HikariPool-1 - Added connection com.mysql.cj.jdbc.ConnectionImpl@608cd501
2025-03-25 14:53:27 - HikariPool-1 - Start completed.
2025-03-25 14:53:28 - Starting ProtocolHandler ["http-nio-8080"]
2025-03-25 14:53:28 - Tomcat started on port 8080 (http) with context path '/'
2025-03-25 14:53:28 - Started AppStart in 3.765 seconds (process running for 4.434)
2025-03-25 14:54:14 - Initializing Spring DispatcherServlet 'dispatcherServlet'
2025-03-25 14:54:14 - Initializing Servlet 'dispatcherServlet'
2025-03-25 14:54:14 - Completed initialization in 1 ms
2025-03-25 14:54:14 -  log info 
2025-03-25 14:54:14 -  log info 
2025-03-25 14:59:26 -  log info 
2025-03-25 14:59:26 -  log info 
2025-03-25 15:00:06 - 일반메세지 : ChattingDto(mstype=0, rno=6, msDate=null, loginMno=0, mname=test, mscontent=null, mno=100001, msg=덤벼, msno=0, msdate=null, pdate=null, rname=null, rtype=null, mnameList=null, msgList=null, fno=0, fname=null, flocation=null, fdate=null, type=null, message=null, rooms=null, action=null)
2025-03-25 15:00:17 - 일반메세지 : ChattingDto(mstype=0, rno=6, msDate=null, loginMno=0, mname=test, mscontent=null, mno=100001, msg=덤벼라, msno=0, msdate=null, pdate=null, rname=null, rtype=null, mnameList=null, msgList=null, fno=0, fname=null, flocation=null, fdate=null, type=null, message=null, rooms=null, action=null)
2025-03-25 15:00:23 - 일반메세지 : ChattingDto(mstype=0, rno=6, msDate=null, loginMno=0, mname=test, mscontent=null, mno=100001, msg=하하하, msno=0, msdate=null, pdate=null, rname=null, rtype=null, mnameList=null, msgList=null, fno=0, fname=null, flocation=null, fdate=null, type=null, message=null, rooms=null, action=null)
2025-03-25 15:00:32 - 일반메세지 : ChattingDto(mstype=0, rno=6, msDate=null, loginMno=0, mname=test, mscontent=null, mno=100001, msg=냐하하하, msno=0, msdate=null, pdate=null, rname=null, rtype=null, mnameList=null, msgList=null, fno=0, fname=null, flocation=null, fdate=null, type=null, message=null, rooms=null, action=null)
2025-03-25 15:00:41 - 일반메세지 : ChattingDto(mstype=0, rno=6, msDate=null, loginMno=0, mname=test, mscontent=null, mno=100001, msg=그럼20,000;;;;, msno=0, msdate=null, pdate=null, rname=null, rtype=null, mnameList=null, msgList=null, fno=0, fname=null, flocation=null, fdate=null, type=null, message=null, rooms=null, action=null)
2025-03-25 15:01:10 - 일반메세지 : ChattingDto(mstype=0, rno=6, msDate=null, loginMno=0, mname=test, mscontent=null, mno=100001, msg=ㅎㅇㅎㅇ, msno=0, msdate=null, pdate=null, rname=null, rtype=null, mnameList=null, msgList=null, fno=0, fname=null, flocation=null, fdate=null, type=null, message=null, rooms=null, action=null)
2025-03-25 15:01:21 - 일반메세지 : ChattingDto(mstype=0, rno=6, msDate=null, loginMno=0, mname=test, mscontent=null, mno=100001, msg=맥도날드, msno=0, msdate=null, pdate=null, rname=null, rtype=null, mnameList=null, msgList=null, fno=0, fname=null, flocation=null, fdate=null, type=null, message=null, rooms=null, action=null)
2025-03-25 15:01:39 - 일반메세지 : ChattingDto(mstype=0, rno=6, msDate=null, loginMno=0, mname=test, mscontent=null, mno=100001, msg=맥스파이시, msno=0, msdate=null, pdate=null, rname=null, rtype=null, mnameList=null, msgList=null, fno=0, fname=null, flocation=null, fdate=null, type=null, message=null, rooms=null, action=null)
2025-03-25 15:01:44 - 일반메세지 : ChattingDto(mstype=0, rno=6, msDate=null, loginMno=0, mname=test, mscontent=null, mno=100001, msg=상하이버거, msno=0, msdate=null, pdate=null, rname=null, rtype=null, mnameList=null, msgList=null, fno=0, fname=null, flocation=null, fdate=null, type=null, message=null, rooms=null, action=null)
2025-03-25 15:01:49 - 일반메세지 : ChattingDto(mstype=0, rno=6, msDate=null, loginMno=0, mname=test, mscontent=null, mno=100001, msg=존맛탱, msno=0, msdate=null, pdate=null, rname=null, rtype=null, mnameList=null, msgList=null, fno=0, fname=null, flocation=null, fdate=null, type=null, message=null, rooms=null, action=null)
2025-03-25 15:01:56 - 일반메세지 : ChattingDto(mstype=0, rno=6, msDate=null, loginMno=0, mname=test, mscontent=null, mno=100001, msg=냐하하하, msno=0, msdate=null, pdate=null, rname=null, rtype=null, mnameList=null, msgList=null, fno=0, fname=null, flocation=null, fdate=null, type=null, message=null, rooms=null, action=null)
2025-03-25 15:02:08 - 일반메세지 : ChattingDto(mstype=0, rno=6, msDate=null, loginMno=0, mname=test, mscontent=null, mno=100001, msg=그럼 20,000, msno=0, msdate=null, pdate=null, rname=null, rtype=null, mnameList=null, msgList=null, fno=0, fname=null, flocation=null, fdate=null, type=null, message=null, rooms=null, action=null)
2025-03-25 15:33:37 -  log info 
2025-03-25 15:33:37 -  log info 
2025-03-25 15:43:02 - Starting AppStart using Java 17.0.12 with PID 13512 (C:\Users\TJ-BU-702-P24\IdeaProjects\workplatform\build\classes\java\main started by TJ-BU-702-P24 in C:\Users\TJ-BU-702-P24\IdeaProjects\workplatform)
2025-03-25 15:43:02 - No active profile set, falling back to 1 default profile: "default"
2025-03-25 15:43:04 - Tomcat initialized with port 8080 (http)
2025-03-25 15:43:04 - Initializing ProtocolHandler ["http-nio-8080"]
2025-03-25 15:43:04 - Starting service [Tomcat]
2025-03-25 15:43:04 - Starting Servlet engine: [Apache Tomcat/10.1.34]
2025-03-25 15:43:04 - Initializing Spring embedded WebApplicationContext
2025-03-25 15:43:04 - Root WebApplicationContext: initialization completed in 1808 ms
2025-03-25 15:43:04 - HikariPool-1 - Starting...
2025-03-25 15:43:05 - HikariPool-1 - Added connection com.mysql.cj.jdbc.ConnectionImpl@27b337bb
2025-03-25 15:43:05 - HikariPool-1 - Start completed.
2025-03-25 15:43:05 - Starting ProtocolHandler ["http-nio-8080"]
2025-03-25 15:43:05 - Tomcat started on port 8080 (http) with context path '/'
2025-03-25 15:43:05 - Started AppStart in 3.8 seconds (process running for 4.809)
2025-03-25 15:47:00 - Initializing Spring DispatcherServlet 'dispatcherServlet'
2025-03-25 15:47:00 - Initializing Servlet 'dispatcherServlet'
2025-03-25 15:47:00 - Completed initialization in 1 ms
2025-03-25 15:47:58 -  log info 
2025-03-25 15:47:58 -  log info 
2025-03-25 15:48:33 -  log info 
2025-03-25 15:48:33 -  log info 
2025-03-25 16:17:58 -  log info 
2025-03-25 16:17:58 -  log info 
2025-03-25 16:18:05 -  log info 
2025-03-25 16:18:05 -  log info 
2025-03-25 16:18:41 -  log info 
2025-03-25 16:18:41 -  log info 
2025-03-25 16:19:34 -  log info 
2025-03-25 16:19:34 -  log info 
2025-03-25 16:42:46 -  log info 
2025-03-25 16:42:46 -  log info 
2025-03-25 16:58:27 - Starting AppStart using Java 17.0.12 with PID 13296 (C:\Users\TJ-BU-702-P24\IdeaProjects\workplatform\build\classes\java\main started by TJ-BU-702-P24 in C:\Users\TJ-BU-702-P24\IdeaProjects\workplatform)
2025-03-25 16:58:27 - No active profile set, falling back to 1 default profile: "default"
2025-03-25 16:58:29 - Tomcat initialized with port 8080 (http)
2025-03-25 16:58:29 - Initializing ProtocolHandler ["http-nio-8080"]
2025-03-25 16:58:29 - Starting service [Tomcat]
2025-03-25 16:58:29 - Starting Servlet engine: [Apache Tomcat/10.1.34]
2025-03-25 16:58:29 - Initializing Spring embedded WebApplicationContext
2025-03-25 16:58:29 - Root WebApplicationContext: initialization completed in 1851 ms
2025-03-25 16:58:30 - HikariPool-1 - Starting...
2025-03-25 16:58:30 - HikariPool-1 - Added connection com.mysql.cj.jdbc.ConnectionImpl@608cd501
2025-03-25 16:58:30 - HikariPool-1 - Start completed.
2025-03-25 16:58:31 - Starting ProtocolHandler ["http-nio-8080"]
2025-03-25 16:58:31 - Tomcat started on port 8080 (http) with context path '/'
2025-03-25 16:58:31 - Started AppStart in 4.156 seconds (process running for 4.953)
2025-03-25 17:00:00 - Initializing Spring DispatcherServlet 'dispatcherServlet'
2025-03-25 17:00:00 - Initializing Servlet 'dispatcherServlet'
2025-03-25 17:00:00 - Completed initialization in 1 ms
2025-03-25 17:00:31 -  log info 
2025-03-25 17:00:31 -  log info 
2025-03-25 17:15:50 - Starting AppStart using Java 17.0.12 with PID 14892 (C:\Users\TJ-BU-702-P24\IdeaProjects\workplatform\build\classes\java\main started by TJ-BU-702-P24 in C:\Users\TJ-BU-702-P24\IdeaProjects\workplatform)
2025-03-25 17:15:50 - No active profile set, falling back to 1 default profile: "default"
2025-03-25 17:15:52 - Tomcat initialized with port 8080 (http)
2025-03-25 17:15:52 - Initializing ProtocolHandler ["http-nio-8080"]
2025-03-25 17:15:52 - Starting service [Tomcat]
2025-03-25 17:15:52 - Starting Servlet engine: [Apache Tomcat/10.1.34]
2025-03-25 17:15:52 - Initializing Spring embedded WebApplicationContext
2025-03-25 17:15:52 - Root WebApplicationContext: initialization completed in 1724 ms
2025-03-25 17:15:52 - HikariPool-1 - Starting...
2025-03-25 17:15:53 - HikariPool-1 - Added connection com.mysql.cj.jdbc.ConnectionImpl@3c9ef6e9
2025-03-25 17:15:53 - HikariPool-1 - Start completed.
2025-03-25 17:15:53 - Starting ProtocolHandler ["http-nio-8080"]
2025-03-25 17:15:53 - Tomcat started on port 8080 (http) with context path '/'
2025-03-25 17:15:53 - Started AppStart in 3.635 seconds (process running for 4.311)
2025-03-25 17:25:17 - Initializing Spring DispatcherServlet 'dispatcherServlet'
2025-03-25 17:25:17 - Initializing Servlet 'dispatcherServlet'
2025-03-25 17:25:17 - Completed initialization in 1 ms
2025-03-25 17:25:18 -  log info 
2025-03-25 17:25:18 -  log info 
2025-03-25 17:26:25 -  log info 
2025-03-25 17:26:25 -  log info 
2025-03-25 17:26:38 -  log info 
2025-03-25 17:26:38 -  log info 
2025-03-25 17:27:55 -  log info 
2025-03-25 17:27:55 -  log info 
2025-03-25 17:27:57 -  log info 
2025-03-25 17:27:57 -  log info 
2025-03-25 17:28:11 -  log info 
2025-03-25 17:28:11 -  log info 
2025-03-25 17:28:23 -  log info 
2025-03-25 17:28:23 -  log info 
2025-03-25 17:30:24 -  log info 
2025-03-25 17:30:24 -  log info 
2025-03-25 17:30:26 -  log info 
2025-03-25 17:30:26 -  log info 
2025-03-25 17:37:45 -  log info 
2025-03-25 17:37:45 -  log info 
2025-03-25 17:43:18 -  log info 
2025-03-25 17:43:18 -  log info 
2025-03-25 17:43:51 -  log info 
2025-03-25 17:43:51 -  log info 
2025-03-25 17:48:02 -  log info 
2025-03-25 17:48:02 -  log info 
2025-03-25 17:49:09 -  log info 
2025-03-25 17:49:09 -  log info 
