2025-03-21 14:23:53 - Starting AppStart using Java 17.0.12 with PID 5740 (C:\Users\tj-bu-702-11\IdeaProjects\workplatform\build\classes\java\main started by tj-bu-702-11 in C:\Users\tj-bu-702-11\IdeaProjects\workplatform)
2025-03-21 14:23:53 - No active profile set, falling back to 1 default profile: "default"
2025-03-21 14:23:54 - Bootstrapping Spring Data JPA repositories in DEFAULT mode.
2025-03-21 14:23:54 - Finished Spring Data repository scanning in 16 ms. Found 0 JPA repository interfaces.
2025-03-21 14:23:55 - Tomcat initialized with port 8080 (http)
2025-03-21 14:23:55 - Initializing ProtocolHandler ["http-nio-8080"]
2025-03-21 14:23:55 - Starting service [Tomcat]
2025-03-21 14:23:55 - Starting Servlet engine: [Apache Tomcat/10.1.34]
2025-03-21 14:23:55 - Initializing Spring embedded WebApplicationContext
2025-03-21 14:23:55 - Root WebApplicationContext: initialization completed in 1881 ms
2025-03-21 14:23:55 - HikariPool-1 - Starting...
2025-03-21 14:23:55 - HikariPool-1 - Added connection com.mysql.cj.jdbc.ConnectionImpl@5cfed0ba
2025-03-21 14:23:55 - HikariPool-1 - Start completed.
2025-03-21 14:23:56 - HHH000204: Processing PersistenceUnitInfo [name: default]
2025-03-21 14:23:56 - HHH000412: Hibernate ORM core version 6.6.5.Final
2025-03-21 14:23:56 - HHH000026: Second-level cache disabled
2025-03-21 14:23:57 - No LoadTimeWeaver setup: ignoring JPA class transformer
2025-03-21 14:23:57 - HHH10001005: Database info:
	Database JDBC URL [Connecting through datasource 'HikariDataSource (HikariPool-1)']
	Database driver: undefined/unknown
	Database version: 8.0.40
	Autocommit mode: undefined/unknown
	Isolation level: undefined/unknown
	Minimum pool size: undefined/unknown
	Maximum pool size: undefined/unknown
2025-03-21 14:23:57 - HHH000489: No JTA platform available (set 'hibernate.transaction.jta.platform' to enable JTA platform integration)
2025-03-21 14:23:57 - Initialized JPA EntityManagerFactory for persistence unit 'default'
2025-03-21 14:23:58 - Starting ProtocolHandler ["http-nio-8080"]
2025-03-21 14:23:58 - Tomcat started on port 8080 (http) with context path '/'
2025-03-21 14:23:58 - Started AppStart in 5.446 seconds (process running for 6.34)
2025-03-21 14:32:24 - Starting AppStart using Java 17.0.12 with PID 15052 (C:\Users\tj-bu-702-11\IdeaProjects\workplatform\build\classes\java\main started by tj-bu-702-11 in C:\Users\tj-bu-702-11\IdeaProjects\workplatform)
2025-03-21 14:32:24 - No active profile set, falling back to 1 default profile: "default"
2025-03-21 14:32:25 - Bootstrapping Spring Data JPA repositories in DEFAULT mode.
2025-03-21 14:32:25 - Finished Spring Data repository scanning in 16 ms. Found 0 JPA repository interfaces.
2025-03-21 14:32:26 - Tomcat initialized with port 8080 (http)
2025-03-21 14:32:26 - Initializing ProtocolHandler ["http-nio-8080"]
2025-03-21 14:32:26 - Starting service [Tomcat]
2025-03-21 14:32:26 - Starting Servlet engine: [Apache Tomcat/10.1.34]
2025-03-21 14:32:26 - Initializing Spring embedded WebApplicationContext
2025-03-21 14:32:26 - Root WebApplicationContext: initialization completed in 1384 ms
2025-03-21 14:32:26 - HikariPool-1 - Starting...
2025-03-21 14:32:26 - HikariPool-1 - Added connection com.mysql.cj.jdbc.ConnectionImpl@691567ea
2025-03-21 14:32:26 - HikariPool-1 - Start completed.
2025-03-21 14:32:27 - HHH000204: Processing PersistenceUnitInfo [name: default]
2025-03-21 14:32:27 - HHH000412: Hibernate ORM core version 6.6.5.Final
2025-03-21 14:32:27 - HHH000026: Second-level cache disabled
2025-03-21 14:32:27 - No LoadTimeWeaver setup: ignoring JPA class transformer
2025-03-21 14:32:27 - HHH10001005: Database info:
	Database JDBC URL [Connecting through datasource 'HikariDataSource (HikariPool-1)']
	Database driver: undefined/unknown
	Database version: 8.0.40
	Autocommit mode: undefined/unknown
	Isolation level: undefined/unknown
	Minimum pool size: undefined/unknown
	Maximum pool size: undefined/unknown
2025-03-21 14:32:28 - HHH000489: No JTA platform available (set 'hibernate.transaction.jta.platform' to enable JTA platform integration)
2025-03-21 14:32:28 - Initialized JPA EntityManagerFactory for persistence unit 'default'
2025-03-21 14:32:28 - Starting ProtocolHandler ["http-nio-8080"]
2025-03-21 14:32:28 - Tomcat started on port 8080 (http) with context path '/'
2025-03-21 14:32:28 - Started AppStart in 4.364 seconds (process running for 4.897)
2025-03-21 14:32:37 - Initializing Spring DispatcherServlet 'dispatcherServlet'
2025-03-21 14:32:37 - Initializing Servlet 'dispatcherServlet'
2025-03-21 14:32:37 - Completed initialization in 2 ms
2025-03-21 14:32:43 -  log info 
2025-03-21 14:32:43 -  log info 
2025-03-21 17:58:38 - Starting AppStart using Java 17.0.12 with PID 18228 (C:\Users\tj-bu-702-11\IdeaProjects\workplatform\build\classes\java\main started by tj-bu-702-11 in C:\Users\tj-bu-702-11\IdeaProjects\workplatform)
2025-03-21 17:58:38 - No active profile set, falling back to 1 default profile: "default"
2025-03-21 17:58:39 - Bootstrapping Spring Data JPA repositories in DEFAULT mode.
2025-03-21 17:58:39 - Finished Spring Data repository scanning in 16 ms. Found 0 JPA repository interfaces.
2025-03-21 17:58:39 - Tomcat initialized with port 8080 (http)
2025-03-21 17:58:40 - Initializing ProtocolHandler ["http-nio-8080"]
2025-03-21 17:58:40 - Starting service [Tomcat]
2025-03-21 17:58:40 - Starting Servlet engine: [Apache Tomcat/10.1.34]
2025-03-21 17:58:40 - Initializing Spring embedded WebApplicationContext
2025-03-21 17:58:40 - Root WebApplicationContext: initialization completed in 1417 ms
2025-03-21 17:58:40 - HikariPool-1 - Starting...
2025-03-21 17:58:40 - HikariPool-1 - Added connection com.mysql.cj.jdbc.ConnectionImpl@6a567f7b
2025-03-21 17:58:40 - HikariPool-1 - Start completed.
2025-03-21 17:58:41 - HHH000204: Processing PersistenceUnitInfo [name: default]
2025-03-21 17:58:41 - HHH000412: Hibernate ORM core version 6.6.5.Final
2025-03-21 17:58:41 - HHH000026: Second-level cache disabled
2025-03-21 17:58:41 - No LoadTimeWeaver setup: ignoring JPA class transformer
2025-03-21 17:58:41 - HHH10001005: Database info:
	Database JDBC URL [Connecting through datasource 'HikariDataSource (HikariPool-1)']
	Database driver: undefined/unknown
	Database version: 8.0.40
	Autocommit mode: undefined/unknown
	Isolation level: undefined/unknown
	Minimum pool size: undefined/unknown
	Maximum pool size: undefined/unknown
2025-03-21 17:58:42 - HHH000489: No JTA platform available (set 'hibernate.transaction.jta.platform' to enable JTA platform integration)
2025-03-21 17:58:42 - Initialized JPA EntityManagerFactory for persistence unit 'default'
2025-03-21 17:58:42 - Starting ProtocolHandler ["http-nio-8080"]
2025-03-21 17:58:42 - Tomcat started on port 8080 (http) with context path '/'
2025-03-21 17:58:42 - Started AppStart in 4.525 seconds (process running for 5.077)
2025-03-21 17:59:34 - Initializing Spring DispatcherServlet 'dispatcherServlet'
2025-03-21 17:59:34 - Initializing Servlet 'dispatcherServlet'
2025-03-21 17:59:34 - Completed initialization in 2 ms
2025-03-21 18:01:02 - Starting AppStart using Java 17.0.12 with PID 15436 (C:\Users\tj-bu-702-11\IdeaProjects\workplatform\build\classes\java\main started by tj-bu-702-11 in C:\Users\tj-bu-702-11\IdeaProjects\workplatform)
2025-03-21 18:01:02 - No active profile set, falling back to 1 default profile: "default"
2025-03-21 18:01:03 - Bootstrapping Spring Data JPA repositories in DEFAULT mode.
2025-03-21 18:01:03 - Finished Spring Data repository scanning in 17 ms. Found 0 JPA repository interfaces.
2025-03-21 18:01:04 - Tomcat initialized with port 8080 (http)
2025-03-21 18:01:04 - Initializing ProtocolHandler ["http-nio-8080"]
2025-03-21 18:01:04 - Starting service [Tomcat]
2025-03-21 18:01:04 - Starting Servlet engine: [Apache Tomcat/10.1.34]
2025-03-21 18:01:04 - Initializing Spring embedded WebApplicationContext
2025-03-21 18:01:04 - Root WebApplicationContext: initialization completed in 1418 ms
2025-03-21 18:01:04 - HikariPool-1 - Starting...
2025-03-21 18:01:04 - HikariPool-1 - Added connection com.mysql.cj.jdbc.ConnectionImpl@691567ea
2025-03-21 18:01:04 - HikariPool-1 - Start completed.
2025-03-21 18:01:05 - HHH000204: Processing PersistenceUnitInfo [name: default]
2025-03-21 18:01:05 - HHH000412: Hibernate ORM core version 6.6.5.Final
2025-03-21 18:01:05 - HHH000026: Second-level cache disabled
2025-03-21 18:01:05 - No LoadTimeWeaver setup: ignoring JPA class transformer
2025-03-21 18:01:05 - HHH10001005: Database info:
	Database JDBC URL [Connecting through datasource 'HikariDataSource (HikariPool-1)']
	Database driver: undefined/unknown
	Database version: 8.0.40
	Autocommit mode: undefined/unknown
	Isolation level: undefined/unknown
	Minimum pool size: undefined/unknown
	Maximum pool size: undefined/unknown
2025-03-21 18:01:06 - HHH000489: No JTA platform available (set 'hibernate.transaction.jta.platform' to enable JTA platform integration)
2025-03-21 18:01:06 - Initialized JPA EntityManagerFactory for persistence unit 'default'
2025-03-21 18:01:06 - Starting ProtocolHandler ["http-nio-8080"]
2025-03-21 18:01:06 - Tomcat started on port 8080 (http) with context path '/'
2025-03-21 18:01:06 - Started AppStart in 4.499 seconds (process running for 5.048)
2025-03-21 18:01:14 - Initializing Spring DispatcherServlet 'dispatcherServlet'
2025-03-21 18:01:14 - Initializing Servlet 'dispatcherServlet'
2025-03-21 18:01:14 - Completed initialization in 2 ms
2025-03-21 22:24:31 - Starting AppStart using Java 17.0.12 with PID 28336 (C:\Users\ppo37\IdeaProjects\workplatform\build\classes\java\main started by ppo37 in C:\Users\ppo37\IdeaProjects\workplatform)
2025-03-21 22:24:31 - No active profile set, falling back to 1 default profile: "default"
2025-03-21 22:24:32 - Bootstrapping Spring Data JPA repositories in DEFAULT mode.
2025-03-21 22:24:32 - Finished Spring Data repository scanning in 15 ms. Found 0 JPA repository interfaces.
2025-03-21 22:24:32 - Tomcat initialized with port 8080 (http)
2025-03-21 22:24:32 - Initializing ProtocolHandler ["http-nio-8080"]
2025-03-21 22:24:32 - Starting service [Tomcat]
2025-03-21 22:24:32 - Starting Servlet engine: [Apache Tomcat/10.1.34]
2025-03-21 22:24:32 - Initializing Spring embedded WebApplicationContext
2025-03-21 22:24:32 - Root WebApplicationContext: initialization completed in 1175 ms
2025-03-21 22:24:32 - HikariPool-1 - Starting...
2025-03-21 22:24:33 - HikariPool-1 - Added connection com.mysql.cj.jdbc.ConnectionImpl@4ce25e47
2025-03-21 22:24:33 - HikariPool-1 - Start completed.
2025-03-21 22:24:33 - HHH000204: Processing PersistenceUnitInfo [name: default]
2025-03-21 22:24:33 - HHH000412: Hibernate ORM core version 6.6.5.Final
2025-03-21 22:24:33 - HHH000026: Second-level cache disabled
2025-03-21 22:24:34 - No LoadTimeWeaver setup: ignoring JPA class transformer
2025-03-21 22:24:34 - HHH10001005: Database info:
	Database JDBC URL [Connecting through datasource 'HikariDataSource (HikariPool-1)']
	Database driver: undefined/unknown
	Database version: 8.0.40
	Autocommit mode: undefined/unknown
	Isolation level: undefined/unknown
	Minimum pool size: undefined/unknown
	Maximum pool size: undefined/unknown
2025-03-21 22:24:34 - HHH000489: No JTA platform available (set 'hibernate.transaction.jta.platform' to enable JTA platform integration)
2025-03-21 22:24:34 - Initialized JPA EntityManagerFactory for persistence unit 'default'
2025-03-21 22:24:35 - Starting ProtocolHandler ["http-nio-8080"]
2025-03-21 22:24:35 - Tomcat started on port 8080 (http) with context path '/'
2025-03-21 22:24:35 - Started AppStart in 3.745 seconds (process running for 4.344)
2025-03-21 22:26:00 - Initializing Spring DispatcherServlet 'dispatcherServlet'
2025-03-21 22:26:00 - Initializing Servlet 'dispatcherServlet'
2025-03-21 22:26:00 - Completed initialization in 0 ms
2025-03-21 22:26:00 -  log info 
2025-03-21 22:26:00 -  log info 
2025-03-21 22:33:04 - Starting AppStart using Java 17.0.12 with PID 25056 (C:\Users\ppo37\IdeaProjects\workplatform\build\classes\java\main started by ppo37 in C:\Users\ppo37\IdeaProjects\workplatform)
2025-03-21 22:33:04 - No active profile set, falling back to 1 default profile: "default"
2025-03-21 22:33:04 - Bootstrapping Spring Data JPA repositories in DEFAULT mode.
2025-03-21 22:33:04 - Finished Spring Data repository scanning in 15 ms. Found 0 JPA repository interfaces.
2025-03-21 22:33:05 - Tomcat initialized with port 8080 (http)
2025-03-21 22:33:05 - Initializing ProtocolHandler ["http-nio-8080"]
2025-03-21 22:33:05 - Starting service [Tomcat]
2025-03-21 22:33:05 - Starting Servlet engine: [Apache Tomcat/10.1.34]
2025-03-21 22:33:05 - Initializing Spring embedded WebApplicationContext
2025-03-21 22:33:05 - Root WebApplicationContext: initialization completed in 991 ms
2025-03-21 22:33:05 - HikariPool-1 - Starting...
2025-03-21 22:33:05 - HikariPool-1 - Added connection com.mysql.cj.jdbc.ConnectionImpl@67b61834
2025-03-21 22:33:05 - HikariPool-1 - Start completed.
2025-03-21 22:33:05 - HHH000204: Processing PersistenceUnitInfo [name: default]
2025-03-21 22:33:05 - HHH000412: Hibernate ORM core version 6.6.5.Final
2025-03-21 22:33:05 - HHH000026: Second-level cache disabled
2025-03-21 22:33:06 - No LoadTimeWeaver setup: ignoring JPA class transformer
2025-03-21 22:33:06 - HHH10001005: Database info:
	Database JDBC URL [Connecting through datasource 'HikariDataSource (HikariPool-1)']
	Database driver: undefined/unknown
	Database version: 8.0.40
	Autocommit mode: undefined/unknown
	Isolation level: undefined/unknown
	Minimum pool size: undefined/unknown
	Maximum pool size: undefined/unknown
2025-03-21 22:33:06 - HHH000489: No JTA platform available (set 'hibernate.transaction.jta.platform' to enable JTA platform integration)
2025-03-21 22:33:06 - Initialized JPA EntityManagerFactory for persistence unit 'default'
2025-03-21 22:33:07 - Starting ProtocolHandler ["http-nio-8080"]
2025-03-21 22:33:07 - Tomcat started on port 8080 (http) with context path '/'
2025-03-21 22:33:07 - Started AppStart in 3.245 seconds (process running for 3.677)
2025-03-21 22:33:21 - Initializing Spring DispatcherServlet 'dispatcherServlet'
2025-03-21 22:33:21 - Initializing Servlet 'dispatcherServlet'
2025-03-21 22:33:21 - Completed initialization in 1 ms
2025-03-21 22:38:44 - Starting AppStart using Java 17.0.12 with PID 25124 (C:\Users\ppo37\IdeaProjects\workplatform\build\classes\java\main started by ppo37 in C:\Users\ppo37\IdeaProjects\workplatform)
2025-03-21 22:38:44 - No active profile set, falling back to 1 default profile: "default"
2025-03-21 22:38:44 - Bootstrapping Spring Data JPA repositories in DEFAULT mode.
2025-03-21 22:38:44 - Finished Spring Data repository scanning in 14 ms. Found 0 JPA repository interfaces.
2025-03-21 22:38:45 - Tomcat initialized with port 8080 (http)
2025-03-21 22:38:45 - Initializing ProtocolHandler ["http-nio-8080"]
2025-03-21 22:38:45 - Starting service [Tomcat]
2025-03-21 22:38:45 - Starting Servlet engine: [Apache Tomcat/10.1.34]
2025-03-21 22:38:45 - Initializing Spring embedded WebApplicationContext
2025-03-21 22:38:45 - Root WebApplicationContext: initialization completed in 1003 ms
2025-03-21 22:38:45 - HikariPool-1 - Starting...
2025-03-21 22:38:45 - HikariPool-1 - Added connection com.mysql.cj.jdbc.ConnectionImpl@6a567f7b
2025-03-21 22:38:45 - HikariPool-1 - Start completed.
2025-03-21 22:38:46 - HHH000204: Processing PersistenceUnitInfo [name: default]
2025-03-21 22:38:46 - HHH000412: Hibernate ORM core version 6.6.5.Final
2025-03-21 22:38:46 - HHH000026: Second-level cache disabled
2025-03-21 22:38:46 - No LoadTimeWeaver setup: ignoring JPA class transformer
2025-03-21 22:38:46 - HHH10001005: Database info:
	Database JDBC URL [Connecting through datasource 'HikariDataSource (HikariPool-1)']
	Database driver: undefined/unknown
	Database version: 8.0.40
	Autocommit mode: undefined/unknown
	Isolation level: undefined/unknown
	Minimum pool size: undefined/unknown
	Maximum pool size: undefined/unknown
2025-03-21 22:38:46 - HHH000489: No JTA platform available (set 'hibernate.transaction.jta.platform' to enable JTA platform integration)
2025-03-21 22:38:46 - Initialized JPA EntityManagerFactory for persistence unit 'default'
2025-03-21 22:38:47 - Starting ProtocolHandler ["http-nio-8080"]
2025-03-21 22:38:47 - Tomcat started on port 8080 (http) with context path '/'
2025-03-21 22:38:47 - Started AppStart in 3.223 seconds (process running for 3.635)
2025-03-21 22:38:49 - Initializing Spring DispatcherServlet 'dispatcherServlet'
2025-03-21 22:38:49 - Initializing Servlet 'dispatcherServlet'
2025-03-21 22:38:49 - Completed initialization in 1 ms
2025-03-21 22:50:16 - Starting AppStart using Java 17.0.12 with PID 12888 (C:\Users\ppo37\IdeaProjects\workplatform\build\classes\java\main started by ppo37 in C:\Users\ppo37\IdeaProjects\workplatform)
2025-03-21 22:50:16 - No active profile set, falling back to 1 default profile: "default"
2025-03-21 22:50:17 - Bootstrapping Spring Data JPA repositories in DEFAULT mode.
2025-03-21 22:50:17 - Finished Spring Data repository scanning in 14 ms. Found 0 JPA repository interfaces.
2025-03-21 22:50:17 - Tomcat initialized with port 8080 (http)
2025-03-21 22:50:17 - Initializing ProtocolHandler ["http-nio-8080"]
2025-03-21 22:50:17 - Starting service [Tomcat]
2025-03-21 22:50:17 - Starting Servlet engine: [Apache Tomcat/10.1.34]
2025-03-21 22:50:18 - Initializing Spring embedded WebApplicationContext
2025-03-21 22:50:18 - Root WebApplicationContext: initialization completed in 991 ms
2025-03-21 22:50:18 - HikariPool-1 - Starting...
2025-03-21 22:50:18 - HikariPool-1 - Added connection com.mysql.cj.jdbc.ConnectionImpl@3b0d3a63
2025-03-21 22:50:18 - HikariPool-1 - Start completed.
2025-03-21 22:50:18 - HHH000204: Processing PersistenceUnitInfo [name: default]
2025-03-21 22:50:18 - HHH000412: Hibernate ORM core version 6.6.5.Final
2025-03-21 22:50:18 - HHH000026: Second-level cache disabled
2025-03-21 22:50:19 - No LoadTimeWeaver setup: ignoring JPA class transformer
2025-03-21 22:50:19 - HHH10001005: Database info:
	Database JDBC URL [Connecting through datasource 'HikariDataSource (HikariPool-1)']
	Database driver: undefined/unknown
	Database version: 8.0.40
	Autocommit mode: undefined/unknown
	Isolation level: undefined/unknown
	Minimum pool size: undefined/unknown
	Maximum pool size: undefined/unknown
2025-03-21 22:50:19 - HHH000489: No JTA platform available (set 'hibernate.transaction.jta.platform' to enable JTA platform integration)
2025-03-21 22:50:19 - Initialized JPA EntityManagerFactory for persistence unit 'default'
2025-03-21 22:50:19 - Starting ProtocolHandler ["http-nio-8080"]
2025-03-21 22:50:19 - Tomcat started on port 8080 (http) with context path '/'
2025-03-21 22:50:19 - Started AppStart in 3.088 seconds (process running for 3.505)
2025-03-21 22:53:14 - Starting AppStart using Java 17.0.12 with PID 29664 (C:\Users\ppo37\IdeaProjects\workplatform\build\classes\java\main started by ppo37 in C:\Users\ppo37\IdeaProjects\workplatform)
2025-03-21 22:53:14 - No active profile set, falling back to 1 default profile: "default"
2025-03-21 22:53:15 - Bootstrapping Spring Data JPA repositories in DEFAULT mode.
2025-03-21 22:53:15 - Finished Spring Data repository scanning in 14 ms. Found 0 JPA repository interfaces.
2025-03-21 22:53:15 - Tomcat initialized with port 8080 (http)
2025-03-21 22:53:15 - Initializing ProtocolHandler ["http-nio-8080"]
2025-03-21 22:53:15 - Starting service [Tomcat]
2025-03-21 22:53:15 - Starting Servlet engine: [Apache Tomcat/10.1.34]
2025-03-21 22:53:15 - Initializing Spring embedded WebApplicationContext
2025-03-21 22:53:15 - Root WebApplicationContext: initialization completed in 992 ms
2025-03-21 22:53:15 - HikariPool-1 - Starting...
2025-03-21 22:53:16 - HikariPool-1 - Added connection com.mysql.cj.jdbc.ConnectionImpl@691567ea
2025-03-21 22:53:16 - HikariPool-1 - Start completed.
2025-03-21 22:53:16 - HHH000204: Processing PersistenceUnitInfo [name: default]
2025-03-21 22:53:16 - HHH000412: Hibernate ORM core version 6.6.5.Final
2025-03-21 22:53:16 - HHH000026: Second-level cache disabled
2025-03-21 22:53:16 - No LoadTimeWeaver setup: ignoring JPA class transformer
2025-03-21 22:53:17 - HHH10001005: Database info:
	Database JDBC URL [Connecting through datasource 'HikariDataSource (HikariPool-1)']
	Database driver: undefined/unknown
	Database version: 8.0.40
	Autocommit mode: undefined/unknown
	Isolation level: undefined/unknown
	Minimum pool size: undefined/unknown
	Maximum pool size: undefined/unknown
2025-03-21 22:53:17 - HHH000489: No JTA platform available (set 'hibernate.transaction.jta.platform' to enable JTA platform integration)
2025-03-21 22:53:17 - Initialized JPA EntityManagerFactory for persistence unit 'default'
2025-03-21 22:53:17 - Starting ProtocolHandler ["http-nio-8080"]
2025-03-21 22:53:17 - Tomcat started on port 8080 (http) with context path '/'
2025-03-21 22:53:17 - Started AppStart in 3.126 seconds (process running for 3.538)
2025-03-21 22:53:54 - Starting AppStart using Java 17.0.12 with PID 26232 (C:\Users\ppo37\IdeaProjects\workplatform\build\classes\java\main started by ppo37 in C:\Users\ppo37\IdeaProjects\workplatform)
2025-03-21 22:53:54 - No active profile set, falling back to 1 default profile: "default"
2025-03-21 22:53:54 - Bootstrapping Spring Data JPA repositories in DEFAULT mode.
2025-03-21 22:53:54 - Finished Spring Data repository scanning in 15 ms. Found 0 JPA repository interfaces.
2025-03-21 22:53:55 - Tomcat initialized with port 8080 (http)
2025-03-21 22:53:55 - Initializing ProtocolHandler ["http-nio-8080"]
2025-03-21 22:53:55 - Starting service [Tomcat]
2025-03-21 22:53:55 - Starting Servlet engine: [Apache Tomcat/10.1.34]
2025-03-21 22:53:55 - Initializing Spring embedded WebApplicationContext
2025-03-21 22:53:55 - Root WebApplicationContext: initialization completed in 975 ms
2025-03-21 22:53:55 - HikariPool-1 - Starting...
2025-03-21 22:53:55 - HikariPool-1 - Added connection com.mysql.cj.jdbc.ConnectionImpl@5cfed0ba
2025-03-21 22:53:55 - HikariPool-1 - Start completed.
2025-03-21 22:53:56 - HHH000204: Processing PersistenceUnitInfo [name: default]
2025-03-21 22:53:56 - HHH000412: Hibernate ORM core version 6.6.5.Final
2025-03-21 22:53:56 - HHH000026: Second-level cache disabled
2025-03-21 22:53:56 - No LoadTimeWeaver setup: ignoring JPA class transformer
2025-03-21 22:53:56 - HHH10001005: Database info:
	Database JDBC URL [Connecting through datasource 'HikariDataSource (HikariPool-1)']
	Database driver: undefined/unknown
	Database version: 8.0.40
	Autocommit mode: undefined/unknown
	Isolation level: undefined/unknown
	Minimum pool size: undefined/unknown
	Maximum pool size: undefined/unknown
2025-03-21 22:53:56 - HHH000489: No JTA platform available (set 'hibernate.transaction.jta.platform' to enable JTA platform integration)
2025-03-21 22:53:56 - Initialized JPA EntityManagerFactory for persistence unit 'default'
2025-03-21 22:53:57 - Starting ProtocolHandler ["http-nio-8080"]
2025-03-21 22:53:57 - Tomcat started on port 8080 (http) with context path '/'
2025-03-21 22:53:57 - Started AppStart in 3.081 seconds (process running for 3.501)
2025-03-21 22:55:15 - Initializing Spring DispatcherServlet 'dispatcherServlet'
2025-03-21 22:55:15 - Initializing Servlet 'dispatcherServlet'
2025-03-21 22:55:15 - Completed initialization in 1 ms
2025-03-21 22:55:15 -  log info 
2025-03-21 22:55:15 -  log info 
2025-03-21 23:37:31 - Starting AppStart using Java 17.0.12 with PID 23188 (C:\Users\ppo37\IdeaProjects\workplatform\build\classes\java\main started by ppo37 in C:\Users\ppo37\IdeaProjects\workplatform)
2025-03-21 23:37:31 - No active profile set, falling back to 1 default profile: "default"
2025-03-21 23:37:32 - Bootstrapping Spring Data JPA repositories in DEFAULT mode.
2025-03-21 23:37:32 - Finished Spring Data repository scanning in 15 ms. Found 0 JPA repository interfaces.
2025-03-21 23:37:32 - Tomcat initialized with port 8080 (http)
2025-03-21 23:37:32 - Initializing ProtocolHandler ["http-nio-8080"]
2025-03-21 23:37:32 - Starting service [Tomcat]
2025-03-21 23:37:32 - Starting Servlet engine: [Apache Tomcat/10.1.34]
2025-03-21 23:37:32 - Initializing Spring embedded WebApplicationContext
2025-03-21 23:37:32 - Root WebApplicationContext: initialization completed in 1004 ms
2025-03-21 23:37:32 - HikariPool-1 - Starting...
2025-03-21 23:37:32 - HikariPool-1 - Added connection com.mysql.cj.jdbc.ConnectionImpl@367d34c0
2025-03-21 23:37:32 - HikariPool-1 - Start completed.
2025-03-21 23:37:33 - HHH000204: Processing PersistenceUnitInfo [name: default]
2025-03-21 23:37:33 - HHH000412: Hibernate ORM core version 6.6.5.Final
2025-03-21 23:37:33 - HHH000026: Second-level cache disabled
2025-03-21 23:37:33 - No LoadTimeWeaver setup: ignoring JPA class transformer
2025-03-21 23:37:33 - HHH10001005: Database info:
	Database JDBC URL [Connecting through datasource 'HikariDataSource (HikariPool-1)']
	Database driver: undefined/unknown
	Database version: 8.0.40
	Autocommit mode: undefined/unknown
	Isolation level: undefined/unknown
	Minimum pool size: undefined/unknown
	Maximum pool size: undefined/unknown
2025-03-21 23:37:34 - HHH000489: No JTA platform available (set 'hibernate.transaction.jta.platform' to enable JTA platform integration)
2025-03-21 23:37:34 - Initialized JPA EntityManagerFactory for persistence unit 'default'
2025-03-21 23:37:34 - Starting ProtocolHandler ["http-nio-8080"]
2025-03-21 23:37:34 - Tomcat started on port 8080 (http) with context path '/'
2025-03-21 23:37:34 - Started AppStart in 3.258 seconds (process running for 3.671)
2025-03-21 23:37:57 - Initializing Spring DispatcherServlet 'dispatcherServlet'
2025-03-21 23:37:57 - Initializing Servlet 'dispatcherServlet'
2025-03-21 23:37:57 - Completed initialization in 1 ms
