2025-03-22 08:16:57 - Starting AppStart using Java 17.0.12 with PID 29172 (C:\Users\ppo37\IdeaProjects\workplatform\build\classes\java\main started by ppo37 in C:\Users\ppo37\IdeaProjects\workplatform)
2025-03-22 08:16:57 - No active profile set, falling back to 1 default profile: "default"
2025-03-22 08:16:58 - Bootstrapping Spring Data JPA repositories in DEFAULT mode.
2025-03-22 08:16:58 - Finished Spring Data repository scanning in 14 ms. Found 0 JPA repository interfaces.
2025-03-22 08:16:58 - Tomcat initialized with port 8080 (http)
2025-03-22 08:16:58 - Initializing ProtocolHandler ["http-nio-8080"]
2025-03-22 08:16:58 - Starting service [Tomcat]
2025-03-22 08:16:58 - Starting Servlet engine: [Apache Tomcat/10.1.34]
2025-03-22 08:16:58 - Initializing Spring embedded WebApplicationContext
2025-03-22 08:16:58 - Root WebApplicationContext: initialization completed in 1053 ms
2025-03-22 08:16:58 - HikariPool-1 - Starting...
2025-03-22 08:16:58 - HikariPool-1 - Added connection com.mysql.cj.jdbc.ConnectionImpl@34c7232c
2025-03-22 08:16:58 - HikariPool-1 - Start completed.
2025-03-22 08:16:59 - HHH000204: Processing PersistenceUnitInfo [name: default]
2025-03-22 08:16:59 - HHH000412: Hibernate ORM core version 6.6.5.Final
2025-03-22 08:16:59 - HHH000026: Second-level cache disabled
2025-03-22 08:16:59 - No LoadTimeWeaver setup: ignoring JPA class transformer
2025-03-22 08:16:59 - HHH10001005: Database info:
	Database JDBC URL [Connecting through datasource 'HikariDataSource (HikariPool-1)']
	Database driver: undefined/unknown
	Database version: 8.0.40
	Autocommit mode: undefined/unknown
	Isolation level: undefined/unknown
	Minimum pool size: undefined/unknown
	Maximum pool size: undefined/unknown
2025-03-22 08:17:00 - HHH000489: No JTA platform available (set 'hibernate.transaction.jta.platform' to enable JTA platform integration)
2025-03-22 08:17:00 - Initialized JPA EntityManagerFactory for persistence unit 'default'
2025-03-22 08:17:00 - Starting ProtocolHandler ["http-nio-8080"]
2025-03-22 08:17:00 - Tomcat started on port 8080 (http) with context path '/'
2025-03-22 08:17:00 - Started AppStart in 3.414 seconds (process running for 3.827)
2025-03-22 08:17:04 - Initializing Spring DispatcherServlet 'dispatcherServlet'
2025-03-22 08:17:04 - Initializing Servlet 'dispatcherServlet'
2025-03-22 08:17:04 - Completed initialization in 0 ms
2025-03-22 08:17:37 - Starting AppStart using Java 17.0.12 with PID 29392 (C:\Users\ppo37\IdeaProjects\workplatform\build\classes\java\main started by ppo37 in C:\Users\ppo37\IdeaProjects\workplatform)
2025-03-22 08:17:37 - No active profile set, falling back to 1 default profile: "default"
2025-03-22 08:17:38 - Bootstrapping Spring Data JPA repositories in DEFAULT mode.
2025-03-22 08:17:38 - Finished Spring Data repository scanning in 16 ms. Found 0 JPA repository interfaces.
2025-03-22 08:17:38 - Tomcat initialized with port 8080 (http)
2025-03-22 08:17:38 - Initializing ProtocolHandler ["http-nio-8080"]
2025-03-22 08:17:38 - Starting service [Tomcat]
2025-03-22 08:17:38 - Starting Servlet engine: [Apache Tomcat/10.1.34]
2025-03-22 08:17:38 - Initializing Spring embedded WebApplicationContext
2025-03-22 08:17:38 - Root WebApplicationContext: initialization completed in 1048 ms
2025-03-22 08:17:38 - HikariPool-1 - Starting...
2025-03-22 08:17:39 - HikariPool-1 - Added connection com.mysql.cj.jdbc.ConnectionImpl@6de7778f
2025-03-22 08:17:39 - HikariPool-1 - Start completed.
2025-03-22 08:17:39 - HHH000204: Processing PersistenceUnitInfo [name: default]
2025-03-22 08:17:39 - HHH000412: Hibernate ORM core version 6.6.5.Final
2025-03-22 08:17:39 - HHH000026: Second-level cache disabled
2025-03-22 08:17:40 - No LoadTimeWeaver setup: ignoring JPA class transformer
2025-03-22 08:17:40 - HHH10001005: Database info:
	Database JDBC URL [Connecting through datasource 'HikariDataSource (HikariPool-1)']
	Database driver: undefined/unknown
	Database version: 8.0.40
	Autocommit mode: undefined/unknown
	Isolation level: undefined/unknown
	Minimum pool size: undefined/unknown
	Maximum pool size: undefined/unknown
2025-03-22 08:17:40 - HHH000489: No JTA platform available (set 'hibernate.transaction.jta.platform' to enable JTA platform integration)
2025-03-22 08:17:40 - Initialized JPA EntityManagerFactory for persistence unit 'default'
2025-03-22 08:17:40 - Starting ProtocolHandler ["http-nio-8080"]
2025-03-22 08:17:40 - Tomcat started on port 8080 (http) with context path '/'
2025-03-22 08:17:40 - Started AppStart in 3.257 seconds (process running for 3.668)
2025-03-22 08:17:43 - Initializing Spring DispatcherServlet 'dispatcherServlet'
2025-03-22 08:17:43 - Initializing Servlet 'dispatcherServlet'
2025-03-22 08:17:43 - Completed initialization in 2 ms
2025-03-22 08:45:20 - Starting AppStart using Java 17.0.12 with PID 31428 (C:\Users\ppo37\IdeaProjects\workplatform\build\classes\java\main started by ppo37 in C:\Users\ppo37\IdeaProjects\workplatform)
2025-03-22 08:45:20 - No active profile set, falling back to 1 default profile: "default"
2025-03-22 08:45:21 - Bootstrapping Spring Data JPA repositories in DEFAULT mode.
2025-03-22 08:45:21 - Finished Spring Data repository scanning in 29 ms. Found 0 JPA repository interfaces.
2025-03-22 08:45:21 - Tomcat initialized with port 8080 (http)
2025-03-22 08:45:21 - Initializing ProtocolHandler ["http-nio-8080"]
2025-03-22 08:45:21 - Starting service [Tomcat]
2025-03-22 08:45:21 - Starting Servlet engine: [Apache Tomcat/10.1.34]
2025-03-22 08:45:21 - Initializing Spring embedded WebApplicationContext
2025-03-22 08:45:21 - Root WebApplicationContext: initialization completed in 1222 ms
2025-03-22 08:45:21 - HikariPool-1 - Starting...
2025-03-22 08:45:22 - HikariPool-1 - Added connection com.mysql.cj.jdbc.ConnectionImpl@367d34c0
2025-03-22 08:45:22 - HikariPool-1 - Start completed.
2025-03-22 08:45:22 - HHH000204: Processing PersistenceUnitInfo [name: default]
2025-03-22 08:45:22 - HHH000412: Hibernate ORM core version 6.6.5.Final
2025-03-22 08:45:22 - HHH000026: Second-level cache disabled
2025-03-22 08:45:22 - No LoadTimeWeaver setup: ignoring JPA class transformer
2025-03-22 08:45:23 - HHH10001005: Database info:
	Database JDBC URL [Connecting through datasource 'HikariDataSource (HikariPool-1)']
	Database driver: undefined/unknown
	Database version: 8.0.40
	Autocommit mode: undefined/unknown
	Isolation level: undefined/unknown
	Minimum pool size: undefined/unknown
	Maximum pool size: undefined/unknown
2025-03-22 08:45:23 - HHH000489: No JTA platform available (set 'hibernate.transaction.jta.platform' to enable JTA platform integration)
2025-03-22 08:45:23 - Initialized JPA EntityManagerFactory for persistence unit 'default'
2025-03-22 08:45:23 - Starting ProtocolHandler ["http-nio-8080"]
2025-03-22 08:45:23 - Tomcat started on port 8080 (http) with context path '/'
2025-03-22 08:45:23 - Started AppStart in 3.441 seconds (process running for 3.859)
2025-03-22 08:45:23 - Initializing Spring DispatcherServlet 'dispatcherServlet'
2025-03-22 08:45:23 - Initializing Servlet 'dispatcherServlet'
2025-03-22 08:45:23 - Completed initialization in 1 ms
2025-03-22 08:49:35 - Starting AppStart using Java 17.0.12 with PID 6104 (C:\Users\ppo37\IdeaProjects\workplatform\build\classes\java\main started by ppo37 in C:\Users\ppo37\IdeaProjects\workplatform)
2025-03-22 08:49:35 - No active profile set, falling back to 1 default profile: "default"
2025-03-22 08:49:35 - Bootstrapping Spring Data JPA repositories in DEFAULT mode.
2025-03-22 08:49:35 - Finished Spring Data repository scanning in 15 ms. Found 0 JPA repository interfaces.
2025-03-22 08:49:36 - Tomcat initialized with port 8080 (http)
2025-03-22 08:49:36 - Initializing ProtocolHandler ["http-nio-8080"]
2025-03-22 08:49:36 - Starting service [Tomcat]
2025-03-22 08:49:36 - Starting Servlet engine: [Apache Tomcat/10.1.34]
2025-03-22 08:49:36 - Initializing Spring embedded WebApplicationContext
2025-03-22 08:49:36 - Root WebApplicationContext: initialization completed in 1001 ms
2025-03-22 08:49:36 - HikariPool-1 - Starting...
2025-03-22 08:49:36 - HikariPool-1 - Added connection com.mysql.cj.jdbc.ConnectionImpl@6380e9e9
2025-03-22 08:49:36 - HikariPool-1 - Start completed.
2025-03-22 08:49:37 - HHH000204: Processing PersistenceUnitInfo [name: default]
2025-03-22 08:49:37 - HHH000412: Hibernate ORM core version 6.6.5.Final
2025-03-22 08:49:37 - HHH000026: Second-level cache disabled
2025-03-22 08:49:37 - No LoadTimeWeaver setup: ignoring JPA class transformer
2025-03-22 08:49:37 - HHH10001005: Database info:
	Database JDBC URL [Connecting through datasource 'HikariDataSource (HikariPool-1)']
	Database driver: undefined/unknown
	Database version: 8.0.40
	Autocommit mode: undefined/unknown
	Isolation level: undefined/unknown
	Minimum pool size: undefined/unknown
	Maximum pool size: undefined/unknown
2025-03-22 08:49:37 - HHH000489: No JTA platform available (set 'hibernate.transaction.jta.platform' to enable JTA platform integration)
2025-03-22 08:49:37 - Initialized JPA EntityManagerFactory for persistence unit 'default'
2025-03-22 08:49:38 - Starting ProtocolHandler ["http-nio-8080"]
2025-03-22 08:49:38 - Tomcat started on port 8080 (http) with context path '/'
2025-03-22 08:49:38 - Started AppStart in 3.311 seconds (process running for 3.72)
2025-03-22 08:49:43 - Initializing Spring DispatcherServlet 'dispatcherServlet'
2025-03-22 08:49:43 - Initializing Servlet 'dispatcherServlet'
2025-03-22 08:49:43 - Completed initialization in 0 ms
2025-03-22 08:54:43 - Starting AppStart using Java 17.0.12 with PID 30712 (C:\Users\ppo37\IdeaProjects\workplatform\build\classes\java\main started by ppo37 in C:\Users\ppo37\IdeaProjects\workplatform)
2025-03-22 08:54:43 - No active profile set, falling back to 1 default profile: "default"
2025-03-22 08:54:44 - Bootstrapping Spring Data JPA repositories in DEFAULT mode.
2025-03-22 08:54:44 - Finished Spring Data repository scanning in 15 ms. Found 0 JPA repository interfaces.
2025-03-22 08:54:44 - Tomcat initialized with port 8080 (http)
2025-03-22 08:54:44 - Initializing ProtocolHandler ["http-nio-8080"]
2025-03-22 08:54:44 - Starting service [Tomcat]
2025-03-22 08:54:44 - Starting Servlet engine: [Apache Tomcat/10.1.34]
2025-03-22 08:54:44 - Initializing Spring embedded WebApplicationContext
2025-03-22 08:54:44 - Root WebApplicationContext: initialization completed in 964 ms
2025-03-22 08:54:44 - HikariPool-1 - Starting...
2025-03-22 08:54:44 - HikariPool-1 - Added connection com.mysql.cj.jdbc.ConnectionImpl@de77146
2025-03-22 08:54:45 - HikariPool-1 - Start completed.
2025-03-22 08:54:45 - HHH000204: Processing PersistenceUnitInfo [name: default]
2025-03-22 08:54:45 - HHH000412: Hibernate ORM core version 6.6.5.Final
2025-03-22 08:54:45 - HHH000026: Second-level cache disabled
2025-03-22 08:54:45 - No LoadTimeWeaver setup: ignoring JPA class transformer
2025-03-22 08:54:45 - HHH10001005: Database info:
	Database JDBC URL [Connecting through datasource 'HikariDataSource (HikariPool-1)']
	Database driver: undefined/unknown
	Database version: 8.0.40
	Autocommit mode: undefined/unknown
	Isolation level: undefined/unknown
	Minimum pool size: undefined/unknown
	Maximum pool size: undefined/unknown
2025-03-22 08:54:46 - HHH000489: No JTA platform available (set 'hibernate.transaction.jta.platform' to enable JTA platform integration)
2025-03-22 08:54:46 - Initialized JPA EntityManagerFactory for persistence unit 'default'
2025-03-22 08:54:46 - Starting ProtocolHandler ["http-nio-8080"]
2025-03-22 08:54:46 - Tomcat started on port 8080 (http) with context path '/'
2025-03-22 08:54:46 - Started AppStart in 3.091 seconds (process running for 3.509)
2025-03-22 08:54:48 - Initializing Spring DispatcherServlet 'dispatcherServlet'
2025-03-22 08:54:48 - Initializing Servlet 'dispatcherServlet'
2025-03-22 08:54:48 - Completed initialization in 1 ms
2025-03-22 09:06:04 - Starting AppStart using Java 17.0.12 with PID 25160 (C:\Users\ppo37\IdeaProjects\workplatform\build\classes\java\main started by ppo37 in C:\Users\ppo37\IdeaProjects\workplatform)
2025-03-22 09:06:04 - No active profile set, falling back to 1 default profile: "default"
2025-03-22 09:06:04 - Bootstrapping Spring Data JPA repositories in DEFAULT mode.
2025-03-22 09:06:04 - Finished Spring Data repository scanning in 19 ms. Found 0 JPA repository interfaces.
2025-03-22 09:06:05 - Tomcat initialized with port 8080 (http)
2025-03-22 09:06:05 - Initializing ProtocolHandler ["http-nio-8080"]
2025-03-22 09:06:05 - Starting service [Tomcat]
2025-03-22 09:06:05 - Starting Servlet engine: [Apache Tomcat/10.1.34]
2025-03-22 09:06:05 - Initializing Spring embedded WebApplicationContext
2025-03-22 09:06:05 - Root WebApplicationContext: initialization completed in 1067 ms
2025-03-22 09:06:05 - HikariPool-1 - Starting...
2025-03-22 09:06:05 - HikariPool-1 - Added connection com.mysql.cj.jdbc.ConnectionImpl@285a4fe3
2025-03-22 09:06:05 - HikariPool-1 - Start completed.
2025-03-22 09:06:06 - HHH000204: Processing PersistenceUnitInfo [name: default]
2025-03-22 09:06:06 - HHH000412: Hibernate ORM core version 6.6.5.Final
2025-03-22 09:06:06 - HHH000026: Second-level cache disabled
2025-03-22 09:06:06 - No LoadTimeWeaver setup: ignoring JPA class transformer
2025-03-22 09:06:06 - HHH10001005: Database info:
	Database JDBC URL [Connecting through datasource 'HikariDataSource (HikariPool-1)']
	Database driver: undefined/unknown
	Database version: 8.0.40
	Autocommit mode: undefined/unknown
	Isolation level: undefined/unknown
	Minimum pool size: undefined/unknown
	Maximum pool size: undefined/unknown
2025-03-22 09:06:06 - HHH000489: No JTA platform available (set 'hibernate.transaction.jta.platform' to enable JTA platform integration)
2025-03-22 09:06:06 - Initialized JPA EntityManagerFactory for persistence unit 'default'
2025-03-22 09:06:07 - Starting ProtocolHandler ["http-nio-8080"]
2025-03-22 09:06:07 - Tomcat started on port 8080 (http) with context path '/'
2025-03-22 09:06:07 - Started AppStart in 3.333 seconds (process running for 3.757)
2025-03-22 09:06:09 - Initializing Spring DispatcherServlet 'dispatcherServlet'
2025-03-22 09:06:09 - Initializing Servlet 'dispatcherServlet'
2025-03-22 09:06:09 - Completed initialization in 1 ms
2025-03-22 09:10:41 - Starting AppStart using Java 17.0.12 with PID 26824 (C:\Users\ppo37\IdeaProjects\workplatform\build\classes\java\main started by ppo37 in C:\Users\ppo37\IdeaProjects\workplatform)
2025-03-22 09:10:41 - No active profile set, falling back to 1 default profile: "default"
2025-03-22 09:10:41 - Bootstrapping Spring Data JPA repositories in DEFAULT mode.
2025-03-22 09:10:41 - Finished Spring Data repository scanning in 16 ms. Found 0 JPA repository interfaces.
2025-03-22 09:10:42 - Tomcat initialized with port 8080 (http)
2025-03-22 09:10:42 - Initializing ProtocolHandler ["http-nio-8080"]
2025-03-22 09:10:42 - Starting service [Tomcat]
2025-03-22 09:10:42 - Starting Servlet engine: [Apache Tomcat/10.1.34]
2025-03-22 09:10:42 - Initializing Spring embedded WebApplicationContext
2025-03-22 09:10:42 - Root WebApplicationContext: initialization completed in 1142 ms
2025-03-22 09:10:42 - HikariPool-1 - Starting...
2025-03-22 09:10:42 - HikariPool-1 - Added connection com.mysql.cj.jdbc.ConnectionImpl@367d34c0
2025-03-22 09:10:42 - HikariPool-1 - Start completed.
2025-03-22 09:10:43 - HHH000204: Processing PersistenceUnitInfo [name: default]
2025-03-22 09:10:43 - HHH000412: Hibernate ORM core version 6.6.5.Final
2025-03-22 09:10:43 - HHH000026: Second-level cache disabled
2025-03-22 09:10:43 - No LoadTimeWeaver setup: ignoring JPA class transformer
2025-03-22 09:10:43 - HHH10001005: Database info:
	Database JDBC URL [Connecting through datasource 'HikariDataSource (HikariPool-1)']
	Database driver: undefined/unknown
	Database version: 8.0.40
	Autocommit mode: undefined/unknown
	Isolation level: undefined/unknown
	Minimum pool size: undefined/unknown
	Maximum pool size: undefined/unknown
2025-03-22 09:10:44 - HHH000489: No JTA platform available (set 'hibernate.transaction.jta.platform' to enable JTA platform integration)
2025-03-22 09:10:44 - Initialized JPA EntityManagerFactory for persistence unit 'default'
2025-03-22 09:10:44 - Starting ProtocolHandler ["http-nio-8080"]
2025-03-22 09:10:44 - Tomcat started on port 8080 (http) with context path '/'
2025-03-22 09:10:44 - Started AppStart in 3.642 seconds (process running for 4.094)
2025-03-22 09:10:46 - Initializing Spring DispatcherServlet 'dispatcherServlet'
2025-03-22 09:10:46 - Initializing Servlet 'dispatcherServlet'
2025-03-22 09:10:46 - Completed initialization in 0 ms
2025-03-22 09:16:55 - Starting AppStart using Java 17.0.12 with PID 25384 (C:\Users\ppo37\IdeaProjects\workplatform\build\classes\java\main started by ppo37 in C:\Users\ppo37\IdeaProjects\workplatform)
2025-03-22 09:16:55 - No active profile set, falling back to 1 default profile: "default"
2025-03-22 09:16:56 - Bootstrapping Spring Data JPA repositories in DEFAULT mode.
2025-03-22 09:16:56 - Finished Spring Data repository scanning in 14 ms. Found 0 JPA repository interfaces.
2025-03-22 09:16:56 - Tomcat initialized with port 8080 (http)
2025-03-22 09:16:56 - Initializing ProtocolHandler ["http-nio-8080"]
2025-03-22 09:16:56 - Starting service [Tomcat]
2025-03-22 09:16:56 - Starting Servlet engine: [Apache Tomcat/10.1.34]
2025-03-22 09:16:56 - Initializing Spring embedded WebApplicationContext
2025-03-22 09:16:56 - Root WebApplicationContext: initialization completed in 980 ms
2025-03-22 09:16:56 - HikariPool-1 - Starting...
2025-03-22 09:16:57 - HikariPool-1 - Added connection com.mysql.cj.jdbc.ConnectionImpl@de77146
2025-03-22 09:16:57 - HikariPool-1 - Start completed.
2025-03-22 09:16:57 - HHH000204: Processing PersistenceUnitInfo [name: default]
2025-03-22 09:16:57 - HHH000412: Hibernate ORM core version 6.6.5.Final
2025-03-22 09:16:57 - HHH000026: Second-level cache disabled
2025-03-22 09:16:58 - No LoadTimeWeaver setup: ignoring JPA class transformer
2025-03-22 09:16:58 - HHH10001005: Database info:
	Database JDBC URL [Connecting through datasource 'HikariDataSource (HikariPool-1)']
	Database driver: undefined/unknown
	Database version: 8.0.40
	Autocommit mode: undefined/unknown
	Isolation level: undefined/unknown
	Minimum pool size: undefined/unknown
	Maximum pool size: undefined/unknown
2025-03-22 09:16:58 - HHH000489: No JTA platform available (set 'hibernate.transaction.jta.platform' to enable JTA platform integration)
2025-03-22 09:16:58 - Initialized JPA EntityManagerFactory for persistence unit 'default'
2025-03-22 09:16:58 - Starting ProtocolHandler ["http-nio-8080"]
2025-03-22 09:16:58 - Tomcat started on port 8080 (http) with context path '/'
2025-03-22 09:16:58 - Started AppStart in 3.187 seconds (process running for 3.605)
2025-03-22 09:16:59 - Initializing Spring DispatcherServlet 'dispatcherServlet'
2025-03-22 09:16:59 - Initializing Servlet 'dispatcherServlet'
2025-03-22 09:16:59 - Completed initialization in 1 ms
2025-03-22 09:19:04 - Starting AppStart using Java 17.0.12 with PID 7000 (C:\Users\ppo37\IdeaProjects\workplatform\build\classes\java\main started by ppo37 in C:\Users\ppo37\IdeaProjects\workplatform)
2025-03-22 09:19:04 - No active profile set, falling back to 1 default profile: "default"
2025-03-22 09:19:05 - Bootstrapping Spring Data JPA repositories in DEFAULT mode.
2025-03-22 09:19:05 - Finished Spring Data repository scanning in 15 ms. Found 0 JPA repository interfaces.
2025-03-22 09:19:05 - Tomcat initialized with port 8080 (http)
2025-03-22 09:19:05 - Initializing ProtocolHandler ["http-nio-8080"]
2025-03-22 09:19:05 - Starting service [Tomcat]
2025-03-22 09:19:05 - Starting Servlet engine: [Apache Tomcat/10.1.34]
2025-03-22 09:19:05 - Initializing Spring embedded WebApplicationContext
2025-03-22 09:19:05 - Root WebApplicationContext: initialization completed in 984 ms
2025-03-22 09:19:05 - HikariPool-1 - Starting...
2025-03-22 09:19:06 - HikariPool-1 - Added connection com.mysql.cj.jdbc.ConnectionImpl@de77146
2025-03-22 09:19:06 - HikariPool-1 - Start completed.
2025-03-22 09:19:06 - HHH000204: Processing PersistenceUnitInfo [name: default]
2025-03-22 09:19:06 - HHH000412: Hibernate ORM core version 6.6.5.Final
2025-03-22 09:19:06 - HHH000026: Second-level cache disabled
2025-03-22 09:19:06 - No LoadTimeWeaver setup: ignoring JPA class transformer
2025-03-22 09:19:07 - HHH10001005: Database info:
	Database JDBC URL [Connecting through datasource 'HikariDataSource (HikariPool-1)']
	Database driver: undefined/unknown
	Database version: 8.0.40
	Autocommit mode: undefined/unknown
	Isolation level: undefined/unknown
	Minimum pool size: undefined/unknown
	Maximum pool size: undefined/unknown
2025-03-22 09:19:07 - HHH000489: No JTA platform available (set 'hibernate.transaction.jta.platform' to enable JTA platform integration)
2025-03-22 09:19:07 - Initialized JPA EntityManagerFactory for persistence unit 'default'
2025-03-22 09:19:07 - Starting ProtocolHandler ["http-nio-8080"]
2025-03-22 09:19:07 - Tomcat started on port 8080 (http) with context path '/'
2025-03-22 09:19:07 - Started AppStart in 3.19 seconds (process running for 3.6)
2025-03-22 09:19:55 - Initializing Spring DispatcherServlet 'dispatcherServlet'
2025-03-22 09:19:55 - Initializing Servlet 'dispatcherServlet'
2025-03-22 09:19:55 - Completed initialization in 1 ms
2025-03-22 09:36:45 - Starting AppStart using Java 17.0.12 with PID 5604 (C:\Users\ppo37\IdeaProjects\workplatform\build\classes\java\main started by ppo37 in C:\Users\ppo37\IdeaProjects\workplatform)
2025-03-22 09:36:45 - No active profile set, falling back to 1 default profile: "default"
2025-03-22 09:36:45 - Bootstrapping Spring Data JPA repositories in DEFAULT mode.
2025-03-22 09:36:45 - Finished Spring Data repository scanning in 15 ms. Found 0 JPA repository interfaces.
2025-03-22 09:36:46 - Tomcat initialized with port 8080 (http)
2025-03-22 09:36:46 - Initializing ProtocolHandler ["http-nio-8080"]
2025-03-22 09:36:46 - Starting service [Tomcat]
2025-03-22 09:36:46 - Starting Servlet engine: [Apache Tomcat/10.1.34]
2025-03-22 09:36:46 - Initializing Spring embedded WebApplicationContext
2025-03-22 09:36:46 - Root WebApplicationContext: initialization completed in 1085 ms
2025-03-22 09:36:46 - HikariPool-1 - Starting...
2025-03-22 09:36:46 - HikariPool-1 - Added connection com.mysql.cj.jdbc.ConnectionImpl@de77146
2025-03-22 09:36:46 - HikariPool-1 - Start completed.
2025-03-22 09:36:46 - HHH000204: Processing PersistenceUnitInfo [name: default]
2025-03-22 09:36:47 - HHH000412: Hibernate ORM core version 6.6.5.Final
2025-03-22 09:36:47 - HHH000026: Second-level cache disabled
2025-03-22 09:36:47 - No LoadTimeWeaver setup: ignoring JPA class transformer
2025-03-22 09:36:47 - HHH10001005: Database info:
	Database JDBC URL [Connecting through datasource 'HikariDataSource (HikariPool-1)']
	Database driver: undefined/unknown
	Database version: 8.0.40
	Autocommit mode: undefined/unknown
	Isolation level: undefined/unknown
	Minimum pool size: undefined/unknown
	Maximum pool size: undefined/unknown
2025-03-22 09:36:47 - HHH000489: No JTA platform available (set 'hibernate.transaction.jta.platform' to enable JTA platform integration)
2025-03-22 09:36:47 - Initialized JPA EntityManagerFactory for persistence unit 'default'
2025-03-22 09:36:48 - Starting ProtocolHandler ["http-nio-8080"]
2025-03-22 09:36:48 - Tomcat started on port 8080 (http) with context path '/'
2025-03-22 09:36:48 - Started AppStart in 3.473 seconds (process running for 3.895)
2025-03-22 09:38:06 - Initializing Spring DispatcherServlet 'dispatcherServlet'
2025-03-22 09:38:06 - Initializing Servlet 'dispatcherServlet'
2025-03-22 09:38:06 - Completed initialization in 0 ms
2025-03-22 09:46:33 - Starting AppStart using Java 17.0.12 with PID 30820 (C:\Users\ppo37\IdeaProjects\workplatform\build\classes\java\main started by ppo37 in C:\Users\ppo37\IdeaProjects\workplatform)
2025-03-22 09:46:33 - No active profile set, falling back to 1 default profile: "default"
2025-03-22 09:46:33 - Bootstrapping Spring Data JPA repositories in DEFAULT mode.
2025-03-22 09:46:33 - Finished Spring Data repository scanning in 14 ms. Found 0 JPA repository interfaces.
2025-03-22 09:46:34 - Tomcat initialized with port 8080 (http)
2025-03-22 09:46:34 - Initializing ProtocolHandler ["http-nio-8080"]
2025-03-22 09:46:34 - Starting service [Tomcat]
2025-03-22 09:46:34 - Starting Servlet engine: [Apache Tomcat/10.1.34]
2025-03-22 09:46:34 - Initializing Spring embedded WebApplicationContext
2025-03-22 09:46:34 - Root WebApplicationContext: initialization completed in 999 ms
2025-03-22 09:46:34 - HikariPool-1 - Starting...
2025-03-22 09:46:34 - HikariPool-1 - Added connection com.mysql.cj.jdbc.ConnectionImpl@367d34c0
2025-03-22 09:46:34 - HikariPool-1 - Start completed.
2025-03-22 09:46:34 - HHH000204: Processing PersistenceUnitInfo [name: default]
2025-03-22 09:46:34 - HHH000412: Hibernate ORM core version 6.6.5.Final
2025-03-22 09:46:34 - HHH000026: Second-level cache disabled
2025-03-22 09:46:35 - No LoadTimeWeaver setup: ignoring JPA class transformer
2025-03-22 09:46:35 - HHH10001005: Database info:
	Database JDBC URL [Connecting through datasource 'HikariDataSource (HikariPool-1)']
	Database driver: undefined/unknown
	Database version: 8.0.40
	Autocommit mode: undefined/unknown
	Isolation level: undefined/unknown
	Minimum pool size: undefined/unknown
	Maximum pool size: undefined/unknown
2025-03-22 09:46:35 - HHH000489: No JTA platform available (set 'hibernate.transaction.jta.platform' to enable JTA platform integration)
2025-03-22 09:46:35 - Initialized JPA EntityManagerFactory for persistence unit 'default'
2025-03-22 09:46:36 - Starting ProtocolHandler ["http-nio-8080"]
2025-03-22 09:46:36 - Tomcat started on port 8080 (http) with context path '/'
2025-03-22 09:46:36 - Started AppStart in 3.476 seconds (process running for 3.895)
2025-03-22 09:46:36 - Initializing Spring DispatcherServlet 'dispatcherServlet'
2025-03-22 09:46:36 - Initializing Servlet 'dispatcherServlet'
2025-03-22 09:46:36 - Completed initialization in 0 ms
2025-03-22 10:18:44 - Starting AppStart using Java 17.0.12 with PID 25684 (C:\Users\ppo37\IdeaProjects\workplatform\build\classes\java\main started by ppo37 in C:\Users\ppo37\IdeaProjects\workplatform)
2025-03-22 10:18:44 - No active profile set, falling back to 1 default profile: "default"
2025-03-22 10:18:44 - Bootstrapping Spring Data JPA repositories in DEFAULT mode.
2025-03-22 10:18:44 - Finished Spring Data repository scanning in 15 ms. Found 0 JPA repository interfaces.
2025-03-22 10:18:45 - Tomcat initialized with port 8080 (http)
2025-03-22 10:18:45 - Initializing ProtocolHandler ["http-nio-8080"]
2025-03-22 10:18:45 - Starting service [Tomcat]
2025-03-22 10:18:45 - Starting Servlet engine: [Apache Tomcat/10.1.34]
2025-03-22 10:18:45 - Initializing Spring embedded WebApplicationContext
2025-03-22 10:18:45 - Root WebApplicationContext: initialization completed in 998 ms
2025-03-22 10:18:45 - HikariPool-1 - Starting...
2025-03-22 10:18:45 - HikariPool-1 - Added connection com.mysql.cj.jdbc.ConnectionImpl@34136bd1
2025-03-22 10:18:45 - HikariPool-1 - Start completed.
2025-03-22 10:18:46 - HHH000204: Processing PersistenceUnitInfo [name: default]
2025-03-22 10:18:46 - HHH000412: Hibernate ORM core version 6.6.5.Final
2025-03-22 10:18:46 - HHH000026: Second-level cache disabled
2025-03-22 10:18:46 - No LoadTimeWeaver setup: ignoring JPA class transformer
2025-03-22 10:18:46 - HHH10001005: Database info:
	Database JDBC URL [Connecting through datasource 'HikariDataSource (HikariPool-1)']
	Database driver: undefined/unknown
	Database version: 8.0.40
	Autocommit mode: undefined/unknown
	Isolation level: undefined/unknown
	Minimum pool size: undefined/unknown
	Maximum pool size: undefined/unknown
2025-03-22 10:18:46 - HHH000489: No JTA platform available (set 'hibernate.transaction.jta.platform' to enable JTA platform integration)
2025-03-22 10:18:46 - Initialized JPA EntityManagerFactory for persistence unit 'default'
2025-03-22 10:18:47 - Starting ProtocolHandler ["http-nio-8080"]
2025-03-22 10:18:47 - Tomcat started on port 8080 (http) with context path '/'
2025-03-22 10:18:47 - Started AppStart in 3.323 seconds (process running for 3.733)
2025-03-22 10:19:39 - Initializing Spring DispatcherServlet 'dispatcherServlet'
2025-03-22 10:19:39 - Initializing Servlet 'dispatcherServlet'
2025-03-22 10:19:39 - Completed initialization in 1 ms
2025-03-22 10:19:55 -  log info 
2025-03-22 10:19:55 -  log info 
2025-03-22 10:24:25 - Starting AppStart using Java 17.0.12 with PID 11592 (C:\Users\ppo37\IdeaProjects\workplatform\build\classes\java\main started by ppo37 in C:\Users\ppo37\IdeaProjects\workplatform)
2025-03-22 10:24:25 - No active profile set, falling back to 1 default profile: "default"
2025-03-22 10:24:25 - Bootstrapping Spring Data JPA repositories in DEFAULT mode.
2025-03-22 10:24:25 - Finished Spring Data repository scanning in 17 ms. Found 0 JPA repository interfaces.
2025-03-22 10:24:26 - Tomcat initialized with port 8080 (http)
2025-03-22 10:24:26 - Initializing ProtocolHandler ["http-nio-8080"]
2025-03-22 10:24:26 - Starting service [Tomcat]
2025-03-22 10:24:26 - Starting Servlet engine: [Apache Tomcat/10.1.34]
2025-03-22 10:24:26 - Initializing Spring embedded WebApplicationContext
2025-03-22 10:24:26 - Root WebApplicationContext: initialization completed in 1185 ms
2025-03-22 10:24:26 - HikariPool-1 - Starting...
2025-03-22 10:24:26 - HikariPool-1 - Added connection com.mysql.cj.jdbc.ConnectionImpl@367d34c0
2025-03-22 10:24:26 - HikariPool-1 - Start completed.
2025-03-22 10:24:27 - HHH000204: Processing PersistenceUnitInfo [name: default]
2025-03-22 10:24:27 - HHH000412: Hibernate ORM core version 6.6.5.Final
2025-03-22 10:24:27 - HHH000026: Second-level cache disabled
2025-03-22 10:24:27 - No LoadTimeWeaver setup: ignoring JPA class transformer
2025-03-22 10:24:27 - HHH10001005: Database info:
	Database JDBC URL [Connecting through datasource 'HikariDataSource (HikariPool-1)']
	Database driver: undefined/unknown
	Database version: 8.0.40
	Autocommit mode: undefined/unknown
	Isolation level: undefined/unknown
	Minimum pool size: undefined/unknown
	Maximum pool size: undefined/unknown
2025-03-22 10:24:27 - HHH000489: No JTA platform available (set 'hibernate.transaction.jta.platform' to enable JTA platform integration)
2025-03-22 10:24:27 - Initialized JPA EntityManagerFactory for persistence unit 'default'
2025-03-22 10:24:28 - Starting ProtocolHandler ["http-nio-8080"]
2025-03-22 10:24:28 - Tomcat started on port 8080 (http) with context path '/'
2025-03-22 10:24:28 - Started AppStart in 3.556 seconds (process running for 3.989)
2025-03-22 10:24:31 - Initializing Spring DispatcherServlet 'dispatcherServlet'
2025-03-22 10:24:31 - Initializing Servlet 'dispatcherServlet'
2025-03-22 10:24:31 - Completed initialization in 1 ms
2025-03-22 10:24:33 -  log info 
2025-03-22 10:24:33 -  log info 
2025-03-22 10:25:09 - Starting AppStart using Java 17.0.12 with PID 23544 (C:\Users\ppo37\IdeaProjects\workplatform\build\classes\java\main started by ppo37 in C:\Users\ppo37\IdeaProjects\workplatform)
2025-03-22 10:25:09 - No active profile set, falling back to 1 default profile: "default"
2025-03-22 10:25:10 - Bootstrapping Spring Data JPA repositories in DEFAULT mode.
2025-03-22 10:25:10 - Finished Spring Data repository scanning in 17 ms. Found 0 JPA repository interfaces.
2025-03-22 10:25:11 - Tomcat initialized with port 8080 (http)
2025-03-22 10:25:11 - Initializing ProtocolHandler ["http-nio-8080"]
2025-03-22 10:25:11 - Starting service [Tomcat]
2025-03-22 10:25:11 - Starting Servlet engine: [Apache Tomcat/10.1.34]
2025-03-22 10:25:11 - Initializing Spring embedded WebApplicationContext
2025-03-22 10:25:11 - Root WebApplicationContext: initialization completed in 1132 ms
2025-03-22 10:25:11 - HikariPool-1 - Starting...
2025-03-22 10:25:11 - HikariPool-1 - Added connection com.mysql.cj.jdbc.ConnectionImpl@367d34c0
2025-03-22 10:25:11 - HikariPool-1 - Start completed.
2025-03-22 10:25:11 - HHH000204: Processing PersistenceUnitInfo [name: default]
2025-03-22 10:25:11 - HHH000412: Hibernate ORM core version 6.6.5.Final
2025-03-22 10:25:11 - HHH000026: Second-level cache disabled
2025-03-22 10:25:12 - No LoadTimeWeaver setup: ignoring JPA class transformer
2025-03-22 10:25:12 - HHH10001005: Database info:
	Database JDBC URL [Connecting through datasource 'HikariDataSource (HikariPool-1)']
	Database driver: undefined/unknown
	Database version: 8.0.40
	Autocommit mode: undefined/unknown
	Isolation level: undefined/unknown
	Minimum pool size: undefined/unknown
	Maximum pool size: undefined/unknown
2025-03-22 10:25:12 - HHH000489: No JTA platform available (set 'hibernate.transaction.jta.platform' to enable JTA platform integration)
2025-03-22 10:25:12 - Initialized JPA EntityManagerFactory for persistence unit 'default'
2025-03-22 10:25:12 - Starting ProtocolHandler ["http-nio-8080"]
2025-03-22 10:25:12 - Tomcat started on port 8080 (http) with context path '/'
2025-03-22 10:25:12 - Started AppStart in 3.225 seconds (process running for 3.631)
2025-03-22 10:25:14 - Initializing Spring DispatcherServlet 'dispatcherServlet'
2025-03-22 10:25:14 - Initializing Servlet 'dispatcherServlet'
2025-03-22 10:25:14 - Completed initialization in 1 ms
2025-03-22 10:25:20 -  log info 
2025-03-22 10:25:20 -  log info 
2025-03-22 10:32:14 - Starting AppStart using Java 17.0.12 with PID 26528 (C:\Users\ppo37\IdeaProjects\workplatform\build\classes\java\main started by ppo37 in C:\Users\ppo37\IdeaProjects\workplatform)
2025-03-22 10:32:14 - No active profile set, falling back to 1 default profile: "default"
2025-03-22 10:32:15 - Bootstrapping Spring Data JPA repositories in DEFAULT mode.
2025-03-22 10:32:15 - Finished Spring Data repository scanning in 15 ms. Found 0 JPA repository interfaces.
2025-03-22 10:32:15 - Tomcat initialized with port 8080 (http)
2025-03-22 10:32:15 - Initializing ProtocolHandler ["http-nio-8080"]
2025-03-22 10:32:15 - Starting service [Tomcat]
2025-03-22 10:32:15 - Starting Servlet engine: [Apache Tomcat/10.1.34]
2025-03-22 10:32:15 - Initializing Spring embedded WebApplicationContext
2025-03-22 10:32:15 - Root WebApplicationContext: initialization completed in 995 ms
2025-03-22 10:32:15 - HikariPool-1 - Starting...
2025-03-22 10:32:16 - HikariPool-1 - Added connection com.mysql.cj.jdbc.ConnectionImpl@367d34c0
2025-03-22 10:32:16 - HikariPool-1 - Start completed.
2025-03-22 10:32:16 - HHH000204: Processing PersistenceUnitInfo [name: default]
2025-03-22 10:32:16 - HHH000412: Hibernate ORM core version 6.6.5.Final
2025-03-22 10:32:16 - HHH000026: Second-level cache disabled
2025-03-22 10:32:16 - No LoadTimeWeaver setup: ignoring JPA class transformer
2025-03-22 10:32:16 - HHH10001005: Database info:
	Database JDBC URL [Connecting through datasource 'HikariDataSource (HikariPool-1)']
	Database driver: undefined/unknown
	Database version: 8.0.40
	Autocommit mode: undefined/unknown
	Isolation level: undefined/unknown
	Minimum pool size: undefined/unknown
	Maximum pool size: undefined/unknown
2025-03-22 10:32:17 - HHH000489: No JTA platform available (set 'hibernate.transaction.jta.platform' to enable JTA platform integration)
2025-03-22 10:32:17 - Initialized JPA EntityManagerFactory for persistence unit 'default'
2025-03-22 10:32:17 - Starting ProtocolHandler ["http-nio-8080"]
2025-03-22 10:32:17 - Tomcat started on port 8080 (http) with context path '/'
2025-03-22 10:32:17 - Started AppStart in 3.132 seconds (process running for 3.542)
2025-03-22 10:32:21 - Initializing Spring DispatcherServlet 'dispatcherServlet'
2025-03-22 10:32:21 - Initializing Servlet 'dispatcherServlet'
2025-03-22 10:32:21 - Completed initialization in 0 ms
2025-03-22 10:32:30 -  log info 
2025-03-22 10:32:30 -  log info 
2025-03-22 10:43:12 -  log info 
2025-03-22 10:43:12 -  log info 
2025-03-22 10:53:33 - Starting AppStart using Java 17.0.12 with PID 25032 (C:\Users\ppo37\IdeaProjects\workplatform\build\classes\java\main started by ppo37 in C:\Users\ppo37\IdeaProjects\workplatform)
2025-03-22 10:53:33 - No active profile set, falling back to 1 default profile: "default"
2025-03-22 10:53:33 - Bootstrapping Spring Data JPA repositories in DEFAULT mode.
2025-03-22 10:53:33 - Finished Spring Data repository scanning in 16 ms. Found 0 JPA repository interfaces.
2025-03-22 10:53:34 - Tomcat initialized with port 8080 (http)
2025-03-22 10:53:34 - Initializing ProtocolHandler ["http-nio-8080"]
2025-03-22 10:53:34 - Starting service [Tomcat]
2025-03-22 10:53:34 - Starting Servlet engine: [Apache Tomcat/10.1.34]
2025-03-22 10:53:34 - Initializing Spring embedded WebApplicationContext
2025-03-22 10:53:34 - Root WebApplicationContext: initialization completed in 1105 ms
2025-03-22 10:53:34 - HikariPool-1 - Starting...
2025-03-22 10:53:34 - HikariPool-1 - Added connection com.mysql.cj.jdbc.ConnectionImpl@367d34c0
2025-03-22 10:53:34 - HikariPool-1 - Start completed.
2025-03-22 10:53:35 - HHH000204: Processing PersistenceUnitInfo [name: default]
2025-03-22 10:53:35 - HHH000412: Hibernate ORM core version 6.6.5.Final
2025-03-22 10:53:35 - HHH000026: Second-level cache disabled
2025-03-22 10:53:35 - No LoadTimeWeaver setup: ignoring JPA class transformer
2025-03-22 10:53:35 - HHH10001005: Database info:
	Database JDBC URL [Connecting through datasource 'HikariDataSource (HikariPool-1)']
	Database driver: undefined/unknown
	Database version: 8.0.40
	Autocommit mode: undefined/unknown
	Isolation level: undefined/unknown
	Minimum pool size: undefined/unknown
	Maximum pool size: undefined/unknown
2025-03-22 10:53:35 - HHH000489: No JTA platform available (set 'hibernate.transaction.jta.platform' to enable JTA platform integration)
2025-03-22 10:53:35 - Initialized JPA EntityManagerFactory for persistence unit 'default'
2025-03-22 10:53:36 - Starting ProtocolHandler ["http-nio-8080"]
2025-03-22 10:53:36 - Tomcat started on port 8080 (http) with context path '/'
2025-03-22 10:53:36 - Started AppStart in 3.775 seconds (process running for 4.218)
2025-03-22 10:53:36 - Initializing Spring DispatcherServlet 'dispatcherServlet'
2025-03-22 10:53:36 - Initializing Servlet 'dispatcherServlet'
2025-03-22 10:53:36 - Completed initialization in 1 ms
2025-03-22 10:53:42 -  log info 
2025-03-22 10:53:42 -  log info 
2025-03-22 10:58:28 - Starting AppStart using Java 17.0.12 with PID 32228 (C:\Users\ppo37\IdeaProjects\workplatform\build\classes\java\main started by ppo37 in C:\Users\ppo37\IdeaProjects\workplatform)
2025-03-22 10:58:28 - No active profile set, falling back to 1 default profile: "default"
2025-03-22 10:58:28 - Bootstrapping Spring Data JPA repositories in DEFAULT mode.
2025-03-22 10:58:28 - Finished Spring Data repository scanning in 16 ms. Found 0 JPA repository interfaces.
2025-03-22 10:58:29 - Tomcat initialized with port 8080 (http)
2025-03-22 10:58:29 - Initializing ProtocolHandler ["http-nio-8080"]
2025-03-22 10:58:29 - Starting service [Tomcat]
2025-03-22 10:58:29 - Starting Servlet engine: [Apache Tomcat/10.1.34]
2025-03-22 10:58:29 - Initializing Spring embedded WebApplicationContext
2025-03-22 10:58:29 - Root WebApplicationContext: initialization completed in 1012 ms
2025-03-22 10:58:29 - HikariPool-1 - Starting...
2025-03-22 10:58:29 - HikariPool-1 - Added connection com.mysql.cj.jdbc.ConnectionImpl@11f23038
2025-03-22 10:58:29 - HikariPool-1 - Start completed.
2025-03-22 10:58:29 - HHH000204: Processing PersistenceUnitInfo [name: default]
2025-03-22 10:58:30 - HHH000412: Hibernate ORM core version 6.6.5.Final
2025-03-22 10:58:30 - HHH000026: Second-level cache disabled
2025-03-22 10:58:30 - No LoadTimeWeaver setup: ignoring JPA class transformer
2025-03-22 10:58:30 - HHH10001005: Database info:
	Database JDBC URL [Connecting through datasource 'HikariDataSource (HikariPool-1)']
	Database driver: undefined/unknown
	Database version: 8.0.40
	Autocommit mode: undefined/unknown
	Isolation level: undefined/unknown
	Minimum pool size: undefined/unknown
	Maximum pool size: undefined/unknown
2025-03-22 10:58:30 - HHH000489: No JTA platform available (set 'hibernate.transaction.jta.platform' to enable JTA platform integration)
2025-03-22 10:58:30 - Initialized JPA EntityManagerFactory for persistence unit 'default'
2025-03-22 10:58:31 - Starting ProtocolHandler ["http-nio-8080"]
2025-03-22 10:58:31 - Tomcat started on port 8080 (http) with context path '/'
2025-03-22 10:58:31 - Started AppStart in 3.339 seconds (process running for 3.761)
2025-03-22 10:58:35 - Initializing Spring DispatcherServlet 'dispatcherServlet'
2025-03-22 10:58:35 - Initializing Servlet 'dispatcherServlet'
2025-03-22 10:58:35 - Completed initialization in 1 ms
2025-03-22 10:58:39 -  log info 
2025-03-22 10:58:39 -  log info 
2025-03-22 10:59:27 - Starting AppStart using Java 17.0.12 with PID 17640 (C:\Users\ppo37\IdeaProjects\workplatform\build\classes\java\main started by ppo37 in C:\Users\ppo37\IdeaProjects\workplatform)
2025-03-22 10:59:27 - No active profile set, falling back to 1 default profile: "default"
2025-03-22 10:59:28 - Bootstrapping Spring Data JPA repositories in DEFAULT mode.
2025-03-22 10:59:28 - Finished Spring Data repository scanning in 19 ms. Found 0 JPA repository interfaces.
2025-03-22 10:59:28 - Tomcat initialized with port 8080 (http)
2025-03-22 10:59:28 - Initializing ProtocolHandler ["http-nio-8080"]
2025-03-22 10:59:28 - Starting service [Tomcat]
2025-03-22 10:59:28 - Starting Servlet engine: [Apache Tomcat/10.1.34]
2025-03-22 10:59:29 - Initializing Spring embedded WebApplicationContext
2025-03-22 10:59:29 - Root WebApplicationContext: initialization completed in 1086 ms
2025-03-22 10:59:29 - HikariPool-1 - Starting...
2025-03-22 10:59:29 - HikariPool-1 - Added connection com.mysql.cj.jdbc.ConnectionImpl@de77146
2025-03-22 10:59:29 - HikariPool-1 - Start completed.
2025-03-22 10:59:30 - HHH000204: Processing PersistenceUnitInfo [name: default]
2025-03-22 10:59:30 - HHH000412: Hibernate ORM core version 6.6.5.Final
2025-03-22 10:59:30 - HHH000026: Second-level cache disabled
2025-03-22 10:59:30 - No LoadTimeWeaver setup: ignoring JPA class transformer
2025-03-22 10:59:30 - HHH10001005: Database info:
	Database JDBC URL [Connecting through datasource 'HikariDataSource (HikariPool-1)']
	Database driver: undefined/unknown
	Database version: 8.0.40
	Autocommit mode: undefined/unknown
	Isolation level: undefined/unknown
	Minimum pool size: undefined/unknown
	Maximum pool size: undefined/unknown
2025-03-22 10:59:30 - HHH000489: No JTA platform available (set 'hibernate.transaction.jta.platform' to enable JTA platform integration)
2025-03-22 10:59:30 - Initialized JPA EntityManagerFactory for persistence unit 'default'
2025-03-22 10:59:31 - Starting ProtocolHandler ["http-nio-8080"]
2025-03-22 10:59:31 - Tomcat started on port 8080 (http) with context path '/'
2025-03-22 10:59:31 - Started AppStart in 3.472 seconds (process running for 3.897)
2025-03-22 10:59:33 - Initializing Spring DispatcherServlet 'dispatcherServlet'
2025-03-22 10:59:33 - Initializing Servlet 'dispatcherServlet'
2025-03-22 10:59:33 - Completed initialization in 1 ms
2025-03-22 10:59:48 -  log info 
2025-03-22 10:59:48 -  log info 
2025-03-22 11:00:30 - Starting AppStart using Java 17.0.12 with PID 26656 (C:\Users\ppo37\IdeaProjects\workplatform\build\classes\java\main started by ppo37 in C:\Users\ppo37\IdeaProjects\workplatform)
2025-03-22 11:00:30 - No active profile set, falling back to 1 default profile: "default"
2025-03-22 11:00:31 - Bootstrapping Spring Data JPA repositories in DEFAULT mode.
2025-03-22 11:00:31 - Finished Spring Data repository scanning in 14 ms. Found 0 JPA repository interfaces.
2025-03-22 11:00:31 - Tomcat initialized with port 8080 (http)
2025-03-22 11:00:31 - Initializing ProtocolHandler ["http-nio-8080"]
2025-03-22 11:00:31 - Starting service [Tomcat]
2025-03-22 11:00:31 - Starting Servlet engine: [Apache Tomcat/10.1.34]
2025-03-22 11:00:31 - Initializing Spring embedded WebApplicationContext
2025-03-22 11:00:31 - Root WebApplicationContext: initialization completed in 983 ms
2025-03-22 11:00:31 - HikariPool-1 - Starting...
2025-03-22 11:00:31 - HikariPool-1 - Added connection com.mysql.cj.jdbc.ConnectionImpl@6de7778f
2025-03-22 11:00:31 - HikariPool-1 - Start completed.
2025-03-22 11:00:32 - HHH000204: Processing PersistenceUnitInfo [name: default]
2025-03-22 11:00:32 - HHH000412: Hibernate ORM core version 6.6.5.Final
2025-03-22 11:00:32 - HHH000026: Second-level cache disabled
2025-03-22 11:00:32 - No LoadTimeWeaver setup: ignoring JPA class transformer
2025-03-22 11:00:32 - HHH10001005: Database info:
	Database JDBC URL [Connecting through datasource 'HikariDataSource (HikariPool-1)']
	Database driver: undefined/unknown
	Database version: 8.0.40
	Autocommit mode: undefined/unknown
	Isolation level: undefined/unknown
	Minimum pool size: undefined/unknown
	Maximum pool size: undefined/unknown
2025-03-22 11:00:33 - HHH000489: No JTA platform available (set 'hibernate.transaction.jta.platform' to enable JTA platform integration)
2025-03-22 11:00:33 - Initialized JPA EntityManagerFactory for persistence unit 'default'
2025-03-22 11:00:33 - Starting ProtocolHandler ["http-nio-8080"]
2025-03-22 11:00:33 - Tomcat started on port 8080 (http) with context path '/'
2025-03-22 11:00:33 - Started AppStart in 3.117 seconds (process running for 3.528)
2025-03-22 11:00:55 - Starting AppStart using Java 17.0.12 with PID 24472 (C:\Users\ppo37\IdeaProjects\workplatform\build\classes\java\main started by ppo37 in C:\Users\ppo37\IdeaProjects\workplatform)
2025-03-22 11:00:55 - No active profile set, falling back to 1 default profile: "default"
2025-03-22 11:00:55 - Bootstrapping Spring Data JPA repositories in DEFAULT mode.
2025-03-22 11:00:55 - Finished Spring Data repository scanning in 15 ms. Found 0 JPA repository interfaces.
2025-03-22 11:00:56 - Tomcat initialized with port 8080 (http)
2025-03-22 11:00:56 - Initializing ProtocolHandler ["http-nio-8080"]
2025-03-22 11:00:56 - Starting service [Tomcat]
2025-03-22 11:00:56 - Starting Servlet engine: [Apache Tomcat/10.1.34]
2025-03-22 11:00:56 - Initializing Spring embedded WebApplicationContext
2025-03-22 11:00:56 - Root WebApplicationContext: initialization completed in 1059 ms
2025-03-22 11:00:56 - HikariPool-1 - Starting...
2025-03-22 11:00:56 - HikariPool-1 - Added connection com.mysql.cj.jdbc.ConnectionImpl@367d34c0
2025-03-22 11:00:56 - HikariPool-1 - Start completed.
2025-03-22 11:00:57 - HHH000204: Processing PersistenceUnitInfo [name: default]
2025-03-22 11:00:57 - HHH000412: Hibernate ORM core version 6.6.5.Final
2025-03-22 11:00:57 - HHH000026: Second-level cache disabled
2025-03-22 11:00:57 - No LoadTimeWeaver setup: ignoring JPA class transformer
2025-03-22 11:00:57 - HHH10001005: Database info:
	Database JDBC URL [Connecting through datasource 'HikariDataSource (HikariPool-1)']
	Database driver: undefined/unknown
	Database version: 8.0.40
	Autocommit mode: undefined/unknown
	Isolation level: undefined/unknown
	Minimum pool size: undefined/unknown
	Maximum pool size: undefined/unknown
2025-03-22 11:00:57 - HHH000489: No JTA platform available (set 'hibernate.transaction.jta.platform' to enable JTA platform integration)
2025-03-22 11:00:57 - Initialized JPA EntityManagerFactory for persistence unit 'default'
2025-03-22 11:00:58 - Starting ProtocolHandler ["http-nio-8080"]
2025-03-22 11:00:58 - Tomcat started on port 8080 (http) with context path '/'
2025-03-22 11:00:58 - Started AppStart in 3.231 seconds (process running for 3.66)
2025-03-22 11:01:06 - Initializing Spring DispatcherServlet 'dispatcherServlet'
2025-03-22 11:01:06 - Initializing Servlet 'dispatcherServlet'
2025-03-22 11:01:06 - Completed initialization in 2 ms
2025-03-22 11:01:08 -  log info 
2025-03-22 11:01:08 -  log info 
2025-03-22 11:03:21 - Starting AppStart using Java 17.0.12 with PID 28588 (C:\Users\ppo37\IdeaProjects\workplatform\build\classes\java\main started by ppo37 in C:\Users\ppo37\IdeaProjects\workplatform)
2025-03-22 11:03:21 - No active profile set, falling back to 1 default profile: "default"
2025-03-22 11:03:21 - Bootstrapping Spring Data JPA repositories in DEFAULT mode.
2025-03-22 11:03:21 - Finished Spring Data repository scanning in 16 ms. Found 0 JPA repository interfaces.
2025-03-22 11:03:22 - Tomcat initialized with port 8080 (http)
2025-03-22 11:03:22 - Initializing ProtocolHandler ["http-nio-8080"]
2025-03-22 11:03:22 - Starting service [Tomcat]
2025-03-22 11:03:22 - Starting Servlet engine: [Apache Tomcat/10.1.34]
2025-03-22 11:03:22 - Initializing Spring embedded WebApplicationContext
2025-03-22 11:03:22 - Root WebApplicationContext: initialization completed in 982 ms
2025-03-22 11:03:22 - HikariPool-1 - Starting...
2025-03-22 11:03:22 - HikariPool-1 - Added connection com.mysql.cj.jdbc.ConnectionImpl@34136bd1
2025-03-22 11:03:22 - HikariPool-1 - Start completed.
2025-03-22 11:03:22 - HHH000204: Processing PersistenceUnitInfo [name: default]
2025-03-22 11:03:23 - HHH000412: Hibernate ORM core version 6.6.5.Final
2025-03-22 11:03:23 - HHH000026: Second-level cache disabled
2025-03-22 11:03:23 - No LoadTimeWeaver setup: ignoring JPA class transformer
2025-03-22 11:03:23 - HHH10001005: Database info:
	Database JDBC URL [Connecting through datasource 'HikariDataSource (HikariPool-1)']
	Database driver: undefined/unknown
	Database version: 8.0.40
	Autocommit mode: undefined/unknown
	Isolation level: undefined/unknown
	Minimum pool size: undefined/unknown
	Maximum pool size: undefined/unknown
2025-03-22 11:03:23 - HHH000489: No JTA platform available (set 'hibernate.transaction.jta.platform' to enable JTA platform integration)
2025-03-22 11:03:23 - Initialized JPA EntityManagerFactory for persistence unit 'default'
2025-03-22 11:03:23 - Starting ProtocolHandler ["http-nio-8080"]
2025-03-22 11:03:24 - Tomcat started on port 8080 (http) with context path '/'
2025-03-22 11:03:24 - Started AppStart in 3.124 seconds (process running for 3.533)
2025-03-22 11:03:28 - Initializing Spring DispatcherServlet 'dispatcherServlet'
2025-03-22 11:03:28 - Initializing Servlet 'dispatcherServlet'
2025-03-22 11:03:28 - Completed initialization in 2 ms
2025-03-22 11:03:29 -  log info 
2025-03-22 11:03:29 -  log info 
2025-03-22 11:03:37 -  log info 
2025-03-22 11:03:37 -  log info 
2025-03-22 11:12:11 - Starting AppStart using Java 17.0.12 with PID 29320 (C:\Users\ppo37\IdeaProjects\workplatform\build\classes\java\main started by ppo37 in C:\Users\ppo37\IdeaProjects\workplatform)
2025-03-22 11:12:11 - No active profile set, falling back to 1 default profile: "default"
2025-03-22 11:12:11 - Bootstrapping Spring Data JPA repositories in DEFAULT mode.
2025-03-22 11:12:11 - Finished Spring Data repository scanning in 15 ms. Found 0 JPA repository interfaces.
2025-03-22 11:12:12 - Tomcat initialized with port 8080 (http)
2025-03-22 11:12:12 - Initializing ProtocolHandler ["http-nio-8080"]
2025-03-22 11:12:12 - Starting service [Tomcat]
2025-03-22 11:12:12 - Starting Servlet engine: [Apache Tomcat/10.1.34]
2025-03-22 11:12:12 - Initializing Spring embedded WebApplicationContext
2025-03-22 11:12:12 - Root WebApplicationContext: initialization completed in 1084 ms
2025-03-22 11:12:12 - HikariPool-1 - Starting...
2025-03-22 11:12:12 - HikariPool-1 - Added connection com.mysql.cj.jdbc.ConnectionImpl@50ec4bfc
2025-03-22 11:12:12 - HikariPool-1 - Start completed.
2025-03-22 11:12:13 - HHH000204: Processing PersistenceUnitInfo [name: default]
2025-03-22 11:12:13 - HHH000412: Hibernate ORM core version 6.6.5.Final
2025-03-22 11:12:13 - HHH000026: Second-level cache disabled
2025-03-22 11:12:13 - No LoadTimeWeaver setup: ignoring JPA class transformer
2025-03-22 11:12:13 - HHH10001005: Database info:
	Database JDBC URL [Connecting through datasource 'HikariDataSource (HikariPool-1)']
	Database driver: undefined/unknown
	Database version: 8.0.40
	Autocommit mode: undefined/unknown
	Isolation level: undefined/unknown
	Minimum pool size: undefined/unknown
	Maximum pool size: undefined/unknown
2025-03-22 11:12:13 - HHH000489: No JTA platform available (set 'hibernate.transaction.jta.platform' to enable JTA platform integration)
2025-03-22 11:12:14 - Initialized JPA EntityManagerFactory for persistence unit 'default'
2025-03-22 11:12:14 - Starting ProtocolHandler ["http-nio-8080"]
2025-03-22 11:12:14 - Tomcat started on port 8080 (http) with context path '/'
2025-03-22 11:12:14 - Started AppStart in 3.472 seconds (process running for 3.896)
2025-03-22 11:12:19 - Initializing Spring DispatcherServlet 'dispatcherServlet'
2025-03-22 11:12:19 - Initializing Servlet 'dispatcherServlet'
2025-03-22 11:12:19 - Completed initialization in 0 ms
2025-03-22 11:12:20 -  log info 
2025-03-22 11:12:20 -  log info 
2025-03-22 11:14:58 -  log info 
2025-03-22 11:14:58 -  log info 
2025-03-22 11:15:33 -  log info 
2025-03-22 11:15:33 -  log info 
2025-03-22 11:16:23 - Starting AppStart using Java 17.0.12 with PID 30764 (C:\Users\ppo37\IdeaProjects\workplatform\build\classes\java\main started by ppo37 in C:\Users\ppo37\IdeaProjects\workplatform)
2025-03-22 11:16:23 - No active profile set, falling back to 1 default profile: "default"
2025-03-22 11:16:24 - Bootstrapping Spring Data JPA repositories in DEFAULT mode.
2025-03-22 11:16:24 - Finished Spring Data repository scanning in 15 ms. Found 0 JPA repository interfaces.
2025-03-22 11:16:24 - Tomcat initialized with port 8080 (http)
2025-03-22 11:16:24 - Initializing ProtocolHandler ["http-nio-8080"]
2025-03-22 11:16:24 - Starting service [Tomcat]
2025-03-22 11:16:24 - Starting Servlet engine: [Apache Tomcat/10.1.34]
2025-03-22 11:16:24 - Initializing Spring embedded WebApplicationContext
2025-03-22 11:16:24 - Root WebApplicationContext: initialization completed in 1038 ms
2025-03-22 11:16:24 - HikariPool-1 - Starting...
2025-03-22 11:16:24 - HikariPool-1 - Added connection com.mysql.cj.jdbc.ConnectionImpl@367d34c0
2025-03-22 11:16:24 - HikariPool-1 - Start completed.
2025-03-22 11:16:25 - HHH000204: Processing PersistenceUnitInfo [name: default]
2025-03-22 11:16:25 - HHH000412: Hibernate ORM core version 6.6.5.Final
2025-03-22 11:16:25 - HHH000026: Second-level cache disabled
2025-03-22 11:16:25 - No LoadTimeWeaver setup: ignoring JPA class transformer
2025-03-22 11:16:25 - HHH10001005: Database info:
	Database JDBC URL [Connecting through datasource 'HikariDataSource (HikariPool-1)']
	Database driver: undefined/unknown
	Database version: 8.0.40
	Autocommit mode: undefined/unknown
	Isolation level: undefined/unknown
	Minimum pool size: undefined/unknown
	Maximum pool size: undefined/unknown
2025-03-22 11:16:26 - HHH000489: No JTA platform available (set 'hibernate.transaction.jta.platform' to enable JTA platform integration)
2025-03-22 11:16:26 - Initialized JPA EntityManagerFactory for persistence unit 'default'
2025-03-22 11:16:26 - Starting ProtocolHandler ["http-nio-8080"]
2025-03-22 11:16:26 - Tomcat started on port 8080 (http) with context path '/'
2025-03-22 11:16:26 - Started AppStart in 3.287 seconds (process running for 3.71)
2025-03-22 11:17:07 - Initializing Spring DispatcherServlet 'dispatcherServlet'
2025-03-22 11:17:07 - Initializing Servlet 'dispatcherServlet'
2025-03-22 11:17:07 - Completed initialization in 1 ms
2025-03-22 11:23:19 - Starting AppStart using Java 17.0.12 with PID 19184 (C:\Users\ppo37\IdeaProjects\workplatform\build\classes\java\main started by ppo37 in C:\Users\ppo37\IdeaProjects\workplatform)
2025-03-22 11:23:19 - No active profile set, falling back to 1 default profile: "default"
2025-03-22 11:23:20 - Bootstrapping Spring Data JPA repositories in DEFAULT mode.
2025-03-22 11:23:20 - Finished Spring Data repository scanning in 15 ms. Found 0 JPA repository interfaces.
2025-03-22 11:23:20 - Tomcat initialized with port 8080 (http)
2025-03-22 11:23:20 - Initializing ProtocolHandler ["http-nio-8080"]
2025-03-22 11:23:20 - Starting service [Tomcat]
2025-03-22 11:23:20 - Starting Servlet engine: [Apache Tomcat/10.1.34]
2025-03-22 11:23:20 - Initializing Spring embedded WebApplicationContext
2025-03-22 11:23:20 - Root WebApplicationContext: initialization completed in 1027 ms
2025-03-22 11:23:20 - HikariPool-1 - Starting...
2025-03-22 11:23:20 - HikariPool-1 - Added connection com.mysql.cj.jdbc.ConnectionImpl@26f0141
2025-03-22 11:23:20 - HikariPool-1 - Start completed.
2025-03-22 11:23:21 - HHH000204: Processing PersistenceUnitInfo [name: default]
2025-03-22 11:23:21 - HHH000412: Hibernate ORM core version 6.6.5.Final
2025-03-22 11:23:21 - HHH000026: Second-level cache disabled
2025-03-22 11:23:21 - No LoadTimeWeaver setup: ignoring JPA class transformer
2025-03-22 11:23:22 - HHH10001005: Database info:
	Database JDBC URL [Connecting through datasource 'HikariDataSource (HikariPool-1)']
	Database driver: undefined/unknown
	Database version: 8.0.40
	Autocommit mode: undefined/unknown
	Isolation level: undefined/unknown
	Minimum pool size: undefined/unknown
	Maximum pool size: undefined/unknown
2025-03-22 11:23:22 - HHH000489: No JTA platform available (set 'hibernate.transaction.jta.platform' to enable JTA platform integration)
2025-03-22 11:23:22 - Initialized JPA EntityManagerFactory for persistence unit 'default'
2025-03-22 11:23:22 - Starting ProtocolHandler ["http-nio-8080"]
2025-03-22 11:23:22 - Tomcat started on port 8080 (http) with context path '/'
2025-03-22 11:23:22 - Started AppStart in 3.584 seconds (process running for 4.028)
2025-03-22 11:23:22 - Initializing Spring DispatcherServlet 'dispatcherServlet'
2025-03-22 11:23:22 - Initializing Servlet 'dispatcherServlet'
2025-03-22 11:23:22 - Completed initialization in 0 ms
2025-03-22 11:23:30 -  log info 
2025-03-22 11:23:30 -  log info 
2025-03-22 17:11:14 - Starting AppStart using Java 17.0.12 with PID 19892 (C:\Users\ppo37\IdeaProjects\workplatform\build\classes\java\main started by ppo37 in C:\Users\ppo37\IdeaProjects\workplatform)
2025-03-22 17:11:14 - No active profile set, falling back to 1 default profile: "default"
2025-03-22 17:11:15 - Bootstrapping Spring Data JPA repositories in DEFAULT mode.
2025-03-22 17:11:15 - Finished Spring Data repository scanning in 15 ms. Found 0 JPA repository interfaces.
2025-03-22 17:11:15 - Tomcat initialized with port 8080 (http)
2025-03-22 17:11:15 - Initializing ProtocolHandler ["http-nio-8080"]
2025-03-22 17:11:15 - Starting service [Tomcat]
2025-03-22 17:11:15 - Starting Servlet engine: [Apache Tomcat/10.1.34]
2025-03-22 17:11:15 - Initializing Spring embedded WebApplicationContext
2025-03-22 17:11:15 - Root WebApplicationContext: initialization completed in 1062 ms
2025-03-22 17:11:15 - HikariPool-1 - Starting...
2025-03-22 17:11:16 - HikariPool-1 - Added connection com.mysql.cj.jdbc.ConnectionImpl@de77146
2025-03-22 17:11:16 - HikariPool-1 - Start completed.
2025-03-22 17:11:16 - HHH000204: Processing PersistenceUnitInfo [name: default]
2025-03-22 17:11:16 - HHH000412: Hibernate ORM core version 6.6.5.Final
2025-03-22 17:11:16 - HHH000026: Second-level cache disabled
2025-03-22 17:11:16 - No LoadTimeWeaver setup: ignoring JPA class transformer
2025-03-22 17:11:17 - HHH10001005: Database info:
	Database JDBC URL [Connecting through datasource 'HikariDataSource (HikariPool-1)']
	Database driver: undefined/unknown
	Database version: 8.0.40
	Autocommit mode: undefined/unknown
	Isolation level: undefined/unknown
	Minimum pool size: undefined/unknown
	Maximum pool size: undefined/unknown
2025-03-22 17:11:17 - HHH000489: No JTA platform available (set 'hibernate.transaction.jta.platform' to enable JTA platform integration)
2025-03-22 17:11:17 - Initialized JPA EntityManagerFactory for persistence unit 'default'
2025-03-22 17:11:17 - Starting ProtocolHandler ["http-nio-8080"]
2025-03-22 17:11:17 - Tomcat started on port 8080 (http) with context path '/'
2025-03-22 17:11:17 - Started AppStart in 3.353 seconds (process running for 3.765)
2025-03-22 17:13:54 - Initializing Spring DispatcherServlet 'dispatcherServlet'
2025-03-22 17:13:54 - Initializing Servlet 'dispatcherServlet'
2025-03-22 17:13:54 - Completed initialization in 1 ms
2025-03-22 17:14:12 -  log info 
2025-03-22 17:14:12 -  log info 
2025-03-22 17:14:40 -  log info 
2025-03-22 17:14:40 -  log info 
2025-03-22 17:15:31 - ChattingDto(mstype=0, rno=6, msDate=null, loginMno=0, mname=test, mscontent=null, mno=100001, msg=gkdl, msno=0, msdate=null, pdate=null, rname=null, rtype=null, mnameList=null, msgList=null, fno=0, fname=null, flocation=null, fdate=null, type=null, message=null, rooms=null, action=null)
2025-03-22 17:15:42 -  log info 
2025-03-22 17:15:42 -  log info 
2025-03-22 17:18:44 -  log info 
2025-03-22 17:18:44 -  log info 
2025-03-22 18:22:49 - Starting AppStart using Java 17.0.12 with PID 11644 (C:\Users\ppo37\IdeaProjects\workplatform\build\classes\java\main started by ppo37 in C:\Users\ppo37\IdeaProjects\workplatform)
2025-03-22 18:22:49 - No active profile set, falling back to 1 default profile: "default"
2025-03-22 18:22:50 - Bootstrapping Spring Data JPA repositories in DEFAULT mode.
2025-03-22 18:22:50 - Finished Spring Data repository scanning in 15 ms. Found 0 JPA repository interfaces.
2025-03-22 18:22:50 - Tomcat initialized with port 8080 (http)
2025-03-22 18:22:50 - Initializing ProtocolHandler ["http-nio-8080"]
2025-03-22 18:22:50 - Starting service [Tomcat]
2025-03-22 18:22:50 - Starting Servlet engine: [Apache Tomcat/10.1.34]
2025-03-22 18:22:50 - Initializing Spring embedded WebApplicationContext
2025-03-22 18:22:50 - Root WebApplicationContext: initialization completed in 1145 ms
2025-03-22 18:22:50 - HikariPool-1 - Starting...
2025-03-22 18:22:51 - HikariPool-1 - Added connection com.mysql.cj.jdbc.ConnectionImpl@691567ea
2025-03-22 18:22:51 - HikariPool-1 - Start completed.
2025-03-22 18:22:51 - HHH000204: Processing PersistenceUnitInfo [name: default]
2025-03-22 18:22:51 - HHH000412: Hibernate ORM core version 6.6.5.Final
2025-03-22 18:22:51 - HHH000026: Second-level cache disabled
2025-03-22 18:22:52 - No LoadTimeWeaver setup: ignoring JPA class transformer
2025-03-22 18:22:52 - HHH10001005: Database info:
	Database JDBC URL [Connecting through datasource 'HikariDataSource (HikariPool-1)']
	Database driver: undefined/unknown
	Database version: 8.0.40
	Autocommit mode: undefined/unknown
	Isolation level: undefined/unknown
	Minimum pool size: undefined/unknown
	Maximum pool size: undefined/unknown
2025-03-22 18:22:52 - HHH000489: No JTA platform available (set 'hibernate.transaction.jta.platform' to enable JTA platform integration)
2025-03-22 18:22:52 - Initialized JPA EntityManagerFactory for persistence unit 'default'
2025-03-22 18:22:52 - Starting ProtocolHandler ["http-nio-8080"]
2025-03-22 18:22:52 - Tomcat started on port 8080 (http) with context path '/'
2025-03-22 18:22:52 - Started AppStart in 3.506 seconds (process running for 3.925)
2025-03-22 18:24:06 - Initializing Spring DispatcherServlet 'dispatcherServlet'
2025-03-22 18:24:06 - Initializing Servlet 'dispatcherServlet'
2025-03-22 18:24:06 - Completed initialization in 1 ms
2025-03-22 18:24:06 -  log info 
2025-03-22 18:24:06 -  log info 
2025-03-22 18:24:46 -  log info 
2025-03-22 18:24:46 -  log info 
2025-03-22 18:29:54 -  log info 
2025-03-22 18:29:54 -  log info 
2025-03-22 18:54:46 - Starting AppStart using Java 17.0.12 with PID 2548 (C:\Users\ppo37\IdeaProjects\workplatform\build\classes\java\main started by ppo37 in C:\Users\ppo37\IdeaProjects\workplatform)
2025-03-22 18:54:46 - No active profile set, falling back to 1 default profile: "default"
2025-03-22 18:54:47 - Bootstrapping Spring Data JPA repositories in DEFAULT mode.
2025-03-22 18:54:47 - Finished Spring Data repository scanning in 15 ms. Found 0 JPA repository interfaces.
2025-03-22 18:54:47 - Tomcat initialized with port 8080 (http)
2025-03-22 18:54:47 - Initializing ProtocolHandler ["http-nio-8080"]
2025-03-22 18:54:47 - Starting service [Tomcat]
2025-03-22 18:54:47 - Starting Servlet engine: [Apache Tomcat/10.1.34]
2025-03-22 18:54:47 - Initializing Spring embedded WebApplicationContext
2025-03-22 18:54:47 - Root WebApplicationContext: initialization completed in 991 ms
2025-03-22 18:54:47 - HikariPool-1 - Starting...
2025-03-22 18:54:48 - HikariPool-1 - Added connection com.mysql.cj.jdbc.ConnectionImpl@de77146
2025-03-22 18:54:48 - HikariPool-1 - Start completed.
2025-03-22 18:54:48 - HHH000204: Processing PersistenceUnitInfo [name: default]
2025-03-22 18:54:48 - HHH000412: Hibernate ORM core version 6.6.5.Final
2025-03-22 18:54:48 - HHH000026: Second-level cache disabled
2025-03-22 18:54:48 - No LoadTimeWeaver setup: ignoring JPA class transformer
2025-03-22 18:54:48 - HHH10001005: Database info:
	Database JDBC URL [Connecting through datasource 'HikariDataSource (HikariPool-1)']
	Database driver: undefined/unknown
	Database version: 8.0.40
	Autocommit mode: undefined/unknown
	Isolation level: undefined/unknown
	Minimum pool size: undefined/unknown
	Maximum pool size: undefined/unknown
2025-03-22 18:54:49 - HHH000489: No JTA platform available (set 'hibernate.transaction.jta.platform' to enable JTA platform integration)
2025-03-22 18:54:49 - Initialized JPA EntityManagerFactory for persistence unit 'default'
2025-03-22 18:54:49 - Starting ProtocolHandler ["http-nio-8080"]
2025-03-22 18:54:49 - Tomcat started on port 8080 (http) with context path '/'
2025-03-22 18:54:49 - Started AppStart in 3.141 seconds (process running for 3.55)
2025-03-22 18:54:52 - Initializing Spring DispatcherServlet 'dispatcherServlet'
2025-03-22 18:54:52 - Initializing Servlet 'dispatcherServlet'
2025-03-22 18:54:52 - Completed initialization in 1 ms
2025-03-22 19:15:11 -  log info 
2025-03-22 19:15:11 -  log info 
2025-03-22 19:16:36 - Starting AppStart using Java 17.0.12 with PID 3904 (C:\Users\ppo37\IdeaProjects\workplatform\build\classes\java\main started by ppo37 in C:\Users\ppo37\IdeaProjects\workplatform)
2025-03-22 19:16:36 - No active profile set, falling back to 1 default profile: "default"
2025-03-22 19:16:37 - Bootstrapping Spring Data JPA repositories in DEFAULT mode.
2025-03-22 19:16:37 - Finished Spring Data repository scanning in 15 ms. Found 0 JPA repository interfaces.
2025-03-22 19:16:37 - Tomcat initialized with port 8080 (http)
2025-03-22 19:16:37 - Initializing ProtocolHandler ["http-nio-8080"]
2025-03-22 19:16:37 - Starting service [Tomcat]
2025-03-22 19:16:37 - Starting Servlet engine: [Apache Tomcat/10.1.34]
2025-03-22 19:16:37 - Initializing Spring embedded WebApplicationContext
2025-03-22 19:16:37 - Root WebApplicationContext: initialization completed in 981 ms
2025-03-22 19:16:37 - HikariPool-1 - Starting...
2025-03-22 19:16:38 - HikariPool-1 - Added connection com.mysql.cj.jdbc.ConnectionImpl@367d34c0
2025-03-22 19:16:38 - HikariPool-1 - Start completed.
2025-03-22 19:16:38 - HHH000204: Processing PersistenceUnitInfo [name: default]
2025-03-22 19:16:38 - HHH000412: Hibernate ORM core version 6.6.5.Final
2025-03-22 19:16:38 - HHH000026: Second-level cache disabled
2025-03-22 19:16:38 - No LoadTimeWeaver setup: ignoring JPA class transformer
2025-03-22 19:16:38 - HHH10001005: Database info:
	Database JDBC URL [Connecting through datasource 'HikariDataSource (HikariPool-1)']
	Database driver: undefined/unknown
	Database version: 8.0.40
	Autocommit mode: undefined/unknown
	Isolation level: undefined/unknown
	Minimum pool size: undefined/unknown
	Maximum pool size: undefined/unknown
2025-03-22 19:16:39 - HHH000489: No JTA platform available (set 'hibernate.transaction.jta.platform' to enable JTA platform integration)
2025-03-22 19:16:39 - Initialized JPA EntityManagerFactory for persistence unit 'default'
2025-03-22 19:16:39 - Starting ProtocolHandler ["http-nio-8080"]
2025-03-22 19:16:39 - Tomcat started on port 8080 (http) with context path '/'
2025-03-22 19:16:39 - Started AppStart in 3.114 seconds (process running for 3.532)
2025-03-22 19:16:41 - Initializing Spring DispatcherServlet 'dispatcherServlet'
2025-03-22 19:16:41 - Initializing Servlet 'dispatcherServlet'
2025-03-22 19:16:41 - Completed initialization in 0 ms
2025-03-22 19:18:15 -  log info 
2025-03-22 19:18:15 -  log info 
2025-03-22 19:35:02 -  log info 
2025-03-22 19:35:02 -  log info 
2025-03-22 19:37:16 -  log info 
2025-03-22 19:37:16 -  log info 
2025-03-22 19:42:24 -  log info 
2025-03-22 19:42:24 -  log info 
2025-03-22 19:42:48 -  log info 
2025-03-22 19:42:48 -  log info 
2025-03-22 19:49:13 -  log info 
2025-03-22 19:49:13 -  log info 
2025-03-22 19:53:40 -  log info 
2025-03-22 19:53:40 -  log info 
2025-03-22 19:56:25 -  log info 
2025-03-22 19:56:25 -  log info 
2025-03-22 19:57:01 -  log info 
2025-03-22 19:57:01 -  log info 
2025-03-22 19:58:08 -  log info 
2025-03-22 19:58:08 -  log info 
2025-03-22 19:59:28 -  log info 
2025-03-22 19:59:28 -  log info 
2025-03-22 20:01:40 -  log info 
2025-03-22 20:01:40 -  log info 
2025-03-22 20:01:42 -  log info 
2025-03-22 20:01:42 -  log info 
2025-03-22 20:02:02 -  log info 
2025-03-22 20:02:02 -  log info 
2025-03-22 20:06:25 -  log info 
2025-03-22 20:06:25 -  log info 
2025-03-22 20:09:44 -  log info 
2025-03-22 20:09:44 -  log info 
2025-03-22 20:10:34 -  log info 
2025-03-22 20:10:34 -  log info 
2025-03-22 20:10:41 -  log info 
2025-03-22 20:10:41 -  log info 
2025-03-22 20:13:53 -  log info 
2025-03-22 20:13:53 -  log info 
2025-03-22 20:21:22 -  log info 
2025-03-22 20:21:22 -  log info 
2025-03-22 20:25:47 -  log info 
2025-03-22 20:25:47 -  log info 
2025-03-22 20:27:16 -  log info 
2025-03-22 20:27:16 -  log info 
2025-03-22 20:27:17 -  log info 
2025-03-22 20:27:17 -  log info 
2025-03-22 20:27:55 -  log info 
2025-03-22 20:27:55 -  log info 
2025-03-22 20:29:14 -  log info 
2025-03-22 20:29:14 -  log info 
2025-03-22 20:29:21 -  log info 
2025-03-22 20:29:21 -  log info 
2025-03-22 20:30:53 -  log info 
2025-03-22 20:30:53 -  log info 
2025-03-22 20:34:01 -  log info 
2025-03-22 20:34:01 -  log info 
2025-03-22 20:57:48 - Starting AppStart using Java 17.0.12 with PID 13236 (C:\Users\ppo37\IdeaProjects\workplatform\build\classes\java\main started by ppo37 in C:\Users\ppo37\IdeaProjects\workplatform)
2025-03-22 20:57:48 - No active profile set, falling back to 1 default profile: "default"
2025-03-22 20:57:48 - Bootstrapping Spring Data JPA repositories in DEFAULT mode.
2025-03-22 20:57:48 - Finished Spring Data repository scanning in 15 ms. Found 0 JPA repository interfaces.
2025-03-22 20:57:49 - Tomcat initialized with port 8080 (http)
2025-03-22 20:57:49 - Initializing ProtocolHandler ["http-nio-8080"]
2025-03-22 20:57:49 - Starting service [Tomcat]
2025-03-22 20:57:49 - Starting Servlet engine: [Apache Tomcat/10.1.34]
2025-03-22 20:57:49 - Initializing Spring embedded WebApplicationContext
2025-03-22 20:57:49 - Root WebApplicationContext: initialization completed in 1110 ms
2025-03-22 20:57:49 - HikariPool-1 - Starting...
2025-03-22 20:57:49 - HikariPool-1 - Added connection com.mysql.cj.jdbc.ConnectionImpl@367d34c0
2025-03-22 20:57:49 - HikariPool-1 - Start completed.
2025-03-22 20:57:50 - HHH000204: Processing PersistenceUnitInfo [name: default]
2025-03-22 20:57:50 - HHH000412: Hibernate ORM core version 6.6.5.Final
2025-03-22 20:57:50 - HHH000026: Second-level cache disabled
2025-03-22 20:57:50 - No LoadTimeWeaver setup: ignoring JPA class transformer
2025-03-22 20:57:50 - HHH10001005: Database info:
	Database JDBC URL [Connecting through datasource 'HikariDataSource (HikariPool-1)']
	Database driver: undefined/unknown
	Database version: 8.0.40
	Autocommit mode: undefined/unknown
	Isolation level: undefined/unknown
	Minimum pool size: undefined/unknown
	Maximum pool size: undefined/unknown
2025-03-22 20:57:50 - HHH000489: No JTA platform available (set 'hibernate.transaction.jta.platform' to enable JTA platform integration)
2025-03-22 20:57:50 - Initialized JPA EntityManagerFactory for persistence unit 'default'
2025-03-22 20:57:51 - Starting ProtocolHandler ["http-nio-8080"]
2025-03-22 20:57:51 - Tomcat started on port 8080 (http) with context path '/'
2025-03-22 20:57:51 - Started AppStart in 3.561 seconds (process running for 4.009)
2025-03-22 20:57:52 - Initializing Spring DispatcherServlet 'dispatcherServlet'
2025-03-22 20:57:52 - Initializing Servlet 'dispatcherServlet'
2025-03-22 20:57:52 - Completed initialization in 0 ms
2025-03-22 20:58:06 -  log info 
2025-03-22 20:58:06 -  log info 
2025-03-22 20:58:20 -  log info 
2025-03-22 20:58:20 -  log info 
2025-03-22 20:58:45 -  log info 
2025-03-22 20:58:45 -  log info 
2025-03-22 21:03:30 -  log info 
2025-03-22 21:03:30 -  log info 
2025-03-22 21:03:51 -  log info 
2025-03-22 21:03:51 -  log info 
2025-03-22 21:03:57 -  log info 
2025-03-22 21:03:57 -  log info 
2025-03-22 21:07:29 -  log info 
2025-03-22 21:07:29 -  log info 
2025-03-22 21:17:35 - Starting AppStart using Java 17.0.12 with PID 3872 (C:\Users\ppo37\IdeaProjects\workplatform\build\classes\java\main started by ppo37 in C:\Users\ppo37\IdeaProjects\workplatform)
2025-03-22 21:17:35 - No active profile set, falling back to 1 default profile: "default"
2025-03-22 21:17:36 - Bootstrapping Spring Data JPA repositories in DEFAULT mode.
2025-03-22 21:17:36 - Finished Spring Data repository scanning in 17 ms. Found 0 JPA repository interfaces.
2025-03-22 21:17:36 - Tomcat initialized with port 8080 (http)
2025-03-22 21:17:36 - Initializing ProtocolHandler ["http-nio-8080"]
2025-03-22 21:17:36 - Starting service [Tomcat]
2025-03-22 21:17:36 - Starting Servlet engine: [Apache Tomcat/10.1.34]
2025-03-22 21:17:36 - Initializing Spring embedded WebApplicationContext
2025-03-22 21:17:36 - Root WebApplicationContext: initialization completed in 1071 ms
2025-03-22 21:17:36 - HikariPool-1 - Starting...
2025-03-22 21:17:37 - HikariPool-1 - Added connection com.mysql.cj.jdbc.ConnectionImpl@14de1901
2025-03-22 21:17:37 - HikariPool-1 - Start completed.
2025-03-22 21:17:37 - HHH000204: Processing PersistenceUnitInfo [name: default]
2025-03-22 21:17:37 - HHH000412: Hibernate ORM core version 6.6.5.Final
2025-03-22 21:17:37 - HHH000026: Second-level cache disabled
2025-03-22 21:17:38 - No LoadTimeWeaver setup: ignoring JPA class transformer
2025-03-22 21:17:38 - HHH10001005: Database info:
	Database JDBC URL [Connecting through datasource 'HikariDataSource (HikariPool-1)']
	Database driver: undefined/unknown
	Database version: 8.0.40
	Autocommit mode: undefined/unknown
	Isolation level: undefined/unknown
	Minimum pool size: undefined/unknown
	Maximum pool size: undefined/unknown
2025-03-22 21:17:38 - HHH000489: No JTA platform available (set 'hibernate.transaction.jta.platform' to enable JTA platform integration)
2025-03-22 21:17:38 - Initialized JPA EntityManagerFactory for persistence unit 'default'
2025-03-22 21:17:38 - Starting ProtocolHandler ["http-nio-8080"]
2025-03-22 21:17:38 - Tomcat started on port 8080 (http) with context path '/'
2025-03-22 21:17:38 - Started AppStart in 3.507 seconds (process running for 3.953)
2025-03-22 21:17:43 - Initializing Spring DispatcherServlet 'dispatcherServlet'
2025-03-22 21:17:43 - Initializing Servlet 'dispatcherServlet'
2025-03-22 21:17:43 - Completed initialization in 1 ms
2025-03-22 21:17:49 -  log info 
2025-03-22 21:17:49 -  log info 
2025-03-22 21:17:54 -  log info 
2025-03-22 21:17:54 -  log info 
2025-03-22 21:20:14 -  log info 
2025-03-22 21:20:14 -  log info 
2025-03-22 21:20:19 -  log info 
2025-03-22 21:20:19 -  log info 
2025-03-22 21:20:25 -  log info 
2025-03-22 21:20:25 -  log info 
2025-03-22 21:20:29 -  log info 
2025-03-22 21:20:29 -  log info 
2025-03-22 21:25:23 - Starting AppStart using Java 17.0.12 with PID 19792 (C:\Users\ppo37\IdeaProjects\workplatform\build\classes\java\main started by ppo37 in C:\Users\ppo37\IdeaProjects\workplatform)
2025-03-22 21:25:23 - No active profile set, falling back to 1 default profile: "default"
2025-03-22 21:25:23 - Bootstrapping Spring Data JPA repositories in DEFAULT mode.
2025-03-22 21:25:23 - Finished Spring Data repository scanning in 15 ms. Found 0 JPA repository interfaces.
2025-03-22 21:25:24 - Tomcat initialized with port 8080 (http)
2025-03-22 21:25:24 - Initializing ProtocolHandler ["http-nio-8080"]
2025-03-22 21:25:24 - Starting service [Tomcat]
2025-03-22 21:25:24 - Starting Servlet engine: [Apache Tomcat/10.1.34]
2025-03-22 21:25:24 - Initializing Spring embedded WebApplicationContext
2025-03-22 21:25:24 - Root WebApplicationContext: initialization completed in 1055 ms
2025-03-22 21:25:24 - HikariPool-1 - Starting...
2025-03-22 21:25:24 - HikariPool-1 - Added connection com.mysql.cj.jdbc.ConnectionImpl@6de7778f
2025-03-22 21:25:24 - HikariPool-1 - Start completed.
2025-03-22 21:25:25 - HHH000204: Processing PersistenceUnitInfo [name: default]
2025-03-22 21:25:25 - HHH000412: Hibernate ORM core version 6.6.5.Final
2025-03-22 21:25:25 - HHH000026: Second-level cache disabled
2025-03-22 21:25:25 - No LoadTimeWeaver setup: ignoring JPA class transformer
2025-03-22 21:25:25 - HHH10001005: Database info:
	Database JDBC URL [Connecting through datasource 'HikariDataSource (HikariPool-1)']
	Database driver: undefined/unknown
	Database version: 8.0.40
	Autocommit mode: undefined/unknown
	Isolation level: undefined/unknown
	Minimum pool size: undefined/unknown
	Maximum pool size: undefined/unknown
2025-03-22 21:25:25 - HHH000489: No JTA platform available (set 'hibernate.transaction.jta.platform' to enable JTA platform integration)
2025-03-22 21:25:25 - Initialized JPA EntityManagerFactory for persistence unit 'default'
2025-03-22 21:25:26 - Starting ProtocolHandler ["http-nio-8080"]
2025-03-22 21:25:26 - Tomcat started on port 8080 (http) with context path '/'
2025-03-22 21:25:26 - Started AppStart in 3.435 seconds (process running for 3.861)
2025-03-22 21:25:31 - Initializing Spring DispatcherServlet 'dispatcherServlet'
2025-03-22 21:25:31 - Initializing Servlet 'dispatcherServlet'
2025-03-22 21:25:31 - Completed initialization in 1 ms
2025-03-22 21:25:34 -  log info 
2025-03-22 21:25:34 -  log info 
2025-03-22 21:25:38 -  log info 
2025-03-22 21:25:38 -  log info 
2025-03-22 21:31:06 - Starting AppStart using Java 17.0.12 with PID 19860 (C:\Users\ppo37\IdeaProjects\workplatform\build\classes\java\main started by ppo37 in C:\Users\ppo37\IdeaProjects\workplatform)
2025-03-22 21:31:06 - No active profile set, falling back to 1 default profile: "default"
2025-03-22 21:31:06 - Bootstrapping Spring Data JPA repositories in DEFAULT mode.
2025-03-22 21:31:06 - Finished Spring Data repository scanning in 15 ms. Found 0 JPA repository interfaces.
2025-03-22 21:31:07 - Tomcat initialized with port 8080 (http)
2025-03-22 21:31:07 - Initializing ProtocolHandler ["http-nio-8080"]
2025-03-22 21:31:07 - Starting service [Tomcat]
2025-03-22 21:31:07 - Starting Servlet engine: [Apache Tomcat/10.1.34]
2025-03-22 21:31:07 - Initializing Spring embedded WebApplicationContext
2025-03-22 21:31:07 - Root WebApplicationContext: initialization completed in 1042 ms
2025-03-22 21:31:07 - HikariPool-1 - Starting...
2025-03-22 21:31:07 - HikariPool-1 - Added connection com.mysql.cj.jdbc.ConnectionImpl@de77146
2025-03-22 21:31:07 - HikariPool-1 - Start completed.
2025-03-22 21:31:08 - HHH000204: Processing PersistenceUnitInfo [name: default]
2025-03-22 21:31:08 - HHH000412: Hibernate ORM core version 6.6.5.Final
2025-03-22 21:31:08 - HHH000026: Second-level cache disabled
2025-03-22 21:31:08 - No LoadTimeWeaver setup: ignoring JPA class transformer
2025-03-22 21:31:08 - HHH10001005: Database info:
	Database JDBC URL [Connecting through datasource 'HikariDataSource (HikariPool-1)']
	Database driver: undefined/unknown
	Database version: 8.0.40
	Autocommit mode: undefined/unknown
	Isolation level: undefined/unknown
	Minimum pool size: undefined/unknown
	Maximum pool size: undefined/unknown
2025-03-22 21:31:08 - HHH000489: No JTA platform available (set 'hibernate.transaction.jta.platform' to enable JTA platform integration)
2025-03-22 21:31:08 - Initialized JPA EntityManagerFactory for persistence unit 'default'
2025-03-22 21:31:09 - Starting ProtocolHandler ["http-nio-8080"]
2025-03-22 21:31:09 - Tomcat started on port 8080 (http) with context path '/'
2025-03-22 21:31:09 - Started AppStart in 3.361 seconds (process running for 3.79)
2025-03-22 21:31:11 - Initializing Spring DispatcherServlet 'dispatcherServlet'
2025-03-22 21:31:11 - Initializing Servlet 'dispatcherServlet'
2025-03-22 21:31:11 - Completed initialization in 1 ms
2025-03-22 21:31:23 -  log info 
2025-03-22 21:31:23 -  log info 
2025-03-22 21:31:32 -  log info 
2025-03-22 21:31:32 -  log info 
2025-03-22 21:31:39 -  log info 
2025-03-22 21:31:39 -  log info 
2025-03-22 21:31:44 -  log info 
2025-03-22 21:31:44 -  log info 
2025-03-22 21:33:15 -  log info 
2025-03-22 21:33:15 -  log info 
2025-03-22 21:34:02 -  log info 
2025-03-22 21:34:02 -  log info 
2025-03-22 21:34:17 -  log info 
2025-03-22 21:34:17 -  log info 
2025-03-22 21:34:23 -  log info 
2025-03-22 21:34:23 -  log info 
2025-03-22 22:23:40 -  log info 
2025-03-22 22:23:40 -  log info 
2025-03-22 22:23:42 -  log info 
2025-03-22 22:23:42 -  log info 
2025-03-22 23:30:48 -  log info 
2025-03-22 23:30:48 -  log info 
2025-03-22 23:30:55 -  log info 
2025-03-22 23:30:55 -  log info 
2025-03-22 23:48:19 -  log info 
2025-03-22 23:48:19 -  log info 
2025-03-22 23:48:25 -  log info 
2025-03-22 23:48:25 -  log info 
